[0.127s] DEBUG:colcon:Command line arguments: ['/usr/bin/colcon', 'build']
[0.127s] DEBUG:colcon:Parsed command line arguments: Namespace(log_base=None, log_level=None, verb_name='build', build_base='build', install_base='install', merge_install=False, symlink_install=False, test_result_base=None, continue_on_error=False, executor='parallel', parallel_workers=12, event_handlers=None, ignore_user_meta=False, metas=['./colcon.meta'], base_paths=['.'], packages_ignore=None, packages_ignore_regex=None, paths=None, packages_up_to=None, packages_up_to_regex=None, packages_above=None, packages_above_and_dependencies=None, packages_above_depth=None, packages_select_by_dep=None, packages_skip_by_dep=None, packages_skip_up_to=None, packages_select_build_failed=False, packages_skip_build_finished=False, packages_select_test_failures=False, packages_skip_test_passed=False, packages_select=None, packages_skip=None, packages_select_regex=None, packages_skip_regex=None, packages_start=None, packages_end=None, allow_overriding=[], cmake_args=None, cmake_target=None, cmake_target_skip_unavailable=False, cmake_clean_cache=False, cmake_clean_first=False, cmake_force_configure=False, ament_cmake_args=None, catkin_cmake_args=None, catkin_skip_building_tests=False, mixin_files=None, mixin=None, verb_parser=<colcon_mixin.mixin.mixin_argument.MixinArgumentDecorator object at 0x791568e54dc0>, verb_extension=<colcon_core.verb.build.BuildVerb object at 0x791568fce470>, main=<bound method BuildVerb.main of <colcon_core.verb.build.BuildVerb object at 0x791568fce470>>, mixin_verb=('build',))
[0.273s] Level 1:colcon.colcon_core.package_discovery:discover_packages(colcon_meta) check parameters
[0.273s] Level 1:colcon.colcon_core.package_discovery:discover_packages(recursive) check parameters
[0.273s] Level 1:colcon.colcon_core.package_discovery:discover_packages(ignore) check parameters
[0.273s] Level 1:colcon.colcon_core.package_discovery:discover_packages(path) check parameters
[0.273s] Level 1:colcon.colcon_core.package_discovery:discover_packages(colcon_meta) discover
[0.273s] Level 1:colcon.colcon_core.package_discovery:discover_packages(recursive) discover
[0.273s] INFO:colcon.colcon_core.package_discovery:Crawling recursively for packages in '/home/electric/ros2_ws'
[0.274s] Level 1:colcon.colcon_core.package_identification:_identify(.) by extensions ['ignore', 'ignore_ament_install']
[0.274s] Level 1:colcon.colcon_core.package_identification:_identify(.) by extension 'ignore'
[0.274s] Level 1:colcon.colcon_core.package_identification:_identify(.) by extension 'ignore_ament_install'
[0.274s] Level 1:colcon.colcon_core.package_identification:_identify(.) by extensions ['colcon_pkg']
[0.274s] Level 1:colcon.colcon_core.package_identification:_identify(.) by extension 'colcon_pkg'
[0.274s] Level 1:colcon.colcon_core.package_identification:_identify(.) by extensions ['colcon_meta']
[0.274s] Level 1:colcon.colcon_core.package_identification:_identify(.) by extension 'colcon_meta'
[0.274s] Level 1:colcon.colcon_core.package_identification:_identify(.) by extensions ['ros']
[0.274s] Level 1:colcon.colcon_core.package_identification:_identify(.) by extension 'ros'
[0.285s] Level 1:colcon.colcon_core.package_identification:_identify(.) by extensions ['cmake', 'python']
[0.285s] Level 1:colcon.colcon_core.package_identification:_identify(.) by extension 'cmake'
[0.285s] Level 1:colcon.colcon_core.package_identification:_identify(.) by extension 'python'
[0.286s] Level 1:colcon.colcon_core.package_identification:_identify(.) by extensions ['python_setup_py']
[0.286s] Level 1:colcon.colcon_core.package_identification:_identify(.) by extension 'python_setup_py'
[0.286s] Level 1:colcon.colcon_core.package_identification:_identify(build) by extensions ['ignore', 'ignore_ament_install']
[0.286s] Level 1:colcon.colcon_core.package_identification:_identify(build) by extension 'ignore'
[0.286s] Level 1:colcon.colcon_core.package_identification:_identify(build) ignored
[0.286s] Level 1:colcon.colcon_core.package_identification:_identify(install) by extensions ['ignore', 'ignore_ament_install']
[0.286s] Level 1:colcon.colcon_core.package_identification:_identify(install) by extension 'ignore'
[0.286s] Level 1:colcon.colcon_core.package_identification:_identify(install) ignored
[0.286s] Level 1:colcon.colcon_core.package_identification:_identify(log) by extensions ['ignore', 'ignore_ament_install']
[0.286s] Level 1:colcon.colcon_core.package_identification:_identify(log) by extension 'ignore'
[0.286s] Level 1:colcon.colcon_core.package_identification:_identify(log) ignored
[0.286s] Level 1:colcon.colcon_core.package_identification:_identify(src) by extensions ['ignore', 'ignore_ament_install']
[0.286s] Level 1:colcon.colcon_core.package_identification:_identify(src) by extension 'ignore'
[0.286s] Level 1:colcon.colcon_core.package_identification:_identify(src) by extension 'ignore_ament_install'
[0.286s] Level 1:colcon.colcon_core.package_identification:_identify(src) by extensions ['colcon_pkg']
[0.286s] Level 1:colcon.colcon_core.package_identification:_identify(src) by extension 'colcon_pkg'
[0.286s] Level 1:colcon.colcon_core.package_identification:_identify(src) by extensions ['colcon_meta']
[0.286s] Level 1:colcon.colcon_core.package_identification:_identify(src) by extension 'colcon_meta'
[0.287s] Level 1:colcon.colcon_core.package_identification:_identify(src) by extensions ['ros']
[0.287s] Level 1:colcon.colcon_core.package_identification:_identify(src) by extension 'ros'
[0.287s] Level 1:colcon.colcon_core.package_identification:_identify(src) by extensions ['cmake', 'python']
[0.287s] Level 1:colcon.colcon_core.package_identification:_identify(src) by extension 'cmake'
[0.287s] Level 1:colcon.colcon_core.package_identification:_identify(src) by extension 'python'
[0.287s] Level 1:colcon.colcon_core.package_identification:_identify(src) by extensions ['python_setup_py']
[0.287s] Level 1:colcon.colcon_core.package_identification:_identify(src) by extension 'python_setup_py'
[0.287s] Level 1:colcon.colcon_core.package_identification:_identify(src/arm_controller) by extensions ['ignore', 'ignore_ament_install']
[0.287s] Level 1:colcon.colcon_core.package_identification:_identify(src/arm_controller) by extension 'ignore'
[0.287s] Level 1:colcon.colcon_core.package_identification:_identify(src/arm_controller) by extension 'ignore_ament_install'
[0.287s] Level 1:colcon.colcon_core.package_identification:_identify(src/arm_controller) by extensions ['colcon_pkg']
[0.287s] Level 1:colcon.colcon_core.package_identification:_identify(src/arm_controller) by extension 'colcon_pkg'
[0.287s] Level 1:colcon.colcon_core.package_identification:_identify(src/arm_controller) by extensions ['colcon_meta']
[0.287s] Level 1:colcon.colcon_core.package_identification:_identify(src/arm_controller) by extension 'colcon_meta'
[0.287s] Level 1:colcon.colcon_core.package_identification:_identify(src/arm_controller) by extensions ['ros']
[0.287s] Level 1:colcon.colcon_core.package_identification:_identify(src/arm_controller) by extension 'ros'
[0.297s] DEBUG:colcon.colcon_core.package_identification:Package 'src/arm_controller' with type 'ros.ament_cmake' and name 'arm_controller'
[0.297s] Level 1:colcon.colcon_core.package_identification:_identify(src/arm_desc) by extensions ['ignore', 'ignore_ament_install']
[0.297s] Level 1:colcon.colcon_core.package_identification:_identify(src/arm_desc) by extension 'ignore'
[0.297s] Level 1:colcon.colcon_core.package_identification:_identify(src/arm_desc) by extension 'ignore_ament_install'
[0.297s] Level 1:colcon.colcon_core.package_identification:_identify(src/arm_desc) by extensions ['colcon_pkg']
[0.298s] Level 1:colcon.colcon_core.package_identification:_identify(src/arm_desc) by extension 'colcon_pkg'
[0.298s] Level 1:colcon.colcon_core.package_identification:_identify(src/arm_desc) by extensions ['colcon_meta']
[0.298s] Level 1:colcon.colcon_core.package_identification:_identify(src/arm_desc) by extension 'colcon_meta'
[0.298s] Level 1:colcon.colcon_core.package_identification:_identify(src/arm_desc) by extensions ['ros']
[0.298s] Level 1:colcon.colcon_core.package_identification:_identify(src/arm_desc) by extension 'ros'
[0.300s] DEBUG:colcon.colcon_core.package_identification:Package 'src/arm_desc' with type 'ros.ament_cmake' and name 'arm_desc'
[0.300s] Level 1:colcon.colcon_core.package_identification:_identify(src/arm_py) by extensions ['ignore', 'ignore_ament_install']
[0.300s] Level 1:colcon.colcon_core.package_identification:_identify(src/arm_py) by extension 'ignore'
[0.300s] Level 1:colcon.colcon_core.package_identification:_identify(src/arm_py) by extension 'ignore_ament_install'
[0.300s] Level 1:colcon.colcon_core.package_identification:_identify(src/arm_py) by extensions ['colcon_pkg']
[0.300s] Level 1:colcon.colcon_core.package_identification:_identify(src/arm_py) by extension 'colcon_pkg'
[0.300s] Level 1:colcon.colcon_core.package_identification:_identify(src/arm_py) by extensions ['colcon_meta']
[0.300s] Level 1:colcon.colcon_core.package_identification:_identify(src/arm_py) by extension 'colcon_meta'
[0.301s] Level 1:colcon.colcon_core.package_identification:_identify(src/arm_py) by extensions ['ros']
[0.301s] Level 1:colcon.colcon_core.package_identification:_identify(src/arm_py) by extension 'ros'
[0.301s] DEBUG:colcon.colcon_core.package_identification:Package 'src/arm_py' with type 'ros.ament_python' and name 'arm_py'
[0.301s] Level 1:colcon.colcon_core.package_identification:_identify(src/build) by extensions ['ignore', 'ignore_ament_install']
[0.301s] Level 1:colcon.colcon_core.package_identification:_identify(src/build) by extension 'ignore'
[0.301s] Level 1:colcon.colcon_core.package_identification:_identify(src/build) ignored
[0.302s] Level 1:colcon.colcon_core.package_identification:_identify(src/install) by extensions ['ignore', 'ignore_ament_install']
[0.302s] Level 1:colcon.colcon_core.package_identification:_identify(src/install) by extension 'ignore'
[0.302s] Level 1:colcon.colcon_core.package_identification:_identify(src/install) ignored
[0.302s] Level 1:colcon.colcon_core.package_identification:_identify(src/log) by extensions ['ignore', 'ignore_ament_install']
[0.302s] Level 1:colcon.colcon_core.package_identification:_identify(src/log) by extension 'ignore'
[0.302s] Level 1:colcon.colcon_core.package_identification:_identify(src/log) ignored
[0.302s] Level 1:colcon.colcon_core.package_discovery:discover_packages(recursive) using defaults
[0.302s] Level 1:colcon.colcon_core.package_discovery:discover_packages(ignore) discover
[0.302s] Level 1:colcon.colcon_core.package_discovery:discover_packages(ignore) using defaults
[0.302s] Level 1:colcon.colcon_core.package_discovery:discover_packages(path) discover
[0.302s] Level 1:colcon.colcon_core.package_discovery:discover_packages(path) using defaults
[0.341s] Level 1:colcon.colcon_core.package_discovery:discover_packages(prefix_path) check parameters
[0.341s] Level 1:colcon.colcon_core.package_discovery:discover_packages(prefix_path) discover
[0.343s] DEBUG:colcon.colcon_installed_package_information.package_discovery:Found 4 installed packages in /home/electric/ros2_ws/install
[0.345s] DEBUG:colcon.colcon_installed_package_information.package_discovery:Found 282 installed packages in /opt/ros/humble
[0.346s] Level 1:colcon.colcon_core.package_discovery:discover_packages(prefix_path) using defaults
[0.378s] Level 5:colcon.colcon_core.verb:set package 'arm_controller' build argument 'cmake_args' from command line to 'None'
[0.378s] Level 5:colcon.colcon_core.verb:set package 'arm_controller' build argument 'cmake_target' from command line to 'None'
[0.379s] Level 5:colcon.colcon_core.verb:set package 'arm_controller' build argument 'cmake_target_skip_unavailable' from command line to 'False'
[0.379s] Level 5:colcon.colcon_core.verb:set package 'arm_controller' build argument 'cmake_clean_cache' from command line to 'False'
[0.379s] Level 5:colcon.colcon_core.verb:set package 'arm_controller' build argument 'cmake_clean_first' from command line to 'False'
[0.379s] Level 5:colcon.colcon_core.verb:set package 'arm_controller' build argument 'cmake_force_configure' from command line to 'False'
[0.379s] Level 5:colcon.colcon_core.verb:set package 'arm_controller' build argument 'ament_cmake_args' from command line to 'None'
[0.379s] Level 5:colcon.colcon_core.verb:set package 'arm_controller' build argument 'catkin_cmake_args' from command line to 'None'
[0.379s] Level 5:colcon.colcon_core.verb:set package 'arm_controller' build argument 'catkin_skip_building_tests' from command line to 'False'
[0.379s] DEBUG:colcon.colcon_core.verb:Building package 'arm_controller' with the following arguments: {'ament_cmake_args': None, 'build_base': '/home/electric/ros2_ws/build/arm_controller', 'catkin_cmake_args': None, 'catkin_skip_building_tests': False, 'cmake_args': None, 'cmake_clean_cache': False, 'cmake_clean_first': False, 'cmake_force_configure': False, 'cmake_target': None, 'cmake_target_skip_unavailable': False, 'install_base': '/home/electric/ros2_ws/install/arm_controller', 'merge_install': False, 'path': '/home/electric/ros2_ws/src/arm_controller', 'symlink_install': False, 'test_result_base': None}
[0.379s] Level 5:colcon.colcon_core.verb:set package 'arm_desc' build argument 'cmake_args' from command line to 'None'
[0.379s] Level 5:colcon.colcon_core.verb:set package 'arm_desc' build argument 'cmake_target' from command line to 'None'
[0.379s] Level 5:colcon.colcon_core.verb:set package 'arm_desc' build argument 'cmake_target_skip_unavailable' from command line to 'False'
[0.379s] Level 5:colcon.colcon_core.verb:set package 'arm_desc' build argument 'cmake_clean_cache' from command line to 'False'
[0.379s] Level 5:colcon.colcon_core.verb:set package 'arm_desc' build argument 'cmake_clean_first' from command line to 'False'
[0.379s] Level 5:colcon.colcon_core.verb:set package 'arm_desc' build argument 'cmake_force_configure' from command line to 'False'
[0.379s] Level 5:colcon.colcon_core.verb:set package 'arm_desc' build argument 'ament_cmake_args' from command line to 'None'
[0.379s] Level 5:colcon.colcon_core.verb:set package 'arm_desc' build argument 'catkin_cmake_args' from command line to 'None'
[0.379s] Level 5:colcon.colcon_core.verb:set package 'arm_desc' build argument 'catkin_skip_building_tests' from command line to 'False'
[0.379s] DEBUG:colcon.colcon_core.verb:Building package 'arm_desc' with the following arguments: {'ament_cmake_args': None, 'build_base': '/home/electric/ros2_ws/build/arm_desc', 'catkin_cmake_args': None, 'catkin_skip_building_tests': False, 'cmake_args': None, 'cmake_clean_cache': False, 'cmake_clean_first': False, 'cmake_force_configure': False, 'cmake_target': None, 'cmake_target_skip_unavailable': False, 'install_base': '/home/electric/ros2_ws/install/arm_desc', 'merge_install': False, 'path': '/home/electric/ros2_ws/src/arm_desc', 'symlink_install': False, 'test_result_base': None}
[0.379s] Level 5:colcon.colcon_core.verb:set package 'arm_py' build argument 'cmake_args' from command line to 'None'
[0.379s] Level 5:colcon.colcon_core.verb:set package 'arm_py' build argument 'cmake_target' from command line to 'None'
[0.379s] Level 5:colcon.colcon_core.verb:set package 'arm_py' build argument 'cmake_target_skip_unavailable' from command line to 'False'
[0.380s] Level 5:colcon.colcon_core.verb:set package 'arm_py' build argument 'cmake_clean_cache' from command line to 'False'
[0.380s] Level 5:colcon.colcon_core.verb:set package 'arm_py' build argument 'cmake_clean_first' from command line to 'False'
[0.380s] Level 5:colcon.colcon_core.verb:set package 'arm_py' build argument 'cmake_force_configure' from command line to 'False'
[0.380s] Level 5:colcon.colcon_core.verb:set package 'arm_py' build argument 'ament_cmake_args' from command line to 'None'
[0.380s] Level 5:colcon.colcon_core.verb:set package 'arm_py' build argument 'catkin_cmake_args' from command line to 'None'
[0.380s] Level 5:colcon.colcon_core.verb:set package 'arm_py' build argument 'catkin_skip_building_tests' from command line to 'False'
[0.380s] DEBUG:colcon.colcon_core.verb:Building package 'arm_py' with the following arguments: {'ament_cmake_args': None, 'build_base': '/home/electric/ros2_ws/build/arm_py', 'catkin_cmake_args': None, 'catkin_skip_building_tests': False, 'cmake_args': None, 'cmake_clean_cache': False, 'cmake_clean_first': False, 'cmake_force_configure': False, 'cmake_target': None, 'cmake_target_skip_unavailable': False, 'install_base': '/home/electric/ros2_ws/install/arm_py', 'merge_install': False, 'path': '/home/electric/ros2_ws/src/arm_py', 'symlink_install': False, 'test_result_base': None}
[0.380s] INFO:colcon.colcon_core.executor:Executing jobs using 'parallel' executor
[0.381s] DEBUG:colcon.colcon_parallel_executor.executor.parallel:run_until_complete
[0.381s] INFO:colcon.colcon_ros.task.ament_cmake.build:Building ROS package in '/home/electric/ros2_ws/src/arm_controller' with build type 'ament_cmake'
[0.381s] INFO:colcon.colcon_cmake.task.cmake.build:Building CMake package in '/home/electric/ros2_ws/src/arm_controller'
[0.385s] INFO:colcon.colcon_core.plugin_system:Skipping extension 'colcon_core.shell.bat': Not used on non-Windows systems
[0.385s] INFO:colcon.colcon_core.shell:Skip shell extension 'powershell' for command environment: Not usable outside of PowerShell
[0.385s] DEBUG:colcon.colcon_core.shell:Skip shell extension 'dsv' for command environment
[0.389s] INFO:colcon.colcon_ros.task.ament_cmake.build:Building ROS package in '/home/electric/ros2_ws/src/arm_desc' with build type 'ament_cmake'
[0.389s] INFO:colcon.colcon_cmake.task.cmake.build:Building CMake package in '/home/electric/ros2_ws/src/arm_desc'
[0.389s] INFO:colcon.colcon_core.shell:Skip shell extension 'powershell' for command environment: Not usable outside of PowerShell
[0.389s] DEBUG:colcon.colcon_core.shell:Skip shell extension 'dsv' for command environment
[0.392s] INFO:colcon.colcon_ros.task.ament_python.build:Building ROS package in '/home/electric/ros2_ws/src/arm_py' with build type 'ament_python'
[0.392s] Level 1:colcon.colcon_core.shell:create_environment_hook('arm_py', 'ament_prefix_path')
[0.393s] INFO:colcon.colcon_core.shell:Creating environment hook '/home/electric/ros2_ws/install/arm_py/share/arm_py/hook/ament_prefix_path.ps1'
[0.394s] INFO:colcon.colcon_core.shell:Creating environment descriptor '/home/electric/ros2_ws/install/arm_py/share/arm_py/hook/ament_prefix_path.dsv'
[0.394s] INFO:colcon.colcon_core.shell:Creating environment hook '/home/electric/ros2_ws/install/arm_py/share/arm_py/hook/ament_prefix_path.sh'
[0.395s] INFO:colcon.colcon_core.shell:Skip shell extension 'powershell' for command environment: Not usable outside of PowerShell
[0.396s] DEBUG:colcon.colcon_core.shell:Skip shell extension 'dsv' for command environment
[0.405s] DEBUG:colcon.colcon_core.event_handler.log_command:Invoking command in '/home/electric/ros2_ws/build/arm_controller': CMAKE_PREFIX_PATH=${CMAKE_PREFIX_PATH}:/home/electric/ros2_ws/install/arm_py:/opt/ros/humble /usr/bin/cmake --build /home/electric/ros2_ws/build/arm_controller -- -j12 -l12
[0.409s] DEBUG:colcon.colcon_core.event_handler.log_command:Invoking command in '/home/electric/ros2_ws/build/arm_desc': CMAKE_PREFIX_PATH=${CMAKE_PREFIX_PATH}:/home/electric/ros2_ws/install/arm_py:/opt/ros/humble /usr/bin/cmake --build /home/electric/ros2_ws/build/arm_desc -- -j12 -l12
[0.631s] INFO:colcon.colcon_core.task.python.build:Building Python package in '/home/electric/ros2_ws/src/arm_py'
[0.631s] INFO:colcon.colcon_core.shell:Skip shell extension 'powershell' for command environment: Not usable outside of PowerShell
[0.631s] DEBUG:colcon.colcon_core.shell:Skip shell extension 'dsv' for command environment
[0.637s] DEBUG:colcon.colcon_core.event_handler.log_command:Invoked command in '/home/electric/ros2_ws/build/arm_desc' returned '0': CMAKE_PREFIX_PATH=${CMAKE_PREFIX_PATH}:/home/electric/ros2_ws/install/arm_py:/opt/ros/humble /usr/bin/cmake --build /home/electric/ros2_ws/build/arm_desc -- -j12 -l12
[0.649s] DEBUG:colcon.colcon_core.event_handler.log_command:Invoking command in '/home/electric/ros2_ws/build/arm_desc': CMAKE_PREFIX_PATH=${CMAKE_PREFIX_PATH}:/home/electric/ros2_ws/install/arm_py:/opt/ros/humble /usr/bin/cmake --install /home/electric/ros2_ws/build/arm_desc
[0.649s] DEBUG:colcon.colcon_core.event_handler.log_command:Invoked command in '/home/electric/ros2_ws/build/arm_controller' returned '0': CMAKE_PREFIX_PATH=${CMAKE_PREFIX_PATH}:/home/electric/ros2_ws/install/arm_py:/opt/ros/humble /usr/bin/cmake --build /home/electric/ros2_ws/build/arm_controller -- -j12 -l12
[0.650s] DEBUG:colcon.colcon_core.event_handler.log_command:Invoking command in '/home/electric/ros2_ws/build/arm_controller': CMAKE_PREFIX_PATH=${CMAKE_PREFIX_PATH}:/home/electric/ros2_ws/install/arm_py:/opt/ros/humble /usr/bin/cmake --install /home/electric/ros2_ws/build/arm_controller
[0.662s] Level 1:colcon.colcon_core.environment:create_environment_scripts_only(arm_controller)
[0.663s] DEBUG:colcon.colcon_core.event_handler.log_command:Invoked command in '/home/electric/ros2_ws/build/arm_controller' returned '0': CMAKE_PREFIX_PATH=${CMAKE_PREFIX_PATH}:/home/electric/ros2_ws/install/arm_py:/opt/ros/humble /usr/bin/cmake --install /home/electric/ros2_ws/build/arm_controller
[0.673s] Level 1:colcon.colcon_core.environment:checking '/home/electric/ros2_ws/install/arm_controller' for CMake module files
[0.675s] Level 1:colcon.colcon_core.environment:checking '/home/electric/ros2_ws/install/arm_controller' for CMake config files
[0.675s] Level 1:colcon.colcon_core.shell:create_environment_hook('arm_controller', 'cmake_prefix_path')
[0.676s] INFO:colcon.colcon_core.shell:Creating environment hook '/home/electric/ros2_ws/install/arm_controller/share/arm_controller/hook/cmake_prefix_path.ps1'
[0.677s] INFO:colcon.colcon_core.shell:Creating environment descriptor '/home/electric/ros2_ws/install/arm_controller/share/arm_controller/hook/cmake_prefix_path.dsv'
[0.677s] INFO:colcon.colcon_core.shell:Creating environment hook '/home/electric/ros2_ws/install/arm_controller/share/arm_controller/hook/cmake_prefix_path.sh'
[0.678s] Level 1:colcon.colcon_core.environment:checking '/home/electric/ros2_ws/install/arm_controller/bin'
[0.678s] Level 1:colcon.colcon_core.environment:checking '/home/electric/ros2_ws/install/arm_controller/lib/pkgconfig/arm_controller.pc'
[0.678s] Level 1:colcon.colcon_core.environment:checking '/home/electric/ros2_ws/install/arm_controller/lib/python3.10/site-packages'
[0.679s] Level 1:colcon.colcon_core.environment:checking '/home/electric/ros2_ws/install/arm_controller/bin'
[0.679s] INFO:colcon.colcon_core.shell:Creating package script '/home/electric/ros2_ws/install/arm_controller/share/arm_controller/package.ps1'
[0.680s] INFO:colcon.colcon_core.shell:Creating package descriptor '/home/electric/ros2_ws/install/arm_controller/share/arm_controller/package.dsv'
[0.681s] INFO:colcon.colcon_core.shell:Creating package script '/home/electric/ros2_ws/install/arm_controller/share/arm_controller/package.sh'
[0.682s] INFO:colcon.colcon_core.shell:Creating package script '/home/electric/ros2_ws/install/arm_controller/share/arm_controller/package.bash'
[0.683s] INFO:colcon.colcon_core.shell:Creating package script '/home/electric/ros2_ws/install/arm_controller/share/arm_controller/package.zsh'
[0.684s] Level 1:colcon.colcon_core.environment:create_file_with_runtime_dependencies(/home/electric/ros2_ws/install/arm_controller/share/colcon-core/packages/arm_controller)
[0.685s] Level 1:colcon.colcon_core.environment:create_environment_scripts_only(arm_controller)
[0.685s] Level 1:colcon.colcon_core.environment:checking '/home/electric/ros2_ws/install/arm_controller' for CMake module files
[0.685s] Level 1:colcon.colcon_core.environment:checking '/home/electric/ros2_ws/install/arm_controller' for CMake config files
[0.686s] Level 1:colcon.colcon_core.shell:create_environment_hook('arm_controller', 'cmake_prefix_path')
[0.686s] INFO:colcon.colcon_core.shell:Creating environment hook '/home/electric/ros2_ws/install/arm_controller/share/arm_controller/hook/cmake_prefix_path.ps1'
[0.687s] INFO:colcon.colcon_core.shell:Creating environment descriptor '/home/electric/ros2_ws/install/arm_controller/share/arm_controller/hook/cmake_prefix_path.dsv'
[0.687s] INFO:colcon.colcon_core.shell:Creating environment hook '/home/electric/ros2_ws/install/arm_controller/share/arm_controller/hook/cmake_prefix_path.sh'
[0.688s] Level 1:colcon.colcon_core.environment:checking '/home/electric/ros2_ws/install/arm_controller/bin'
[0.688s] Level 1:colcon.colcon_core.environment:checking '/home/electric/ros2_ws/install/arm_controller/lib/pkgconfig/arm_controller.pc'
[0.688s] Level 1:colcon.colcon_core.environment:checking '/home/electric/ros2_ws/install/arm_controller/lib/python3.10/site-packages'
[0.688s] Level 1:colcon.colcon_core.environment:checking '/home/electric/ros2_ws/install/arm_controller/bin'
[0.688s] INFO:colcon.colcon_core.shell:Creating package script '/home/electric/ros2_ws/install/arm_controller/share/arm_controller/package.ps1'
[0.689s] INFO:colcon.colcon_core.shell:Creating package descriptor '/home/electric/ros2_ws/install/arm_controller/share/arm_controller/package.dsv'
[0.690s] INFO:colcon.colcon_core.shell:Creating package script '/home/electric/ros2_ws/install/arm_controller/share/arm_controller/package.sh'
[0.690s] INFO:colcon.colcon_core.shell:Creating package script '/home/electric/ros2_ws/install/arm_controller/share/arm_controller/package.bash'
[0.691s] INFO:colcon.colcon_core.shell:Creating package script '/home/electric/ros2_ws/install/arm_controller/share/arm_controller/package.zsh'
[0.692s] Level 1:colcon.colcon_core.environment:create_file_with_runtime_dependencies(/home/electric/ros2_ws/install/arm_controller/share/colcon-core/packages/arm_controller)
[0.694s] Level 1:colcon.colcon_core.environment:create_environment_scripts_only(arm_desc)
[0.694s] DEBUG:colcon.colcon_core.event_handler.log_command:Invoked command in '/home/electric/ros2_ws/build/arm_desc' returned '0': CMAKE_PREFIX_PATH=${CMAKE_PREFIX_PATH}:/home/electric/ros2_ws/install/arm_py:/opt/ros/humble /usr/bin/cmake --install /home/electric/ros2_ws/build/arm_desc
[0.694s] Level 1:colcon.colcon_core.environment:checking '/home/electric/ros2_ws/install/arm_desc' for CMake module files
[0.695s] Level 1:colcon.colcon_core.environment:checking '/home/electric/ros2_ws/install/arm_desc' for CMake config files
[0.696s] Level 1:colcon.colcon_core.shell:create_environment_hook('arm_desc', 'cmake_prefix_path')
[0.696s] INFO:colcon.colcon_core.shell:Creating environment hook '/home/electric/ros2_ws/install/arm_desc/share/arm_desc/hook/cmake_prefix_path.ps1'
[0.697s] INFO:colcon.colcon_core.shell:Creating environment descriptor '/home/electric/ros2_ws/install/arm_desc/share/arm_desc/hook/cmake_prefix_path.dsv'
[0.698s] INFO:colcon.colcon_core.shell:Creating environment hook '/home/electric/ros2_ws/install/arm_desc/share/arm_desc/hook/cmake_prefix_path.sh'
[0.699s] Level 1:colcon.colcon_core.environment:checking '/home/electric/ros2_ws/install/arm_desc/bin'
[0.699s] Level 1:colcon.colcon_core.environment:checking '/home/electric/ros2_ws/install/arm_desc/lib/pkgconfig/arm_desc.pc'
[0.699s] Level 1:colcon.colcon_core.environment:checking '/home/electric/ros2_ws/install/arm_desc/lib/python3.10/site-packages'
[0.699s] Level 1:colcon.colcon_core.environment:checking '/home/electric/ros2_ws/install/arm_desc/bin'
[0.700s] INFO:colcon.colcon_core.shell:Creating package script '/home/electric/ros2_ws/install/arm_desc/share/arm_desc/package.ps1'
[0.701s] INFO:colcon.colcon_core.shell:Creating package descriptor '/home/electric/ros2_ws/install/arm_desc/share/arm_desc/package.dsv'
[0.701s] INFO:colcon.colcon_core.shell:Creating package script '/home/electric/ros2_ws/install/arm_desc/share/arm_desc/package.sh'
[0.702s] INFO:colcon.colcon_core.shell:Creating package script '/home/electric/ros2_ws/install/arm_desc/share/arm_desc/package.bash'
[0.703s] INFO:colcon.colcon_core.shell:Creating package script '/home/electric/ros2_ws/install/arm_desc/share/arm_desc/package.zsh'
[0.704s] Level 1:colcon.colcon_core.environment:create_file_with_runtime_dependencies(/home/electric/ros2_ws/install/arm_desc/share/colcon-core/packages/arm_desc)
[0.705s] Level 1:colcon.colcon_core.environment:create_environment_scripts_only(arm_desc)
[0.706s] Level 1:colcon.colcon_core.environment:checking '/home/electric/ros2_ws/install/arm_desc' for CMake module files
[0.706s] Level 1:colcon.colcon_core.environment:checking '/home/electric/ros2_ws/install/arm_desc' for CMake config files
[0.707s] Level 1:colcon.colcon_core.shell:create_environment_hook('arm_desc', 'cmake_prefix_path')
[0.707s] INFO:colcon.colcon_core.shell:Creating environment hook '/home/electric/ros2_ws/install/arm_desc/share/arm_desc/hook/cmake_prefix_path.ps1'
[0.708s] INFO:colcon.colcon_core.shell:Creating environment descriptor '/home/electric/ros2_ws/install/arm_desc/share/arm_desc/hook/cmake_prefix_path.dsv'
[0.709s] INFO:colcon.colcon_core.shell:Creating environment hook '/home/electric/ros2_ws/install/arm_desc/share/arm_desc/hook/cmake_prefix_path.sh'
[0.710s] Level 1:colcon.colcon_core.environment:checking '/home/electric/ros2_ws/install/arm_desc/bin'
[0.710s] Level 1:colcon.colcon_core.environment:checking '/home/electric/ros2_ws/install/arm_desc/lib/pkgconfig/arm_desc.pc'
[0.710s] Level 1:colcon.colcon_core.environment:checking '/home/electric/ros2_ws/install/arm_desc/lib/python3.10/site-packages'
[0.710s] Level 1:colcon.colcon_core.environment:checking '/home/electric/ros2_ws/install/arm_desc/bin'
[0.710s] INFO:colcon.colcon_core.shell:Creating package script '/home/electric/ros2_ws/install/arm_desc/share/arm_desc/package.ps1'
[0.711s] INFO:colcon.colcon_core.shell:Creating package descriptor '/home/electric/ros2_ws/install/arm_desc/share/arm_desc/package.dsv'
[0.711s] INFO:colcon.colcon_core.shell:Creating package script '/home/electric/ros2_ws/install/arm_desc/share/arm_desc/package.sh'
[0.712s] INFO:colcon.colcon_core.shell:Creating package script '/home/electric/ros2_ws/install/arm_desc/share/arm_desc/package.bash'
[0.712s] INFO:colcon.colcon_core.shell:Creating package script '/home/electric/ros2_ws/install/arm_desc/share/arm_desc/package.zsh'
[0.712s] Level 1:colcon.colcon_core.environment:create_file_with_runtime_dependencies(/home/electric/ros2_ws/install/arm_desc/share/colcon-core/packages/arm_desc)
[0.993s] DEBUG:colcon.colcon_core.event_handler.log_command:Invoking command in '/home/electric/ros2_ws/src/arm_py': PYTHONPATH=/home/electric/ros2_ws/build/arm_py/prefix_override:/usr/lib/python3/dist-packages/colcon_core/task/python/colcon_distutils_commands:/home/electric/ros2_ws/install/arm_py/lib/python3.10/site-packages:${PYTHONPATH} /usr/bin/python3 -W ignore:setup.py install is deprecated -W ignore:easy_install command is deprecated setup.py egg_info --egg-base ../../build/arm_py build --build-base /home/electric/ros2_ws/build/arm_py/build install --record /home/electric/ros2_ws/build/arm_py/install.log --single-version-externally-managed install_data
[1.254s] Level 1:colcon.colcon_core.environment:checking '/home/electric/ros2_ws/install/arm_py' for CMake module files
[1.255s] DEBUG:colcon.colcon_core.event_handler.log_command:Invoked command in '/home/electric/ros2_ws/src/arm_py' returned '0': PYTHONPATH=/home/electric/ros2_ws/build/arm_py/prefix_override:/usr/lib/python3/dist-packages/colcon_core/task/python/colcon_distutils_commands:/home/electric/ros2_ws/install/arm_py/lib/python3.10/site-packages:${PYTHONPATH} /usr/bin/python3 -W ignore:setup.py install is deprecated -W ignore:easy_install command is deprecated setup.py egg_info --egg-base ../../build/arm_py build --build-base /home/electric/ros2_ws/build/arm_py/build install --record /home/electric/ros2_ws/build/arm_py/install.log --single-version-externally-managed install_data
[1.255s] Level 1:colcon.colcon_core.environment:checking '/home/electric/ros2_ws/install/arm_py' for CMake config files
[1.256s] Level 1:colcon.colcon_core.environment:checking '/home/electric/ros2_ws/install/arm_py/lib'
[1.256s] Level 1:colcon.colcon_core.environment:checking '/home/electric/ros2_ws/install/arm_py/bin'
[1.257s] Level 1:colcon.colcon_core.environment:checking '/home/electric/ros2_ws/install/arm_py/lib/pkgconfig/arm_py.pc'
[1.257s] Level 1:colcon.colcon_core.environment:checking '/home/electric/ros2_ws/install/arm_py/lib/python3.10/site-packages'
[1.257s] Level 1:colcon.colcon_core.shell:create_environment_hook('arm_py', 'pythonpath')
[1.257s] INFO:colcon.colcon_core.shell:Creating environment hook '/home/electric/ros2_ws/install/arm_py/share/arm_py/hook/pythonpath.ps1'
[1.258s] INFO:colcon.colcon_core.shell:Creating environment descriptor '/home/electric/ros2_ws/install/arm_py/share/arm_py/hook/pythonpath.dsv'
[1.259s] INFO:colcon.colcon_core.shell:Creating environment hook '/home/electric/ros2_ws/install/arm_py/share/arm_py/hook/pythonpath.sh'
[1.260s] Level 1:colcon.colcon_core.environment:checking '/home/electric/ros2_ws/install/arm_py/bin'
[1.260s] Level 1:colcon.colcon_core.environment:create_environment_scripts_only(arm_py)
[1.261s] INFO:colcon.colcon_core.shell:Creating package script '/home/electric/ros2_ws/install/arm_py/share/arm_py/package.ps1'
[1.261s] INFO:colcon.colcon_core.shell:Creating package descriptor '/home/electric/ros2_ws/install/arm_py/share/arm_py/package.dsv'
[1.262s] INFO:colcon.colcon_core.shell:Creating package script '/home/electric/ros2_ws/install/arm_py/share/arm_py/package.sh'
[1.263s] INFO:colcon.colcon_core.shell:Creating package script '/home/electric/ros2_ws/install/arm_py/share/arm_py/package.bash'
[1.264s] INFO:colcon.colcon_core.shell:Creating package script '/home/electric/ros2_ws/install/arm_py/share/arm_py/package.zsh'
[1.264s] Level 1:colcon.colcon_core.environment:create_file_with_runtime_dependencies(/home/electric/ros2_ws/install/arm_py/share/colcon-core/packages/arm_py)
[1.265s] DEBUG:colcon.colcon_parallel_executor.executor.parallel:closing loop
[1.266s] DEBUG:colcon.colcon_parallel_executor.executor.parallel:loop closed
[1.266s] DEBUG:colcon.colcon_parallel_executor.executor.parallel:run_until_complete finished with '0'
[1.266s] DEBUG:colcon.colcon_core.event_reactor:joining thread
[1.270s] INFO:colcon.colcon_core.plugin_system:Skipping extension 'colcon_notification.desktop_notification.notify_send': Could not find 'notify-send'
[1.271s] INFO:colcon.colcon_core.plugin_system:Skipping extension 'colcon_notification.desktop_notification.terminal_notifier': Not used on non-Darwin systems
[1.271s] INFO:colcon.colcon_core.plugin_system:Skipping extension 'colcon_notification.desktop_notification.win32': Not used on non-Windows systems
[1.271s] INFO:colcon.colcon_notification.desktop_notification:Sending desktop notification using 'notify2'
[1.296s] DEBUG:colcon.colcon_core.event_reactor:joined thread
[1.297s] INFO:colcon.colcon_core.shell:Creating prefix script '/home/electric/ros2_ws/install/local_setup.ps1'
[1.299s] INFO:colcon.colcon_core.shell:Creating prefix util module '/home/electric/ros2_ws/install/_local_setup_util_ps1.py'
[1.301s] INFO:colcon.colcon_core.shell:Creating prefix chain script '/home/electric/ros2_ws/install/setup.ps1'
[1.304s] INFO:colcon.colcon_core.shell:Creating prefix script '/home/electric/ros2_ws/install/local_setup.sh'
[1.305s] INFO:colcon.colcon_core.shell:Creating prefix util module '/home/electric/ros2_ws/install/_local_setup_util_sh.py'
[1.305s] INFO:colcon.colcon_core.shell:Creating prefix chain script '/home/electric/ros2_ws/install/setup.sh'
[1.307s] INFO:colcon.colcon_core.shell:Creating prefix script '/home/electric/ros2_ws/install/local_setup.bash'
[1.308s] INFO:colcon.colcon_core.shell:Creating prefix chain script '/home/electric/ros2_ws/install/setup.bash'
[1.310s] INFO:colcon.colcon_core.shell:Creating prefix script '/home/electric/ros2_ws/install/local_setup.zsh'
[1.311s] INFO:colcon.colcon_core.shell:Creating prefix chain script '/home/electric/ros2_ws/install/setup.zsh'
