[0.877s] Invoking command in '/home/electric/ros2_ws/src/arm_py': PYTHONPATH=/home/electric/ros2_ws/build/arm_py/prefix_override:/usr/lib/python3/dist-packages/colcon_core/task/python/colcon_distutils_commands:/home/electric/ros2_ws/install/arm_py/lib/python3.10/site-packages:${PYTHONPATH} /usr/bin/python3 -W ignore:setup.py install is deprecated -W ignore:easy_install command is deprecated setup.py egg_info --egg-base ../../build/arm_py build --build-base /home/electric/ros2_ws/build/arm_py/build install --record /home/electric/ros2_ws/build/arm_py/install.log --single-version-externally-managed install_data
[1.144s] running egg_info
[1.144s] writing ../../build/arm_py/arm_py.egg-info/PKG-INFO
[1.145s] writing dependency_links to ../../build/arm_py/arm_py.egg-info/dependency_links.txt
[1.145s] writing entry points to ../../build/arm_py/arm_py.egg-info/entry_points.txt
[1.145s] writing requirements to ../../build/arm_py/arm_py.egg-info/requires.txt
[1.145s] writing top-level names to ../../build/arm_py/arm_py.egg-info/top_level.txt
[1.147s] reading manifest file '../../build/arm_py/arm_py.egg-info/SOURCES.txt'
[1.147s] writing manifest file '../../build/arm_py/arm_py.egg-info/SOURCES.txt'
[1.147s] running build
[1.148s] running build_py
[1.148s] running install
[1.148s] running install_lib
[1.149s] running install_data
[1.150s] running install_egg_info
[1.151s] removing '/home/electric/ros2_ws/install/arm_py/lib/python3.10/site-packages/arm_py-0.0.0-py3.10.egg-info' (and everything under it)
[1.152s] Copying ../../build/arm_py/arm_py.egg-info to /home/electric/ros2_ws/install/arm_py/lib/python3.10/site-packages/arm_py-0.0.0-py3.10.egg-info
[1.153s] running install_scripts
[1.174s] writing list of installed files to '/home/electric/ros2_ws/build/arm_py/install.log'
[1.208s] Invoked command in '/home/electric/ros2_ws/src/arm_py' returned '0': PYTHONPATH=/home/electric/ros2_ws/build/arm_py/prefix_override:/usr/lib/python3/dist-packages/colcon_core/task/python/colcon_distutils_commands:/home/electric/ros2_ws/install/arm_py/lib/python3.10/site-packages:${PYTHONPATH} /usr/bin/python3 -W ignore:setup.py install is deprecated -W ignore:easy_install command is deprecated setup.py egg_info --egg-base ../../build/arm_py build --build-base /home/electric/ros2_ws/build/arm_py/build install --record /home/electric/ros2_ws/build/arm_py/install.log --single-version-externally-managed install_data
