[0.191s] DEBUG:colcon:Command line arguments: ['/usr/bin/colcon', 'build']
[0.191s] DEBUG:colcon:Parsed command line arguments: Namespace(log_base=None, log_level=None, verb_name='build', build_base='build', install_base='install', merge_install=False, symlink_install=False, test_result_base=None, continue_on_error=False, executor='parallel', parallel_workers=12, event_handlers=None, ignore_user_meta=False, metas=['./colcon.meta'], base_paths=['.'], packages_ignore=None, packages_ignore_regex=None, paths=None, packages_up_to=None, packages_up_to_regex=None, packages_above=None, packages_above_and_dependencies=None, packages_above_depth=None, packages_select_by_dep=None, packages_skip_by_dep=None, packages_skip_up_to=None, packages_select_build_failed=False, packages_skip_build_finished=False, packages_select_test_failures=False, packages_skip_test_passed=False, packages_select=None, packages_skip=None, packages_select_regex=None, packages_skip_regex=None, packages_start=None, packages_end=None, allow_overriding=[], cmake_args=None, cmake_target=None, cmake_target_skip_unavailable=False, cmake_clean_cache=False, cmake_clean_first=False, cmake_force_configure=False, ament_cmake_args=None, catkin_cmake_args=None, catkin_skip_building_tests=False, mixin_files=None, mixin=None, verb_parser=<colcon_mixin.mixin.mixin_argument.MixinArgumentDecorator object at 0x7d3c2b75c2b0>, verb_extension=<colcon_core.verb.build.BuildVerb object at 0x7d3c2b8cd9f0>, main=<bound method BuildVerb.main of <colcon_core.verb.build.BuildVerb object at 0x7d3c2b8cd9f0>>, mixin_verb=('build',))
[0.428s] Level 1:colcon.colcon_core.package_discovery:discover_packages(colcon_meta) check parameters
[0.428s] Level 1:colcon.colcon_core.package_discovery:discover_packages(recursive) check parameters
[0.428s] Level 1:colcon.colcon_core.package_discovery:discover_packages(ignore) check parameters
[0.428s] Level 1:colcon.colcon_core.package_discovery:discover_packages(path) check parameters
[0.428s] Level 1:colcon.colcon_core.package_discovery:discover_packages(colcon_meta) discover
[0.428s] Level 1:colcon.colcon_core.package_discovery:discover_packages(recursive) discover
[0.428s] INFO:colcon.colcon_core.package_discovery:Crawling recursively for packages in '/home/electric/ros2_ws'
[0.428s] Level 1:colcon.colcon_core.package_identification:_identify(.) by extensions ['ignore', 'ignore_ament_install']
[0.428s] Level 1:colcon.colcon_core.package_identification:_identify(.) by extension 'ignore'
[0.428s] Level 1:colcon.colcon_core.package_identification:_identify(.) by extension 'ignore_ament_install'
[0.428s] Level 1:colcon.colcon_core.package_identification:_identify(.) by extensions ['colcon_pkg']
[0.428s] Level 1:colcon.colcon_core.package_identification:_identify(.) by extension 'colcon_pkg'
[0.428s] Level 1:colcon.colcon_core.package_identification:_identify(.) by extensions ['colcon_meta']
[0.428s] Level 1:colcon.colcon_core.package_identification:_identify(.) by extension 'colcon_meta'
[0.428s] Level 1:colcon.colcon_core.package_identification:_identify(.) by extensions ['ros']
[0.428s] Level 1:colcon.colcon_core.package_identification:_identify(.) by extension 'ros'
[0.438s] Level 1:colcon.colcon_core.package_identification:_identify(.) by extensions ['cmake', 'python']
[0.438s] Level 1:colcon.colcon_core.package_identification:_identify(.) by extension 'cmake'
[0.438s] Level 1:colcon.colcon_core.package_identification:_identify(.) by extension 'python'
[0.438s] Level 1:colcon.colcon_core.package_identification:_identify(.) by extensions ['python_setup_py']
[0.438s] Level 1:colcon.colcon_core.package_identification:_identify(.) by extension 'python_setup_py'
[0.438s] Level 1:colcon.colcon_core.package_identification:_identify(build) by extensions ['ignore', 'ignore_ament_install']
[0.439s] Level 1:colcon.colcon_core.package_identification:_identify(build) by extension 'ignore'
[0.439s] Level 1:colcon.colcon_core.package_identification:_identify(build) ignored
[0.439s] Level 1:colcon.colcon_core.package_identification:_identify(install) by extensions ['ignore', 'ignore_ament_install']
[0.439s] Level 1:colcon.colcon_core.package_identification:_identify(install) by extension 'ignore'
[0.439s] Level 1:colcon.colcon_core.package_identification:_identify(install) ignored
[0.439s] Level 1:colcon.colcon_core.package_identification:_identify(log) by extensions ['ignore', 'ignore_ament_install']
[0.439s] Level 1:colcon.colcon_core.package_identification:_identify(log) by extension 'ignore'
[0.439s] Level 1:colcon.colcon_core.package_identification:_identify(log) ignored
[0.439s] Level 1:colcon.colcon_core.package_identification:_identify(src) by extensions ['ignore', 'ignore_ament_install']
[0.439s] Level 1:colcon.colcon_core.package_identification:_identify(src) by extension 'ignore'
[0.439s] Level 1:colcon.colcon_core.package_identification:_identify(src) by extension 'ignore_ament_install'
[0.439s] Level 1:colcon.colcon_core.package_identification:_identify(src) by extensions ['colcon_pkg']
[0.439s] Level 1:colcon.colcon_core.package_identification:_identify(src) by extension 'colcon_pkg'
[0.439s] Level 1:colcon.colcon_core.package_identification:_identify(src) by extensions ['colcon_meta']
[0.440s] Level 1:colcon.colcon_core.package_identification:_identify(src) by extension 'colcon_meta'
[0.440s] Level 1:colcon.colcon_core.package_identification:_identify(src) by extensions ['ros']
[0.440s] Level 1:colcon.colcon_core.package_identification:_identify(src) by extension 'ros'
[0.440s] Level 1:colcon.colcon_core.package_identification:_identify(src) by extensions ['cmake', 'python']
[0.440s] Level 1:colcon.colcon_core.package_identification:_identify(src) by extension 'cmake'
[0.440s] Level 1:colcon.colcon_core.package_identification:_identify(src) by extension 'python'
[0.440s] Level 1:colcon.colcon_core.package_identification:_identify(src) by extensions ['python_setup_py']
[0.440s] Level 1:colcon.colcon_core.package_identification:_identify(src) by extension 'python_setup_py'
[0.440s] Level 1:colcon.colcon_core.package_identification:_identify(src/arm_cpp) by extensions ['ignore', 'ignore_ament_install']
[0.440s] Level 1:colcon.colcon_core.package_identification:_identify(src/arm_cpp) by extension 'ignore'
[0.440s] Level 1:colcon.colcon_core.package_identification:_identify(src/arm_cpp) by extension 'ignore_ament_install'
[0.440s] Level 1:colcon.colcon_core.package_identification:_identify(src/arm_cpp) by extensions ['colcon_pkg']
[0.440s] Level 1:colcon.colcon_core.package_identification:_identify(src/arm_cpp) by extension 'colcon_pkg'
[0.440s] Level 1:colcon.colcon_core.package_identification:_identify(src/arm_cpp) by extensions ['colcon_meta']
[0.440s] Level 1:colcon.colcon_core.package_identification:_identify(src/arm_cpp) by extension 'colcon_meta'
[0.440s] Level 1:colcon.colcon_core.package_identification:_identify(src/arm_cpp) by extensions ['ros']
[0.440s] Level 1:colcon.colcon_core.package_identification:_identify(src/arm_cpp) by extension 'ros'
[0.443s] DEBUG:colcon.colcon_core.package_identification:Package 'src/arm_cpp' with type 'ros.ament_cmake' and name 'arm_cpp'
[0.443s] Level 1:colcon.colcon_core.package_identification:_identify(src/arm_py) by extensions ['ignore', 'ignore_ament_install']
[0.443s] Level 1:colcon.colcon_core.package_identification:_identify(src/arm_py) by extension 'ignore'
[0.443s] Level 1:colcon.colcon_core.package_identification:_identify(src/arm_py) by extension 'ignore_ament_install'
[0.443s] Level 1:colcon.colcon_core.package_identification:_identify(src/arm_py) by extensions ['colcon_pkg']
[0.443s] Level 1:colcon.colcon_core.package_identification:_identify(src/arm_py) by extension 'colcon_pkg'
[0.443s] Level 1:colcon.colcon_core.package_identification:_identify(src/arm_py) by extensions ['colcon_meta']
[0.443s] Level 1:colcon.colcon_core.package_identification:_identify(src/arm_py) by extension 'colcon_meta'
[0.443s] Level 1:colcon.colcon_core.package_identification:_identify(src/arm_py) by extensions ['ros']
[0.443s] Level 1:colcon.colcon_core.package_identification:_identify(src/arm_py) by extension 'ros'
[0.444s] DEBUG:colcon.colcon_core.package_identification:Package 'src/arm_py' with type 'ros.ament_python' and name 'arm_py'
[0.444s] Level 1:colcon.colcon_core.package_discovery:discover_packages(recursive) using defaults
[0.444s] Level 1:colcon.colcon_core.package_discovery:discover_packages(ignore) discover
[0.444s] Level 1:colcon.colcon_core.package_discovery:discover_packages(ignore) using defaults
[0.444s] Level 1:colcon.colcon_core.package_discovery:discover_packages(path) discover
[0.444s] Level 1:colcon.colcon_core.package_discovery:discover_packages(path) using defaults
[0.479s] Level 1:colcon.colcon_core.package_discovery:discover_packages(prefix_path) check parameters
[0.479s] Level 1:colcon.colcon_core.package_discovery:discover_packages(prefix_path) discover
[0.493s] DEBUG:colcon.colcon_installed_package_information.package_discovery:Found 0 installed packages in /home/electric/ros2_ws/install
[0.496s] DEBUG:colcon.colcon_installed_package_information.package_discovery:Found 271 installed packages in /opt/ros/humble
[0.497s] Level 1:colcon.colcon_core.package_discovery:discover_packages(prefix_path) using defaults
[0.567s] Level 5:colcon.colcon_core.verb:set package 'arm_cpp' build argument 'cmake_args' from command line to 'None'
[0.567s] Level 5:colcon.colcon_core.verb:set package 'arm_cpp' build argument 'cmake_target' from command line to 'None'
[0.567s] Level 5:colcon.colcon_core.verb:set package 'arm_cpp' build argument 'cmake_target_skip_unavailable' from command line to 'False'
[0.567s] Level 5:colcon.colcon_core.verb:set package 'arm_cpp' build argument 'cmake_clean_cache' from command line to 'False'
[0.567s] Level 5:colcon.colcon_core.verb:set package 'arm_cpp' build argument 'cmake_clean_first' from command line to 'False'
[0.567s] Level 5:colcon.colcon_core.verb:set package 'arm_cpp' build argument 'cmake_force_configure' from command line to 'False'
[0.567s] Level 5:colcon.colcon_core.verb:set package 'arm_cpp' build argument 'ament_cmake_args' from command line to 'None'
[0.567s] Level 5:colcon.colcon_core.verb:set package 'arm_cpp' build argument 'catkin_cmake_args' from command line to 'None'
[0.567s] Level 5:colcon.colcon_core.verb:set package 'arm_cpp' build argument 'catkin_skip_building_tests' from command line to 'False'
[0.567s] DEBUG:colcon.colcon_core.verb:Building package 'arm_cpp' with the following arguments: {'ament_cmake_args': None, 'build_base': '/home/electric/ros2_ws/build/arm_cpp', 'catkin_cmake_args': None, 'catkin_skip_building_tests': False, 'cmake_args': None, 'cmake_clean_cache': False, 'cmake_clean_first': False, 'cmake_force_configure': False, 'cmake_target': None, 'cmake_target_skip_unavailable': False, 'install_base': '/home/electric/ros2_ws/install/arm_cpp', 'merge_install': False, 'path': '/home/electric/ros2_ws/src/arm_cpp', 'symlink_install': False, 'test_result_base': None}
[0.568s] Level 5:colcon.colcon_core.verb:set package 'arm_py' build argument 'cmake_args' from command line to 'None'
[0.568s] Level 5:colcon.colcon_core.verb:set package 'arm_py' build argument 'cmake_target' from command line to 'None'
[0.568s] Level 5:colcon.colcon_core.verb:set package 'arm_py' build argument 'cmake_target_skip_unavailable' from command line to 'False'
[0.568s] Level 5:colcon.colcon_core.verb:set package 'arm_py' build argument 'cmake_clean_cache' from command line to 'False'
[0.568s] Level 5:colcon.colcon_core.verb:set package 'arm_py' build argument 'cmake_clean_first' from command line to 'False'
[0.568s] Level 5:colcon.colcon_core.verb:set package 'arm_py' build argument 'cmake_force_configure' from command line to 'False'
[0.568s] Level 5:colcon.colcon_core.verb:set package 'arm_py' build argument 'ament_cmake_args' from command line to 'None'
[0.568s] Level 5:colcon.colcon_core.verb:set package 'arm_py' build argument 'catkin_cmake_args' from command line to 'None'
[0.568s] Level 5:colcon.colcon_core.verb:set package 'arm_py' build argument 'catkin_skip_building_tests' from command line to 'False'
[0.568s] DEBUG:colcon.colcon_core.verb:Building package 'arm_py' with the following arguments: {'ament_cmake_args': None, 'build_base': '/home/electric/ros2_ws/build/arm_py', 'catkin_cmake_args': None, 'catkin_skip_building_tests': False, 'cmake_args': None, 'cmake_clean_cache': False, 'cmake_clean_first': False, 'cmake_force_configure': False, 'cmake_target': None, 'cmake_target_skip_unavailable': False, 'install_base': '/home/electric/ros2_ws/install/arm_py', 'merge_install': False, 'path': '/home/electric/ros2_ws/src/arm_py', 'symlink_install': False, 'test_result_base': None}
[0.568s] INFO:colcon.colcon_core.executor:Executing jobs using 'parallel' executor
[0.569s] DEBUG:colcon.colcon_parallel_executor.executor.parallel:run_until_complete
[0.569s] INFO:colcon.colcon_ros.task.ament_cmake.build:Building ROS package in '/home/electric/ros2_ws/src/arm_cpp' with build type 'ament_cmake'
[0.569s] INFO:colcon.colcon_cmake.task.cmake.build:Building CMake package in '/home/electric/ros2_ws/src/arm_cpp'
[0.574s] INFO:colcon.colcon_core.plugin_system:Skipping extension 'colcon_core.shell.bat': Not used on non-Windows systems
[0.575s] INFO:colcon.colcon_core.shell:Skip shell extension 'powershell' for command environment: Not usable outside of PowerShell
[0.575s] DEBUG:colcon.colcon_core.shell:Skip shell extension 'dsv' for command environment
[0.578s] INFO:colcon.colcon_ros.task.ament_python.build:Building ROS package in '/home/electric/ros2_ws/src/arm_py' with build type 'ament_python'
[0.578s] Level 1:colcon.colcon_core.shell:create_environment_hook('arm_py', 'ament_prefix_path')
[0.578s] INFO:colcon.colcon_core.shell:Creating environment hook '/home/electric/ros2_ws/install/arm_py/share/arm_py/hook/ament_prefix_path.ps1'
[0.579s] INFO:colcon.colcon_core.shell:Creating environment descriptor '/home/electric/ros2_ws/install/arm_py/share/arm_py/hook/ament_prefix_path.dsv'
[0.580s] INFO:colcon.colcon_core.shell:Creating environment hook '/home/electric/ros2_ws/install/arm_py/share/arm_py/hook/ament_prefix_path.sh'
[0.580s] INFO:colcon.colcon_core.shell:Skip shell extension 'powershell' for command environment: Not usable outside of PowerShell
[0.581s] DEBUG:colcon.colcon_core.shell:Skip shell extension 'dsv' for command environment
[0.585s] DEBUG:colcon.colcon_core.event_handler.log_command:Invoking command in '/home/electric/ros2_ws/build/arm_cpp': CMAKE_PREFIX_PATH=/opt/ros/humble /usr/bin/cmake /home/electric/ros2_ws/src/arm_cpp -DCMAKE_INSTALL_PREFIX=/home/electric/ros2_ws/install/arm_cpp
[0.817s] INFO:colcon.colcon_core.task.python.build:Building Python package in '/home/electric/ros2_ws/src/arm_py'
[0.818s] INFO:colcon.colcon_core.shell:Skip shell extension 'powershell' for command environment: Not usable outside of PowerShell
[0.818s] DEBUG:colcon.colcon_core.shell:Skip shell extension 'dsv' for command environment
[1.178s] DEBUG:colcon.colcon_core.event_handler.log_command:Invoking command in '/home/electric/ros2_ws/src/arm_py': PYTHONPATH=/home/electric/ros2_ws/build/arm_py/prefix_override:/usr/lib/python3/dist-packages/colcon_core/task/python/colcon_distutils_commands:/home/electric/ros2_ws/install/arm_py/lib/python3.10/site-packages:${PYTHONPATH} /usr/bin/python3 -W ignore:setup.py install is deprecated -W ignore:easy_install command is deprecated setup.py egg_info --egg-base ../../build/arm_py build --build-base /home/electric/ros2_ws/build/arm_py/build install --record /home/electric/ros2_ws/build/arm_py/install.log --single-version-externally-managed install_data
[1.437s] DEBUG:colcon.colcon_core.event_handler.log_command:Invoked command in '/home/electric/ros2_ws/src/arm_py' returned '0': PYTHONPATH=/home/electric/ros2_ws/build/arm_py/prefix_override:/usr/lib/python3/dist-packages/colcon_core/task/python/colcon_distutils_commands:/home/electric/ros2_ws/install/arm_py/lib/python3.10/site-packages:${PYTHONPATH} /usr/bin/python3 -W ignore:setup.py install is deprecated -W ignore:easy_install command is deprecated setup.py egg_info --egg-base ../../build/arm_py build --build-base /home/electric/ros2_ws/build/arm_py/build install --record /home/electric/ros2_ws/build/arm_py/install.log --single-version-externally-managed install_data
[1.443s] Level 1:colcon.colcon_core.environment:checking '/home/electric/ros2_ws/install/arm_py' for CMake module files
[1.443s] Level 1:colcon.colcon_core.environment:checking '/home/electric/ros2_ws/install/arm_py' for CMake config files
[1.444s] Level 1:colcon.colcon_core.environment:checking '/home/electric/ros2_ws/install/arm_py/lib'
[1.444s] Level 1:colcon.colcon_core.environment:checking '/home/electric/ros2_ws/install/arm_py/bin'
[1.444s] Level 1:colcon.colcon_core.environment:checking '/home/electric/ros2_ws/install/arm_py/lib/pkgconfig/arm_py.pc'
[1.444s] Level 1:colcon.colcon_core.environment:checking '/home/electric/ros2_ws/install/arm_py/lib/python3.10/site-packages'
[1.444s] Level 1:colcon.colcon_core.shell:create_environment_hook('arm_py', 'pythonpath')
[1.444s] INFO:colcon.colcon_core.shell:Creating environment hook '/home/electric/ros2_ws/install/arm_py/share/arm_py/hook/pythonpath.ps1'
[1.445s] INFO:colcon.colcon_core.shell:Creating environment descriptor '/home/electric/ros2_ws/install/arm_py/share/arm_py/hook/pythonpath.dsv'
[1.445s] INFO:colcon.colcon_core.shell:Creating environment hook '/home/electric/ros2_ws/install/arm_py/share/arm_py/hook/pythonpath.sh'
[1.445s] Level 1:colcon.colcon_core.environment:checking '/home/electric/ros2_ws/install/arm_py/bin'
[1.445s] Level 1:colcon.colcon_core.environment:create_environment_scripts_only(arm_py)
[1.446s] INFO:colcon.colcon_core.shell:Creating package script '/home/electric/ros2_ws/install/arm_py/share/arm_py/package.ps1'
[1.447s] INFO:colcon.colcon_core.shell:Creating package descriptor '/home/electric/ros2_ws/install/arm_py/share/arm_py/package.dsv'
[1.447s] INFO:colcon.colcon_core.shell:Creating package script '/home/electric/ros2_ws/install/arm_py/share/arm_py/package.sh'
[1.448s] INFO:colcon.colcon_core.shell:Creating package script '/home/electric/ros2_ws/install/arm_py/share/arm_py/package.bash'
[1.449s] INFO:colcon.colcon_core.shell:Creating package script '/home/electric/ros2_ws/install/arm_py/share/arm_py/package.zsh'
[1.450s] Level 1:colcon.colcon_core.environment:create_file_with_runtime_dependencies(/home/electric/ros2_ws/install/arm_py/share/colcon-core/packages/arm_py)
[1.728s] DEBUG:colcon.colcon_core.event_handler.log_command:Invoked command in '/home/electric/ros2_ws/build/arm_cpp' returned '0': CMAKE_PREFIX_PATH=/opt/ros/humble /usr/bin/cmake /home/electric/ros2_ws/src/arm_cpp -DCMAKE_INSTALL_PREFIX=/home/electric/ros2_ws/install/arm_cpp
[1.730s] DEBUG:colcon.colcon_core.event_handler.log_command:Invoking command in '/home/electric/ros2_ws/build/arm_cpp': CMAKE_PREFIX_PATH=/opt/ros/humble /usr/bin/cmake --build /home/electric/ros2_ws/build/arm_cpp -- -j12 -l12
[1.794s] DEBUG:colcon.colcon_core.event_handler.log_command:Invoked command in '/home/electric/ros2_ws/build/arm_cpp' returned '0': CMAKE_PREFIX_PATH=/opt/ros/humble /usr/bin/cmake --build /home/electric/ros2_ws/build/arm_cpp -- -j12 -l12
[1.814s] DEBUG:colcon.colcon_core.event_handler.log_command:Invoking command in '/home/electric/ros2_ws/build/arm_cpp': CMAKE_PREFIX_PATH=/opt/ros/humble /usr/bin/cmake --install /home/electric/ros2_ws/build/arm_cpp
[1.837s] Level 1:colcon.colcon_core.environment:create_environment_scripts_only(arm_cpp)
[1.838s] Level 1:colcon.colcon_core.environment:checking '/home/electric/ros2_ws/install/arm_cpp' for CMake module files
[1.838s] DEBUG:colcon.colcon_core.event_handler.log_command:Invoked command in '/home/electric/ros2_ws/build/arm_cpp' returned '0': CMAKE_PREFIX_PATH=/opt/ros/humble /usr/bin/cmake --install /home/electric/ros2_ws/build/arm_cpp
[1.839s] Level 1:colcon.colcon_core.environment:checking '/home/electric/ros2_ws/install/arm_cpp' for CMake config files
[1.839s] Level 1:colcon.colcon_core.shell:create_environment_hook('arm_cpp', 'cmake_prefix_path')
[1.839s] INFO:colcon.colcon_core.shell:Creating environment hook '/home/electric/ros2_ws/install/arm_cpp/share/arm_cpp/hook/cmake_prefix_path.ps1'
[1.840s] INFO:colcon.colcon_core.shell:Creating environment descriptor '/home/electric/ros2_ws/install/arm_cpp/share/arm_cpp/hook/cmake_prefix_path.dsv'
[1.840s] INFO:colcon.colcon_core.shell:Creating environment hook '/home/electric/ros2_ws/install/arm_cpp/share/arm_cpp/hook/cmake_prefix_path.sh'
[1.840s] Level 1:colcon.colcon_core.environment:checking '/home/electric/ros2_ws/install/arm_cpp/bin'
[1.840s] Level 1:colcon.colcon_core.environment:checking '/home/electric/ros2_ws/install/arm_cpp/lib/pkgconfig/arm_cpp.pc'
[1.840s] Level 1:colcon.colcon_core.environment:checking '/home/electric/ros2_ws/install/arm_cpp/lib/python3.10/site-packages'
[1.841s] Level 1:colcon.colcon_core.environment:checking '/home/electric/ros2_ws/install/arm_cpp/bin'
[1.841s] INFO:colcon.colcon_core.shell:Creating package script '/home/electric/ros2_ws/install/arm_cpp/share/arm_cpp/package.ps1'
[1.841s] INFO:colcon.colcon_core.shell:Creating package descriptor '/home/electric/ros2_ws/install/arm_cpp/share/arm_cpp/package.dsv'
[1.841s] INFO:colcon.colcon_core.shell:Creating package script '/home/electric/ros2_ws/install/arm_cpp/share/arm_cpp/package.sh'
[1.842s] INFO:colcon.colcon_core.shell:Creating package script '/home/electric/ros2_ws/install/arm_cpp/share/arm_cpp/package.bash'
[1.842s] INFO:colcon.colcon_core.shell:Creating package script '/home/electric/ros2_ws/install/arm_cpp/share/arm_cpp/package.zsh'
[1.842s] Level 1:colcon.colcon_core.environment:create_file_with_runtime_dependencies(/home/electric/ros2_ws/install/arm_cpp/share/colcon-core/packages/arm_cpp)
[1.843s] Level 1:colcon.colcon_core.environment:create_environment_scripts_only(arm_cpp)
[1.843s] Level 1:colcon.colcon_core.environment:checking '/home/electric/ros2_ws/install/arm_cpp' for CMake module files
[1.843s] Level 1:colcon.colcon_core.environment:checking '/home/electric/ros2_ws/install/arm_cpp' for CMake config files
[1.843s] Level 1:colcon.colcon_core.shell:create_environment_hook('arm_cpp', 'cmake_prefix_path')
[1.843s] INFO:colcon.colcon_core.shell:Creating environment hook '/home/electric/ros2_ws/install/arm_cpp/share/arm_cpp/hook/cmake_prefix_path.ps1'
[1.844s] INFO:colcon.colcon_core.shell:Creating environment descriptor '/home/electric/ros2_ws/install/arm_cpp/share/arm_cpp/hook/cmake_prefix_path.dsv'
[1.844s] INFO:colcon.colcon_core.shell:Creating environment hook '/home/electric/ros2_ws/install/arm_cpp/share/arm_cpp/hook/cmake_prefix_path.sh'
[1.845s] Level 1:colcon.colcon_core.environment:checking '/home/electric/ros2_ws/install/arm_cpp/bin'
[1.845s] Level 1:colcon.colcon_core.environment:checking '/home/electric/ros2_ws/install/arm_cpp/lib/pkgconfig/arm_cpp.pc'
[1.845s] Level 1:colcon.colcon_core.environment:checking '/home/electric/ros2_ws/install/arm_cpp/lib/python3.10/site-packages'
[1.845s] Level 1:colcon.colcon_core.environment:checking '/home/electric/ros2_ws/install/arm_cpp/bin'
[1.845s] INFO:colcon.colcon_core.shell:Creating package script '/home/electric/ros2_ws/install/arm_cpp/share/arm_cpp/package.ps1'
[1.846s] INFO:colcon.colcon_core.shell:Creating package descriptor '/home/electric/ros2_ws/install/arm_cpp/share/arm_cpp/package.dsv'
[1.846s] INFO:colcon.colcon_core.shell:Creating package script '/home/electric/ros2_ws/install/arm_cpp/share/arm_cpp/package.sh'
[1.846s] INFO:colcon.colcon_core.shell:Creating package script '/home/electric/ros2_ws/install/arm_cpp/share/arm_cpp/package.bash'
[1.847s] INFO:colcon.colcon_core.shell:Creating package script '/home/electric/ros2_ws/install/arm_cpp/share/arm_cpp/package.zsh'
[1.847s] Level 1:colcon.colcon_core.environment:create_file_with_runtime_dependencies(/home/electric/ros2_ws/install/arm_cpp/share/colcon-core/packages/arm_cpp)
[1.847s] DEBUG:colcon.colcon_parallel_executor.executor.parallel:closing loop
[1.848s] DEBUG:colcon.colcon_parallel_executor.executor.parallel:loop closed
[1.848s] DEBUG:colcon.colcon_parallel_executor.executor.parallel:run_until_complete finished with '0'
[1.848s] DEBUG:colcon.colcon_core.event_reactor:joining thread
[1.864s] INFO:colcon.colcon_core.plugin_system:Skipping extension 'colcon_notification.desktop_notification.notify_send': Could not find 'notify-send'
[1.864s] INFO:colcon.colcon_core.plugin_system:Skipping extension 'colcon_notification.desktop_notification.terminal_notifier': Not used on non-Darwin systems
[1.864s] INFO:colcon.colcon_core.plugin_system:Skipping extension 'colcon_notification.desktop_notification.win32': Not used on non-Windows systems
[1.864s] INFO:colcon.colcon_notification.desktop_notification:Sending desktop notification using 'notify2'
[1.938s] DEBUG:colcon.colcon_core.event_reactor:joined thread
[1.939s] INFO:colcon.colcon_core.shell:Creating prefix script '/home/electric/ros2_ws/install/local_setup.ps1'
[1.941s] INFO:colcon.colcon_core.shell:Creating prefix util module '/home/electric/ros2_ws/install/_local_setup_util_ps1.py'
[1.945s] INFO:colcon.colcon_core.shell:Creating prefix chain script '/home/electric/ros2_ws/install/setup.ps1'
[1.946s] INFO:colcon.colcon_core.shell:Creating prefix script '/home/electric/ros2_ws/install/local_setup.sh'
[1.948s] INFO:colcon.colcon_core.shell:Creating prefix util module '/home/electric/ros2_ws/install/_local_setup_util_sh.py'
[1.950s] INFO:colcon.colcon_core.shell:Creating prefix chain script '/home/electric/ros2_ws/install/setup.sh'
[1.952s] INFO:colcon.colcon_core.shell:Creating prefix script '/home/electric/ros2_ws/install/local_setup.bash'
[1.953s] INFO:colcon.colcon_core.shell:Creating prefix chain script '/home/electric/ros2_ws/install/setup.bash'
[1.955s] INFO:colcon.colcon_core.shell:Creating prefix script '/home/electric/ros2_ws/install/local_setup.zsh'
[1.957s] INFO:colcon.colcon_core.shell:Creating prefix chain script '/home/electric/ros2_ws/install/setup.zsh'
