[0.020s] Invoking command in '/home/electric/ros2_ws/build/arm_controller': CMAKE_PREFIX_PATH=${CMAKE_PREFIX_PATH}:/home/electric/ros2_ws/install/arm_py:/opt/ros/humble /usr/bin/cmake --build /home/electric/ros2_ws/build/arm_controller -- -j12 -l12
[0.247s] Invoked command in '/home/electric/ros2_ws/build/arm_controller' returned '0': CMAKE_PREFIX_PATH=${CMAKE_PREFIX_PATH}:/home/electric/ros2_ws/install/arm_py:/opt/ros/humble /usr/bin/cmake --build /home/electric/ros2_ws/build/arm_controller -- -j12 -l12
[0.266s] Invoking command in '/home/electric/ros2_ws/build/arm_controller': CMAKE_PREFIX_PATH=${CMAKE_PREFIX_PATH}:/home/electric/ros2_ws/install/arm_py:/opt/ros/humble /usr/bin/cmake --install /home/electric/ros2_ws/build/arm_controller
[0.282s] -- Install configuration: ""
[0.282s] -- Up-to-date: /home/electric/ros2_ws/install/arm_controller/share/arm_controller/config
[0.283s] -- Up-to-date: /home/electric/ros2_ws/install/arm_controller/share/arm_controller/config/arm_controllers.yaml
[0.283s] -- Up-to-date: /home/electric/ros2_ws/install/arm_controller/share/ament_index/resource_index/package_run_dependencies/arm_controller
[0.283s] -- Up-to-date: /home/electric/ros2_ws/install/arm_controller/share/ament_index/resource_index/parent_prefix_path/arm_controller
[0.283s] -- Up-to-date: /home/electric/ros2_ws/install/arm_controller/share/arm_controller/environment/ament_prefix_path.sh
[0.283s] -- Up-to-date: /home/electric/ros2_ws/install/arm_controller/share/arm_controller/environment/ament_prefix_path.dsv
[0.283s] -- Up-to-date: /home/electric/ros2_ws/install/arm_controller/share/arm_controller/environment/path.sh
[0.283s] -- Up-to-date: /home/electric/ros2_ws/install/arm_controller/share/arm_controller/environment/path.dsv
[0.284s] -- Up-to-date: /home/electric/ros2_ws/install/arm_controller/share/arm_controller/local_setup.bash
[0.284s] -- Up-to-date: /home/electric/ros2_ws/install/arm_controller/share/arm_controller/local_setup.sh
[0.284s] -- Up-to-date: /home/electric/ros2_ws/install/arm_controller/share/arm_controller/local_setup.zsh
[0.284s] -- Up-to-date: /home/electric/ros2_ws/install/arm_controller/share/arm_controller/local_setup.dsv
[0.284s] -- Installing: /home/electric/ros2_ws/install/arm_controller/share/arm_controller/package.dsv
[0.284s] -- Up-to-date: /home/electric/ros2_ws/install/arm_controller/share/ament_index/resource_index/packages/arm_controller
[0.284s] -- Up-to-date: /home/electric/ros2_ws/install/arm_controller/share/arm_controller/cmake/arm_controllerConfig.cmake
[0.284s] -- Up-to-date: /home/electric/ros2_ws/install/arm_controller/share/arm_controller/cmake/arm_controllerConfig-version.cmake
[0.284s] -- Up-to-date: /home/electric/ros2_ws/install/arm_controller/share/arm_controller/package.xml
[0.297s] Invoked command in '/home/electric/ros2_ws/build/arm_controller' returned '0': CMAKE_PREFIX_PATH=${CMAKE_PREFIX_PATH}:/home/electric/ros2_ws/install/arm_py:/opt/ros/humble /usr/bin/cmake --install /home/electric/ros2_ws/build/arm_controller
