[0.017s] Invoking command in '/home/electric/ros2_ws/build/arm_cpp': CMAKE_PREFIX_PATH=${CMAKE_PREFIX_PATH}:/home/electric/ros2_ws/install/arm_py:/opt/ros/humble /usr/bin/cmake --build /home/electric/ros2_ws/build/arm_cpp -- -j12 -l12
[0.240s] Invoked command in '/home/electric/ros2_ws/build/arm_cpp' returned '0': CMAKE_PREFIX_PATH=${CMAKE_PREFIX_PATH}:/home/electric/ros2_ws/install/arm_py:/opt/ros/humble /usr/bin/cmake --build /home/electric/ros2_ws/build/arm_cpp -- -j12 -l12
[0.252s] Invoking command in '/home/electric/ros2_ws/build/arm_cpp': CMAKE_PREFIX_PATH=${CMAKE_PREFIX_PATH}:/home/electric/ros2_ws/install/arm_py:/opt/ros/humble /usr/bin/cmake --install /home/electric/ros2_ws/build/arm_cpp
[0.266s] -- Install configuration: ""
[0.267s] -- Up-to-date: /home/electric/ros2_ws/install/arm_cpp/share/ament_index/resource_index/package_run_dependencies/arm_cpp
[0.267s] -- Up-to-date: /home/electric/ros2_ws/install/arm_cpp/share/ament_index/resource_index/parent_prefix_path/arm_cpp
[0.267s] -- Up-to-date: /home/electric/ros2_ws/install/arm_cpp/share/arm_cpp/environment/ament_prefix_path.sh
[0.267s] -- Up-to-date: /home/electric/ros2_ws/install/arm_cpp/share/arm_cpp/environment/ament_prefix_path.dsv
[0.267s] -- Up-to-date: /home/electric/ros2_ws/install/arm_cpp/share/arm_cpp/environment/path.sh
[0.267s] -- Up-to-date: /home/electric/ros2_ws/install/arm_cpp/share/arm_cpp/environment/path.dsv
[0.268s] -- Up-to-date: /home/electric/ros2_ws/install/arm_cpp/share/arm_cpp/local_setup.bash
[0.268s] -- Up-to-date: /home/electric/ros2_ws/install/arm_cpp/share/arm_cpp/local_setup.sh
[0.268s] -- Up-to-date: /home/electric/ros2_ws/install/arm_cpp/share/arm_cpp/local_setup.zsh
[0.268s] -- Up-to-date: /home/electric/ros2_ws/install/arm_cpp/share/arm_cpp/local_setup.dsv
[0.268s] -- Installing: /home/electric/ros2_ws/install/arm_cpp/share/arm_cpp/package.dsv
[0.268s] -- Up-to-date: /home/electric/ros2_ws/install/arm_cpp/share/ament_index/resource_index/packages/arm_cpp
[0.268s] -- Up-to-date: /home/electric/ros2_ws/install/arm_cpp/share/arm_cpp/cmake/arm_cppConfig.cmake
[0.269s] -- Up-to-date: /home/electric/ros2_ws/install/arm_cpp/share/arm_cpp/cmake/arm_cppConfig-version.cmake
[0.269s] -- Up-to-date: /home/electric/ros2_ws/install/arm_cpp/share/arm_cpp/package.xml
[0.275s] Invoked command in '/home/electric/ros2_ws/build/arm_cpp' returned '0': CMAKE_PREFIX_PATH=${CMAKE_PREFIX_PATH}:/home/electric/ros2_ws/install/arm_py:/opt/ros/humble /usr/bin/cmake --install /home/electric/ros2_ws/build/arm_cpp
