[0.020s] Invoking command in '/home/electric/ros2_ws/build/arm_desc': CMAKE_PREFIX_PATH=${CMAKE_PREFIX_PATH}:/home/electric/ros2_ws/install/arm_py:/opt/ros/humble /usr/bin/cmake --build /home/electric/ros2_ws/build/arm_desc -- -j12 -l12
[0.083s] -- Found ament_cmake: 1.3.11 (/opt/ros/humble/share/ament_cmake/cmake)
[0.245s] -- Found ament_lint_auto: 0.12.11 (/opt/ros/humble/share/ament_lint_auto/cmake)
[0.322s] -- Added test 'flake8' to check Python code syntax and style conventions
[0.323s] -- Added test 'lint_cmake' to check CMake code style
[0.324s] -- Added test 'pep257' to check Python code against some of the docstring style conventions in PEP 257
[0.327s] -- Added test 'xmllint' to check XML markup files
[0.329s] -- Configuring done
[0.339s] -- Generating done
[0.343s] -- Build files have been written to: /home/electric/ros2_ws/build/arm_desc
[0.382s] Invoked command in '/home/electric/ros2_ws/build/arm_desc' returned '0': CMAKE_PREFIX_PATH=${CMAKE_PREFIX_PATH}:/home/electric/ros2_ws/install/arm_py:/opt/ros/humble /usr/bin/cmake --build /home/electric/ros2_ws/build/arm_desc -- -j12 -l12
[0.403s] Invoking command in '/home/electric/ros2_ws/build/arm_desc': CMAKE_PREFIX_PATH=${CMAKE_PREFIX_PATH}:/home/electric/ros2_ws/install/arm_py:/opt/ros/humble /usr/bin/cmake --install /home/electric/ros2_ws/build/arm_desc
[0.410s] -- Install configuration: ""
[0.410s] -- Up-to-date: /home/electric/ros2_ws/install/arm_desc/share/arm_desc/meshes
[0.410s] -- Up-to-date: /home/electric/ros2_ws/install/arm_desc/share/arm_desc/meshes/triangular_link.STL
[0.411s] -- Up-to-date: /home/electric/ros2_ws/install/arm_desc/share/arm_desc/meshes/vertical_drive_arm.STL
[0.411s] -- Up-to-date: /home/electric/ros2_ws/install/arm_desc/share/arm_desc/meshes/base_plate.STL
[0.411s] -- Up-to-date: /home/electric/ros2_ws/install/arm_desc/share/arm_desc/meshes/forward_drive_arm.STL
[0.411s] -- Up-to-date: /home/electric/ros2_ws/install/arm_desc/share/arm_desc/meshes/servo_plate.STL
[0.411s] -- Up-to-date: /home/electric/ros2_ws/install/arm_desc/share/arm_desc/meshes/round_plate.STL
[0.411s] -- Up-to-date: /home/electric/ros2_ws/install/arm_desc/share/arm_desc/meshes/plate.STL
[0.412s] -- Up-to-date: /home/electric/ros2_ws/install/arm_desc/share/arm_desc/meshes/claw_support.STL
[0.412s] -- Up-to-date: /home/electric/ros2_ws/install/arm_desc/share/arm_desc/meshes/right_finger.STL
[0.412s] -- Up-to-date: /home/electric/ros2_ws/install/arm_desc/share/arm_desc/meshes/left_finger.STL
[0.412s] -- Up-to-date: /home/electric/ros2_ws/install/arm_desc/share/arm_desc/meshes/horizontal_arm.STL
[0.412s] -- Up-to-date: /home/electric/ros2_ws/install/arm_desc/share/arm_desc/meshes/basement.STL
[0.413s] -- Up-to-date: /home/electric/ros2_ws/install/arm_desc/share/arm_desc/meshes/link.STL
[0.413s] -- Up-to-date: /home/electric/ros2_ws/install/arm_desc/share/arm_desc/urdf
[0.413s] -- Up-to-date: /home/electric/ros2_ws/install/arm_desc/share/arm_desc/urdf/arm.urdf.xacro
[0.413s] -- Installing: /home/electric/ros2_ws/install/arm_desc/share/arm_desc/launch
[0.413s] -- Installing: /home/electric/ros2_ws/install/arm_desc/share/arm_desc/launch/display.launch.py
[0.413s] -- Installing: /home/electric/ros2_ws/install/arm_desc/share/arm_desc/rviz
[0.413s] -- Installing: /home/electric/ros2_ws/install/arm_desc/share/arm_desc/rviz/display.rviz
[0.414s] -- Installing: /home/electric/ros2_ws/install/arm_desc/share/ament_index/resource_index/package_run_dependencies/arm_desc
[0.414s] -- Up-to-date: /home/electric/ros2_ws/install/arm_desc/share/ament_index/resource_index/parent_prefix_path/arm_desc
[0.414s] -- Up-to-date: /home/electric/ros2_ws/install/arm_desc/share/arm_desc/environment/ament_prefix_path.sh
[0.414s] -- Installing: /home/electric/ros2_ws/install/arm_desc/share/arm_desc/environment/ament_prefix_path.dsv
[0.414s] -- Up-to-date: /home/electric/ros2_ws/install/arm_desc/share/arm_desc/environment/path.sh
[0.414s] -- Installing: /home/electric/ros2_ws/install/arm_desc/share/arm_desc/environment/path.dsv
[0.415s] -- Up-to-date: /home/electric/ros2_ws/install/arm_desc/share/arm_desc/local_setup.bash
[0.416s] -- Up-to-date: /home/electric/ros2_ws/install/arm_desc/share/arm_desc/local_setup.sh
[0.416s] -- Up-to-date: /home/electric/ros2_ws/install/arm_desc/share/arm_desc/local_setup.zsh
[0.416s] -- Installing: /home/electric/ros2_ws/install/arm_desc/share/arm_desc/local_setup.dsv
[0.416s] -- Installing: /home/electric/ros2_ws/install/arm_desc/share/arm_desc/package.dsv
[0.416s] -- Up-to-date: /home/electric/ros2_ws/install/arm_desc/share/ament_index/resource_index/packages/arm_desc
[0.417s] -- Up-to-date: /home/electric/ros2_ws/install/arm_desc/share/arm_desc/cmake/arm_descConfig.cmake
[0.417s] -- Up-to-date: /home/electric/ros2_ws/install/arm_desc/share/arm_desc/cmake/arm_descConfig-version.cmake
[0.417s] -- Installing: /home/electric/ros2_ws/install/arm_desc/share/arm_desc/package.xml
[0.417s] Invoked command in '/home/electric/ros2_ws/build/arm_desc' returned '0': CMAKE_PREFIX_PATH=${CMAKE_PREFIX_PATH}:/home/electric/ros2_ws/install/arm_py:/opt/ros/humble /usr/bin/cmake --install /home/electric/ros2_ws/build/arm_desc
