[0.599s] Invoking command in '/home/electric/ros2_ws/src/arm_py': PYTHONPATH=/home/electric/ros2_ws/build/arm_py/prefix_override:/usr/lib/python3/dist-packages/colcon_core/task/python/colcon_distutils_commands:/home/electric/ros2_ws/install/arm_py/lib/python3.10/site-packages:${PYTHONPATH} /usr/bin/python3 -W ignore:setup.py install is deprecated -W ignore:easy_install command is deprecated setup.py egg_info --egg-base ../../build/arm_py build --build-base /home/electric/ros2_ws/build/arm_py/build install --record /home/electric/ros2_ws/build/arm_py/install.log --single-version-externally-managed install_data
[0.802s] running egg_info
[0.803s] creating ../../build/arm_py/arm_py.egg-info
[0.803s] writing ../../build/arm_py/arm_py.egg-info/PKG-INFO
[0.803s] writing dependency_links to ../../build/arm_py/arm_py.egg-info/dependency_links.txt
[0.804s] writing entry points to ../../build/arm_py/arm_py.egg-info/entry_points.txt
[0.804s] writing requirements to ../../build/arm_py/arm_py.egg-info/requires.txt
[0.804s] writing top-level names to ../../build/arm_py/arm_py.egg-info/top_level.txt
[0.804s] writing manifest file '../../build/arm_py/arm_py.egg-info/SOURCES.txt'
[0.805s] reading manifest file '../../build/arm_py/arm_py.egg-info/SOURCES.txt'
[0.806s] writing manifest file '../../build/arm_py/arm_py.egg-info/SOURCES.txt'
[0.806s] running build
[0.806s] running build_py
[0.806s] creating /home/electric/ros2_ws/build/arm_py/build
[0.807s] creating /home/electric/ros2_ws/build/arm_py/build/lib
[0.807s] creating /home/electric/ros2_ws/build/arm_py/build/lib/arm_py
[0.807s] copying arm_py/__init__.py -> /home/electric/ros2_ws/build/arm_py/build/lib/arm_py
[0.807s] running install
[0.807s] running install_lib
[0.807s] creating /home/electric/ros2_ws/install/arm_py/lib/python3.10/site-packages/arm_py
[0.807s] copying /home/electric/ros2_ws/build/arm_py/build/lib/arm_py/__init__.py -> /home/electric/ros2_ws/install/arm_py/lib/python3.10/site-packages/arm_py
[0.808s] byte-compiling /home/electric/ros2_ws/install/arm_py/lib/python3.10/site-packages/arm_py/__init__.py to __init__.cpython-310.pyc
[0.808s] running install_data
[0.808s] creating /home/electric/ros2_ws/install/arm_py/share/ament_index
[0.808s] creating /home/electric/ros2_ws/install/arm_py/share/ament_index/resource_index
[0.808s] creating /home/electric/ros2_ws/install/arm_py/share/ament_index/resource_index/packages
[0.808s] copying resource/arm_py -> /home/electric/ros2_ws/install/arm_py/share/ament_index/resource_index/packages
[0.809s] copying package.xml -> /home/electric/ros2_ws/install/arm_py/share/arm_py
[0.809s] running install_egg_info
[0.810s] Copying ../../build/arm_py/arm_py.egg-info to /home/electric/ros2_ws/install/arm_py/lib/python3.10/site-packages/arm_py-0.0.0-py3.10.egg-info
[0.810s] running install_scripts
[0.828s] writing list of installed files to '/home/electric/ros2_ws/build/arm_py/install.log'
[0.858s] Invoked command in '/home/electric/ros2_ws/src/arm_py' returned '0': PYTHONPATH=/home/electric/ros2_ws/build/arm_py/prefix_override:/usr/lib/python3/dist-packages/colcon_core/task/python/colcon_distutils_commands:/home/electric/ros2_ws/install/arm_py/lib/python3.10/site-packages:${PYTHONPATH} /usr/bin/python3 -W ignore:setup.py install is deprecated -W ignore:easy_install command is deprecated setup.py egg_info --egg-base ../../build/arm_py build --build-base /home/electric/ros2_ws/build/arm_py/build install --record /home/electric/ros2_ws/build/arm_py/install.log --single-version-externally-managed install_data
