running egg_info
writing ../../build/arm_py/arm_py.egg-info/PKG-INFO
writing dependency_links to ../../build/arm_py/arm_py.egg-info/dependency_links.txt
writing entry points to ../../build/arm_py/arm_py.egg-info/entry_points.txt
writing requirements to ../../build/arm_py/arm_py.egg-info/requires.txt
writing top-level names to ../../build/arm_py/arm_py.egg-info/top_level.txt
reading manifest file '../../build/arm_py/arm_py.egg-info/SOURCES.txt'
writing manifest file '../../build/arm_py/arm_py.egg-info/SOURCES.txt'
running build
running build_py
copying arm_py/__init__.py -> /home/electric/ros2_ws/build/arm_py/build/lib/arm_py
running install
running install_lib
copying /home/electric/ros2_ws/build/arm_py/build/lib/arm_py/__init__.py -> /home/electric/ros2_ws/install/arm_py/lib/python3.10/site-packages/arm_py
byte-compiling /home/electric/ros2_ws/install/arm_py/lib/python3.10/site-packages/arm_py/__init__.py to __init__.cpython-310.pyc
running install_data
running install_egg_info
removing '/home/electric/ros2_ws/install/arm_py/lib/python3.10/site-packages/arm_py-0.0.0-py3.10.egg-info' (and everything under it)
Copying ../../build/arm_py/arm_py.egg-info to /home/electric/ros2_ws/install/arm_py/lib/python3.10/site-packages/arm_py-0.0.0-py3.10.egg-info
running install_scripts
writing list of installed files to '/home/electric/ros2_ws/build/arm_py/install.log'
