[0.021s] Invoking command in '/home/electric/ros2_ws/src/build/arm_desc': CMAKE_PREFIX_PATH=${CMAKE_PREFIX_PATH}:/home/electric/ros2_ws/install/arm_py:/opt/ros/humble /usr/bin/cmake /home/electric/ros2_ws/src/arm_desc -DCMAKE_INSTALL_PREFIX=/home/electric/ros2_ws/src/install/arm_desc
[0.254s] -- The C compiler identification is GNU 11.4.0
[0.427s] -- The CXX compiler identification is GNU 11.4.0
[0.442s] -- Detecting C compiler ABI info
[0.534s] -- Detecting C compiler ABI info - done
[0.544s] -- Check for working C compiler: /usr/bin/cc - skipped
[0.545s] -- Detecting C compile features
[0.546s] -- Detecting C compile features - done
[0.551s] -- Detecting CXX compiler ABI info
[0.653s] -- Detecting CXX compiler ABI info - done
[0.660s] -- Check for working CXX compiler: /usr/bin/c++ - skipped
[0.660s] -- Detecting CXX compile features
[0.661s] -- Detecting CXX compile features - done
[0.675s] -- Found ament_cmake: 1.3.11 (/opt/ros/humble/share/ament_cmake/cmake)
[0.894s] -- Found Python3: /usr/bin/python3 (found version "3.10.12") found components: Interpreter 
[1.036s] -- Found ament_lint_auto: 0.12.11 (/opt/ros/humble/share/ament_lint_auto/cmake)
[1.139s] -- Added test 'flake8' to check Python code syntax and style conventions
[1.141s] -- Added test 'lint_cmake' to check CMake code style
[1.142s] -- Added test 'pep257' to check Python code against some of the docstring style conventions in PEP 257
[1.147s] -- Added test 'xmllint' to check XML markup files
[1.152s] -- Configuring done
[1.159s] -- Generating done
[1.161s] -- Build files have been written to: /home/electric/ros2_ws/src/build/arm_desc
[1.166s] Invoked command in '/home/electric/ros2_ws/src/build/arm_desc' returned '0': CMAKE_PREFIX_PATH=${CMAKE_PREFIX_PATH}:/home/electric/ros2_ws/install/arm_py:/opt/ros/humble /usr/bin/cmake /home/electric/ros2_ws/src/arm_desc -DCMAKE_INSTALL_PREFIX=/home/electric/ros2_ws/src/install/arm_desc
[1.167s] Invoking command in '/home/electric/ros2_ws/src/build/arm_desc': CMAKE_PREFIX_PATH=${CMAKE_PREFIX_PATH}:/home/electric/ros2_ws/install/arm_py:/opt/ros/humble /usr/bin/cmake --build /home/electric/ros2_ws/src/build/arm_desc -- -j12 -l12
[1.225s] Invoked command in '/home/electric/ros2_ws/src/build/arm_desc' returned '0': CMAKE_PREFIX_PATH=${CMAKE_PREFIX_PATH}:/home/electric/ros2_ws/install/arm_py:/opt/ros/humble /usr/bin/cmake --build /home/electric/ros2_ws/src/build/arm_desc -- -j12 -l12
[1.226s] Invoking command in '/home/electric/ros2_ws/src/build/arm_desc': CMAKE_PREFIX_PATH=${CMAKE_PREFIX_PATH}:/home/electric/ros2_ws/install/arm_py:/opt/ros/humble /usr/bin/cmake --install /home/electric/ros2_ws/src/build/arm_desc
[1.234s] -- Install configuration: ""
[1.234s] -- Installing: /home/electric/ros2_ws/src/install/arm_desc/share/arm_desc/meshes
[1.234s] -- Installing: /home/electric/ros2_ws/src/install/arm_desc/share/arm_desc/meshes/triangular_link.STL
[1.239s] -- Installing: /home/electric/ros2_ws/src/install/arm_desc/share/arm_desc/meshes/vertical_drive_arm.STL
[1.243s] -- Installing: /home/electric/ros2_ws/src/install/arm_desc/share/arm_desc/meshes/base_plate.STL
[1.258s] -- Installing: /home/electric/ros2_ws/src/install/arm_desc/share/arm_desc/meshes/forward_drive_arm.STL
[1.263s] -- Installing: /home/electric/ros2_ws/src/install/arm_desc/share/arm_desc/meshes/servo_plate.STL
[1.264s] -- Installing: /home/electric/ros2_ws/src/install/arm_desc/share/arm_desc/meshes/round_plate.STL
[1.266s] -- Installing: /home/electric/ros2_ws/src/install/arm_desc/share/arm_desc/meshes/plate.STL
[1.271s] -- Installing: /home/electric/ros2_ws/src/install/arm_desc/share/arm_desc/meshes/claw_support.STL
[1.273s] -- Installing: /home/electric/ros2_ws/src/install/arm_desc/share/arm_desc/meshes/right_finger.STL
[1.274s] -- Installing: /home/electric/ros2_ws/src/install/arm_desc/share/arm_desc/meshes/left_finger.STL
[1.275s] -- Installing: /home/electric/ros2_ws/src/install/arm_desc/share/arm_desc/meshes/horizontal_arm.STL
[1.287s] -- Installing: /home/electric/ros2_ws/src/install/arm_desc/share/arm_desc/meshes/basement.STL
[1.290s] -- Installing: /home/electric/ros2_ws/src/install/arm_desc/share/arm_desc/meshes/link.STL
[1.292s] -- Installing: /home/electric/ros2_ws/src/install/arm_desc/share/arm_desc/urdf
[1.292s] -- Installing: /home/electric/ros2_ws/src/install/arm_desc/share/arm_desc/urdf/arm_gazebo.xacro
[1.292s] -- Installing: /home/electric/ros2_ws/src/install/arm_desc/share/arm_desc/urdf/arm_ros2_control.xacro
[1.292s] -- Installing: /home/electric/ros2_ws/src/install/arm_desc/share/arm_desc/urdf/arm.urdf.xacro
[1.292s] -- Installing: /home/electric/ros2_ws/src/install/arm_desc/share/arm_desc/launch
[1.292s] -- Installing: /home/electric/ros2_ws/src/install/arm_desc/share/arm_desc/launch/gazebo.launch.py
[1.293s] -- Installing: /home/electric/ros2_ws/src/install/arm_desc/share/arm_desc/launch/display.launch.py
[1.293s] -- Installing: /home/electric/ros2_ws/src/install/arm_desc/share/arm_desc/rviz
[1.293s] -- Installing: /home/electric/ros2_ws/src/install/arm_desc/share/arm_desc/rviz/display.rviz
[1.294s] -- Installing: /home/electric/ros2_ws/src/install/arm_desc/share/ament_index/resource_index/package_run_dependencies/arm_desc
[1.294s] -- Installing: /home/electric/ros2_ws/src/install/arm_desc/share/ament_index/resource_index/parent_prefix_path/arm_desc
[1.294s] -- Installing: /home/electric/ros2_ws/src/install/arm_desc/share/arm_desc/environment/ament_prefix_path.sh
[1.294s] -- Installing: /home/electric/ros2_ws/src/install/arm_desc/share/arm_desc/environment/ament_prefix_path.dsv
[1.294s] -- Installing: /home/electric/ros2_ws/src/install/arm_desc/share/arm_desc/environment/path.sh
[1.295s] -- Installing: /home/electric/ros2_ws/src/install/arm_desc/share/arm_desc/environment/path.dsv
[1.295s] -- Installing: /home/electric/ros2_ws/src/install/arm_desc/share/arm_desc/local_setup.bash
[1.295s] -- Installing: /home/electric/ros2_ws/src/install/arm_desc/share/arm_desc/local_setup.sh
[1.295s] -- Installing: /home/electric/ros2_ws/src/install/arm_desc/share/arm_desc/local_setup.zsh
[1.295s] -- Installing: /home/electric/ros2_ws/src/install/arm_desc/share/arm_desc/local_setup.dsv
[1.296s] -- Installing: /home/electric/ros2_ws/src/install/arm_desc/share/arm_desc/package.dsv
[1.296s] -- Installing: /home/electric/ros2_ws/src/install/arm_desc/share/ament_index/resource_index/packages/arm_desc
[1.296s] -- Installing: /home/electric/ros2_ws/src/install/arm_desc/share/arm_desc/cmake/arm_descConfig.cmake
[1.296s] -- Installing: /home/electric/ros2_ws/src/install/arm_desc/share/arm_desc/cmake/arm_descConfig-version.cmake
[1.296s] -- Installing: /home/electric/ros2_ws/src/install/arm_desc/share/arm_desc/package.xml
[1.300s] Invoked command in '/home/electric/ros2_ws/src/build/arm_desc' returned '0': CMAKE_PREFIX_PATH=${CMAKE_PREFIX_PATH}:/home/electric/ros2_ws/install/arm_py:/opt/ros/humble /usr/bin/cmake --install /home/electric/ros2_ws/src/build/arm_desc
