[0.026s] Invoking command in '/home/electric/ros2_ws/build/arm_controller': CMAKE_PREFIX_PATH=${CMAKE_PREFIX_PATH}:/home/electric/ros2_ws/install/arm_py:/opt/ros/humble /usr/bin/cmake --build /home/electric/ros2_ws/build/arm_controller -- -j12 -l12
[0.068s] -- Found ament_cmake: 1.3.11 (/opt/ros/humble/share/ament_cmake/cmake)
[0.258s] -- Found ament_lint_auto: 0.12.11 (/opt/ros/humble/share/ament_lint_auto/cmake)
[0.370s] -- Added test 'flake8' to check Python code syntax and style conventions
[0.372s] -- Added test 'lint_cmake' to check CMake code style
[0.373s] -- Added test 'pep257' to check Python code against some of the docstring style conventions in PEP 257
[0.375s] -- Added test 'xmllint' to check XML markup files
[0.377s] -- Configuring done
[0.387s] -- Generating done
[0.392s] -- Build files have been written to: /home/electric/ros2_ws/build/arm_controller
[0.421s] Invoked command in '/home/electric/ros2_ws/build/arm_controller' returned '0': CMAKE_PREFIX_PATH=${CMAKE_PREFIX_PATH}:/home/electric/ros2_ws/install/arm_py:/opt/ros/humble /usr/bin/cmake --build /home/electric/ros2_ws/build/arm_controller -- -j12 -l12
[0.434s] Invoking command in '/home/electric/ros2_ws/build/arm_controller': CMAKE_PREFIX_PATH=${CMAKE_PREFIX_PATH}:/home/electric/ros2_ws/install/arm_py:/opt/ros/humble /usr/bin/cmake --install /home/electric/ros2_ws/build/arm_controller
[0.445s] -- Install configuration: ""
[0.445s] -- Up-to-date: /home/electric/ros2_ws/install/arm_controller/share/arm_controller/config
[0.445s] -- Installing: /home/electric/ros2_ws/install/arm_controller/share/arm_controller/config/arm_controllers.yaml
[0.445s] -- Installing: /home/electric/ros2_ws/install/arm_controller/share/arm_controller/launch
[0.445s] -- Installing: /home/electric/ros2_ws/install/arm_controller/share/arm_controller/launch/controller.launch.py
[0.445s] -- Installing: /home/electric/ros2_ws/install/arm_controller/share/ament_index/resource_index/package_run_dependencies/arm_controller
[0.446s] -- Up-to-date: /home/electric/ros2_ws/install/arm_controller/share/ament_index/resource_index/parent_prefix_path/arm_controller
[0.446s] -- Up-to-date: /home/electric/ros2_ws/install/arm_controller/share/arm_controller/environment/ament_prefix_path.sh
[0.446s] -- Installing: /home/electric/ros2_ws/install/arm_controller/share/arm_controller/environment/ament_prefix_path.dsv
[0.446s] -- Up-to-date: /home/electric/ros2_ws/install/arm_controller/share/arm_controller/environment/path.sh
[0.446s] -- Installing: /home/electric/ros2_ws/install/arm_controller/share/arm_controller/environment/path.dsv
[0.446s] -- Up-to-date: /home/electric/ros2_ws/install/arm_controller/share/arm_controller/local_setup.bash
[0.447s] -- Up-to-date: /home/electric/ros2_ws/install/arm_controller/share/arm_controller/local_setup.sh
[0.447s] -- Up-to-date: /home/electric/ros2_ws/install/arm_controller/share/arm_controller/local_setup.zsh
[0.447s] -- Installing: /home/electric/ros2_ws/install/arm_controller/share/arm_controller/local_setup.dsv
[0.447s] -- Installing: /home/electric/ros2_ws/install/arm_controller/share/arm_controller/package.dsv
[0.447s] -- Up-to-date: /home/electric/ros2_ws/install/arm_controller/share/ament_index/resource_index/packages/arm_controller
[0.447s] -- Up-to-date: /home/electric/ros2_ws/install/arm_controller/share/arm_controller/cmake/arm_controllerConfig.cmake
[0.447s] -- Up-to-date: /home/electric/ros2_ws/install/arm_controller/share/arm_controller/cmake/arm_controllerConfig-version.cmake
[0.447s] -- Installing: /home/electric/ros2_ws/install/arm_controller/share/arm_controller/package.xml
[0.453s] Invoked command in '/home/electric/ros2_ws/build/arm_controller' returned '0': CMAKE_PREFIX_PATH=${CMAKE_PREFIX_PATH}:/home/electric/ros2_ws/install/arm_py:/opt/ros/humble /usr/bin/cmake --install /home/electric/ros2_ws/build/arm_controller
