[0.155s] DEBUG:colcon:Command line arguments: ['/usr/bin/colcon', 'build']
[0.155s] DEBUG:colcon:Parsed command line arguments: Namespace(log_base=None, log_level=None, verb_name='build', build_base='build', install_base='install', merge_install=False, symlink_install=False, test_result_base=None, continue_on_error=False, executor='parallel', parallel_workers=12, event_handlers=None, ignore_user_meta=False, metas=['./colcon.meta'], base_paths=['.'], packages_ignore=None, packages_ignore_regex=None, paths=None, packages_up_to=None, packages_up_to_regex=None, packages_above=None, packages_above_and_dependencies=None, packages_above_depth=None, packages_select_by_dep=None, packages_skip_by_dep=None, packages_skip_up_to=None, packages_select_build_failed=False, packages_skip_build_finished=False, packages_select_test_failures=False, packages_skip_test_passed=False, packages_select=None, packages_skip=None, packages_select_regex=None, packages_skip_regex=None, packages_start=None, packages_end=None, allow_overriding=[], cmake_args=None, cmake_target=None, cmake_target_skip_unavailable=False, cmake_clean_cache=False, cmake_clean_first=False, cmake_force_configure=False, ament_cmake_args=None, catkin_cmake_args=None, catkin_skip_building_tests=False, mixin_files=None, mixin=None, verb_parser=<colcon_mixin.mixin.mixin_argument.MixinArgumentDecorator object at 0x770c42454d90>, verb_extension=<colcon_core.verb.build.BuildVerb object at 0x770c425ce440>, main=<bound method BuildVerb.main of <colcon_core.verb.build.BuildVerb object at 0x770c425ce440>>, mixin_verb=('build',))
[0.421s] Level 1:colcon.colcon_core.package_discovery:discover_packages(colcon_meta) check parameters
[0.421s] Level 1:colcon.colcon_core.package_discovery:discover_packages(recursive) check parameters
[0.421s] Level 1:colcon.colcon_core.package_discovery:discover_packages(ignore) check parameters
[0.421s] Level 1:colcon.colcon_core.package_discovery:discover_packages(path) check parameters
[0.421s] Level 1:colcon.colcon_core.package_discovery:discover_packages(colcon_meta) discover
[0.421s] Level 1:colcon.colcon_core.package_discovery:discover_packages(recursive) discover
[0.421s] INFO:colcon.colcon_core.package_discovery:Crawling recursively for packages in '/home/electric/ros2_ws/src'
[0.421s] Level 1:colcon.colcon_core.package_identification:_identify(.) by extensions ['ignore', 'ignore_ament_install']
[0.421s] Level 1:colcon.colcon_core.package_identification:_identify(.) by extension 'ignore'
[0.421s] Level 1:colcon.colcon_core.package_identification:_identify(.) by extension 'ignore_ament_install'
[0.421s] Level 1:colcon.colcon_core.package_identification:_identify(.) by extensions ['colcon_pkg']
[0.421s] Level 1:colcon.colcon_core.package_identification:_identify(.) by extension 'colcon_pkg'
[0.421s] Level 1:colcon.colcon_core.package_identification:_identify(.) by extensions ['colcon_meta']
[0.421s] Level 1:colcon.colcon_core.package_identification:_identify(.) by extension 'colcon_meta'
[0.421s] Level 1:colcon.colcon_core.package_identification:_identify(.) by extensions ['ros']
[0.421s] Level 1:colcon.colcon_core.package_identification:_identify(.) by extension 'ros'
[0.432s] Level 1:colcon.colcon_core.package_identification:_identify(.) by extensions ['cmake', 'python']
[0.432s] Level 1:colcon.colcon_core.package_identification:_identify(.) by extension 'cmake'
[0.432s] Level 1:colcon.colcon_core.package_identification:_identify(.) by extension 'python'
[0.432s] Level 1:colcon.colcon_core.package_identification:_identify(.) by extensions ['python_setup_py']
[0.432s] Level 1:colcon.colcon_core.package_identification:_identify(.) by extension 'python_setup_py'
[0.432s] Level 1:colcon.colcon_core.package_identification:_identify(arm_controller) by extensions ['ignore', 'ignore_ament_install']
[0.432s] Level 1:colcon.colcon_core.package_identification:_identify(arm_controller) by extension 'ignore'
[0.432s] Level 1:colcon.colcon_core.package_identification:_identify(arm_controller) by extension 'ignore_ament_install'
[0.432s] Level 1:colcon.colcon_core.package_identification:_identify(arm_controller) by extensions ['colcon_pkg']
[0.432s] Level 1:colcon.colcon_core.package_identification:_identify(arm_controller) by extension 'colcon_pkg'
[0.432s] Level 1:colcon.colcon_core.package_identification:_identify(arm_controller) by extensions ['colcon_meta']
[0.432s] Level 1:colcon.colcon_core.package_identification:_identify(arm_controller) by extension 'colcon_meta'
[0.432s] Level 1:colcon.colcon_core.package_identification:_identify(arm_controller) by extensions ['ros']
[0.432s] Level 1:colcon.colcon_core.package_identification:_identify(arm_controller) by extension 'ros'
[0.435s] DEBUG:colcon.colcon_core.package_identification:Package 'arm_controller' with type 'ros.ament_cmake' and name 'arm_controller'
[0.436s] Level 1:colcon.colcon_core.package_identification:_identify(arm_desc) by extensions ['ignore', 'ignore_ament_install']
[0.436s] Level 1:colcon.colcon_core.package_identification:_identify(arm_desc) by extension 'ignore'
[0.436s] Level 1:colcon.colcon_core.package_identification:_identify(arm_desc) by extension 'ignore_ament_install'
[0.436s] Level 1:colcon.colcon_core.package_identification:_identify(arm_desc) by extensions ['colcon_pkg']
[0.436s] Level 1:colcon.colcon_core.package_identification:_identify(arm_desc) by extension 'colcon_pkg'
[0.436s] Level 1:colcon.colcon_core.package_identification:_identify(arm_desc) by extensions ['colcon_meta']
[0.436s] Level 1:colcon.colcon_core.package_identification:_identify(arm_desc) by extension 'colcon_meta'
[0.436s] Level 1:colcon.colcon_core.package_identification:_identify(arm_desc) by extensions ['ros']
[0.436s] Level 1:colcon.colcon_core.package_identification:_identify(arm_desc) by extension 'ros'
[0.438s] DEBUG:colcon.colcon_core.package_identification:Package 'arm_desc' with type 'ros.ament_cmake' and name 'arm_desc'
[0.438s] Level 1:colcon.colcon_core.package_identification:_identify(arm_py) by extensions ['ignore', 'ignore_ament_install']
[0.438s] Level 1:colcon.colcon_core.package_identification:_identify(arm_py) by extension 'ignore'
[0.438s] Level 1:colcon.colcon_core.package_identification:_identify(arm_py) by extension 'ignore_ament_install'
[0.438s] Level 1:colcon.colcon_core.package_identification:_identify(arm_py) by extensions ['colcon_pkg']
[0.438s] Level 1:colcon.colcon_core.package_identification:_identify(arm_py) by extension 'colcon_pkg'
[0.438s] Level 1:colcon.colcon_core.package_identification:_identify(arm_py) by extensions ['colcon_meta']
[0.438s] Level 1:colcon.colcon_core.package_identification:_identify(arm_py) by extension 'colcon_meta'
[0.438s] Level 1:colcon.colcon_core.package_identification:_identify(arm_py) by extensions ['ros']
[0.438s] Level 1:colcon.colcon_core.package_identification:_identify(arm_py) by extension 'ros'
[0.439s] DEBUG:colcon.colcon_core.package_identification:Package 'arm_py' with type 'ros.ament_python' and name 'arm_py'
[0.439s] Level 1:colcon.colcon_core.package_identification:_identify(build) by extensions ['ignore', 'ignore_ament_install']
[0.439s] Level 1:colcon.colcon_core.package_identification:_identify(build) by extension 'ignore'
[0.439s] Level 1:colcon.colcon_core.package_identification:_identify(build) ignored
[0.440s] Level 1:colcon.colcon_core.package_identification:_identify(install) by extensions ['ignore', 'ignore_ament_install']
[0.440s] Level 1:colcon.colcon_core.package_identification:_identify(install) by extension 'ignore'
[0.440s] Level 1:colcon.colcon_core.package_identification:_identify(install) ignored
[0.440s] Level 1:colcon.colcon_core.package_identification:_identify(log) by extensions ['ignore', 'ignore_ament_install']
[0.440s] Level 1:colcon.colcon_core.package_identification:_identify(log) by extension 'ignore'
[0.440s] Level 1:colcon.colcon_core.package_identification:_identify(log) ignored
[0.440s] Level 1:colcon.colcon_core.package_discovery:discover_packages(recursive) using defaults
[0.440s] Level 1:colcon.colcon_core.package_discovery:discover_packages(ignore) discover
[0.440s] Level 1:colcon.colcon_core.package_discovery:discover_packages(ignore) using defaults
[0.440s] Level 1:colcon.colcon_core.package_discovery:discover_packages(path) discover
[0.440s] Level 1:colcon.colcon_core.package_discovery:discover_packages(path) using defaults
[0.480s] Level 1:colcon.colcon_core.package_discovery:discover_packages(prefix_path) check parameters
[0.480s] Level 1:colcon.colcon_core.package_discovery:discover_packages(prefix_path) discover
[0.483s] DEBUG:colcon.colcon_installed_package_information.package_discovery:Found 3 installed packages in /home/electric/ros2_ws/install
[0.484s] DEBUG:colcon.colcon_installed_package_information.package_discovery:Found 282 installed packages in /opt/ros/humble
[0.485s] Level 1:colcon.colcon_core.package_discovery:discover_packages(prefix_path) using defaults
[0.521s] Level 5:colcon.colcon_core.verb:set package 'arm_controller' build argument 'cmake_args' from command line to 'None'
[0.522s] Level 5:colcon.colcon_core.verb:set package 'arm_controller' build argument 'cmake_target' from command line to 'None'
[0.522s] Level 5:colcon.colcon_core.verb:set package 'arm_controller' build argument 'cmake_target_skip_unavailable' from command line to 'False'
[0.522s] Level 5:colcon.colcon_core.verb:set package 'arm_controller' build argument 'cmake_clean_cache' from command line to 'False'
[0.522s] Level 5:colcon.colcon_core.verb:set package 'arm_controller' build argument 'cmake_clean_first' from command line to 'False'
[0.522s] Level 5:colcon.colcon_core.verb:set package 'arm_controller' build argument 'cmake_force_configure' from command line to 'False'
[0.522s] Level 5:colcon.colcon_core.verb:set package 'arm_controller' build argument 'ament_cmake_args' from command line to 'None'
[0.522s] Level 5:colcon.colcon_core.verb:set package 'arm_controller' build argument 'catkin_cmake_args' from command line to 'None'
[0.522s] Level 5:colcon.colcon_core.verb:set package 'arm_controller' build argument 'catkin_skip_building_tests' from command line to 'False'
[0.522s] DEBUG:colcon.colcon_core.verb:Building package 'arm_controller' with the following arguments: {'ament_cmake_args': None, 'build_base': '/home/electric/ros2_ws/src/build/arm_controller', 'catkin_cmake_args': None, 'catkin_skip_building_tests': False, 'cmake_args': None, 'cmake_clean_cache': False, 'cmake_clean_first': False, 'cmake_force_configure': False, 'cmake_target': None, 'cmake_target_skip_unavailable': False, 'install_base': '/home/electric/ros2_ws/src/install/arm_controller', 'merge_install': False, 'path': '/home/electric/ros2_ws/src/arm_controller', 'symlink_install': False, 'test_result_base': None}
[0.522s] Level 5:colcon.colcon_core.verb:set package 'arm_desc' build argument 'cmake_args' from command line to 'None'
[0.522s] Level 5:colcon.colcon_core.verb:set package 'arm_desc' build argument 'cmake_target' from command line to 'None'
[0.522s] Level 5:colcon.colcon_core.verb:set package 'arm_desc' build argument 'cmake_target_skip_unavailable' from command line to 'False'
[0.522s] Level 5:colcon.colcon_core.verb:set package 'arm_desc' build argument 'cmake_clean_cache' from command line to 'False'
[0.522s] Level 5:colcon.colcon_core.verb:set package 'arm_desc' build argument 'cmake_clean_first' from command line to 'False'
[0.522s] Level 5:colcon.colcon_core.verb:set package 'arm_desc' build argument 'cmake_force_configure' from command line to 'False'
[0.522s] Level 5:colcon.colcon_core.verb:set package 'arm_desc' build argument 'ament_cmake_args' from command line to 'None'
[0.522s] Level 5:colcon.colcon_core.verb:set package 'arm_desc' build argument 'catkin_cmake_args' from command line to 'None'
[0.522s] Level 5:colcon.colcon_core.verb:set package 'arm_desc' build argument 'catkin_skip_building_tests' from command line to 'False'
[0.522s] DEBUG:colcon.colcon_core.verb:Building package 'arm_desc' with the following arguments: {'ament_cmake_args': None, 'build_base': '/home/electric/ros2_ws/src/build/arm_desc', 'catkin_cmake_args': None, 'catkin_skip_building_tests': False, 'cmake_args': None, 'cmake_clean_cache': False, 'cmake_clean_first': False, 'cmake_force_configure': False, 'cmake_target': None, 'cmake_target_skip_unavailable': False, 'install_base': '/home/electric/ros2_ws/src/install/arm_desc', 'merge_install': False, 'path': '/home/electric/ros2_ws/src/arm_desc', 'symlink_install': False, 'test_result_base': None}
[0.522s] Level 5:colcon.colcon_core.verb:set package 'arm_py' build argument 'cmake_args' from command line to 'None'
[0.522s] Level 5:colcon.colcon_core.verb:set package 'arm_py' build argument 'cmake_target' from command line to 'None'
[0.523s] Level 5:colcon.colcon_core.verb:set package 'arm_py' build argument 'cmake_target_skip_unavailable' from command line to 'False'
[0.523s] Level 5:colcon.colcon_core.verb:set package 'arm_py' build argument 'cmake_clean_cache' from command line to 'False'
[0.523s] Level 5:colcon.colcon_core.verb:set package 'arm_py' build argument 'cmake_clean_first' from command line to 'False'
[0.523s] Level 5:colcon.colcon_core.verb:set package 'arm_py' build argument 'cmake_force_configure' from command line to 'False'
[0.523s] Level 5:colcon.colcon_core.verb:set package 'arm_py' build argument 'ament_cmake_args' from command line to 'None'
[0.523s] Level 5:colcon.colcon_core.verb:set package 'arm_py' build argument 'catkin_cmake_args' from command line to 'None'
[0.523s] Level 5:colcon.colcon_core.verb:set package 'arm_py' build argument 'catkin_skip_building_tests' from command line to 'False'
[0.523s] DEBUG:colcon.colcon_core.verb:Building package 'arm_py' with the following arguments: {'ament_cmake_args': None, 'build_base': '/home/electric/ros2_ws/src/build/arm_py', 'catkin_cmake_args': None, 'catkin_skip_building_tests': False, 'cmake_args': None, 'cmake_clean_cache': False, 'cmake_clean_first': False, 'cmake_force_configure': False, 'cmake_target': None, 'cmake_target_skip_unavailable': False, 'install_base': '/home/electric/ros2_ws/src/install/arm_py', 'merge_install': False, 'path': '/home/electric/ros2_ws/src/arm_py', 'symlink_install': False, 'test_result_base': None}
[0.523s] INFO:colcon.colcon_core.executor:Executing jobs using 'parallel' executor
[0.524s] DEBUG:colcon.colcon_parallel_executor.executor.parallel:run_until_complete
[0.524s] INFO:colcon.colcon_ros.task.ament_cmake.build:Building ROS package in '/home/electric/ros2_ws/src/arm_controller' with build type 'ament_cmake'
[0.524s] INFO:colcon.colcon_cmake.task.cmake.build:Building CMake package in '/home/electric/ros2_ws/src/arm_controller'
[0.528s] INFO:colcon.colcon_core.plugin_system:Skipping extension 'colcon_core.shell.bat': Not used on non-Windows systems
[0.528s] INFO:colcon.colcon_core.shell:Skip shell extension 'powershell' for command environment: Not usable outside of PowerShell
[0.529s] DEBUG:colcon.colcon_core.shell:Skip shell extension 'dsv' for command environment
[0.533s] INFO:colcon.colcon_ros.task.ament_cmake.build:Building ROS package in '/home/electric/ros2_ws/src/arm_desc' with build type 'ament_cmake'
[0.533s] INFO:colcon.colcon_cmake.task.cmake.build:Building CMake package in '/home/electric/ros2_ws/src/arm_desc'
[0.533s] INFO:colcon.colcon_core.shell:Skip shell extension 'powershell' for command environment: Not usable outside of PowerShell
[0.533s] DEBUG:colcon.colcon_core.shell:Skip shell extension 'dsv' for command environment
[0.536s] INFO:colcon.colcon_ros.task.ament_python.build:Building ROS package in '/home/electric/ros2_ws/src/arm_py' with build type 'ament_python'
[0.537s] Level 1:colcon.colcon_core.shell:create_environment_hook('arm_py', 'ament_prefix_path')
[0.537s] INFO:colcon.colcon_core.shell:Creating environment hook '/home/electric/ros2_ws/src/install/arm_py/share/arm_py/hook/ament_prefix_path.ps1'
[0.539s] INFO:colcon.colcon_core.shell:Creating environment descriptor '/home/electric/ros2_ws/src/install/arm_py/share/arm_py/hook/ament_prefix_path.dsv'
[0.540s] INFO:colcon.colcon_core.shell:Creating environment hook '/home/electric/ros2_ws/src/install/arm_py/share/arm_py/hook/ament_prefix_path.sh'
[0.542s] INFO:colcon.colcon_core.shell:Skip shell extension 'powershell' for command environment: Not usable outside of PowerShell
[0.542s] DEBUG:colcon.colcon_core.shell:Skip shell extension 'dsv' for command environment
[0.549s] DEBUG:colcon.colcon_core.event_handler.log_command:Invoking command in '/home/electric/ros2_ws/src/build/arm_controller': CMAKE_PREFIX_PATH=${CMAKE_PREFIX_PATH}:/home/electric/ros2_ws/install/arm_py:/opt/ros/humble /usr/bin/cmake /home/electric/ros2_ws/src/arm_controller -DCMAKE_INSTALL_PREFIX=/home/electric/ros2_ws/src/install/arm_controller
[0.554s] DEBUG:colcon.colcon_core.event_handler.log_command:Invoking command in '/home/electric/ros2_ws/src/build/arm_desc': CMAKE_PREFIX_PATH=${CMAKE_PREFIX_PATH}:/home/electric/ros2_ws/install/arm_py:/opt/ros/humble /usr/bin/cmake /home/electric/ros2_ws/src/arm_desc -DCMAKE_INSTALL_PREFIX=/home/electric/ros2_ws/src/install/arm_desc
[0.830s] INFO:colcon.colcon_core.task.python.build:Building Python package in '/home/electric/ros2_ws/src/arm_py'
[0.831s] INFO:colcon.colcon_core.shell:Skip shell extension 'powershell' for command environment: Not usable outside of PowerShell
[0.831s] DEBUG:colcon.colcon_core.shell:Skip shell extension 'dsv' for command environment
[1.239s] DEBUG:colcon.colcon_core.event_handler.log_command:Invoking command in '/home/electric/ros2_ws/src/arm_py': PYTHONPATH=/home/electric/ros2_ws/src/build/arm_py/prefix_override:/usr/lib/python3/dist-packages/colcon_core/task/python/colcon_distutils_commands:/home/electric/ros2_ws/src/install/arm_py/lib/python3.10/site-packages:${PYTHONPATH} /usr/bin/python3 -W ignore:setup.py install is deprecated -W ignore:easy_install command is deprecated setup.py egg_info --egg-base ../build/arm_py build --build-base /home/electric/ros2_ws/src/build/arm_py/build install --record /home/electric/ros2_ws/src/build/arm_py/install.log --single-version-externally-managed install_data
[1.581s] DEBUG:colcon.colcon_core.event_handler.log_command:Invoked command in '/home/electric/ros2_ws/src/arm_py' returned '0': PYTHONPATH=/home/electric/ros2_ws/src/build/arm_py/prefix_override:/usr/lib/python3/dist-packages/colcon_core/task/python/colcon_distutils_commands:/home/electric/ros2_ws/src/install/arm_py/lib/python3.10/site-packages:${PYTHONPATH} /usr/bin/python3 -W ignore:setup.py install is deprecated -W ignore:easy_install command is deprecated setup.py egg_info --egg-base ../build/arm_py build --build-base /home/electric/ros2_ws/src/build/arm_py/build install --record /home/electric/ros2_ws/src/build/arm_py/install.log --single-version-externally-managed install_data
[1.592s] Level 1:colcon.colcon_core.environment:checking '/home/electric/ros2_ws/src/install/arm_py' for CMake module files
[1.593s] Level 1:colcon.colcon_core.environment:checking '/home/electric/ros2_ws/src/install/arm_py' for CMake config files
[1.593s] Level 1:colcon.colcon_core.environment:checking '/home/electric/ros2_ws/src/install/arm_py/lib'
[1.594s] Level 1:colcon.colcon_core.environment:checking '/home/electric/ros2_ws/src/install/arm_py/bin'
[1.594s] Level 1:colcon.colcon_core.environment:checking '/home/electric/ros2_ws/src/install/arm_py/lib/pkgconfig/arm_py.pc'
[1.594s] Level 1:colcon.colcon_core.environment:checking '/home/electric/ros2_ws/src/install/arm_py/lib/python3.10/site-packages'
[1.594s] Level 1:colcon.colcon_core.shell:create_environment_hook('arm_py', 'pythonpath')
[1.594s] INFO:colcon.colcon_core.shell:Creating environment hook '/home/electric/ros2_ws/src/install/arm_py/share/arm_py/hook/pythonpath.ps1'
[1.595s] INFO:colcon.colcon_core.shell:Creating environment descriptor '/home/electric/ros2_ws/src/install/arm_py/share/arm_py/hook/pythonpath.dsv'
[1.595s] INFO:colcon.colcon_core.shell:Creating environment hook '/home/electric/ros2_ws/src/install/arm_py/share/arm_py/hook/pythonpath.sh'
[1.596s] Level 1:colcon.colcon_core.environment:checking '/home/electric/ros2_ws/src/install/arm_py/bin'
[1.596s] Level 1:colcon.colcon_core.environment:create_environment_scripts_only(arm_py)
[1.597s] INFO:colcon.colcon_core.shell:Creating package script '/home/electric/ros2_ws/src/install/arm_py/share/arm_py/package.ps1'
[1.598s] INFO:colcon.colcon_core.shell:Creating package descriptor '/home/electric/ros2_ws/src/install/arm_py/share/arm_py/package.dsv'
[1.599s] INFO:colcon.colcon_core.shell:Creating package script '/home/electric/ros2_ws/src/install/arm_py/share/arm_py/package.sh'
[1.600s] INFO:colcon.colcon_core.shell:Creating package script '/home/electric/ros2_ws/src/install/arm_py/share/arm_py/package.bash'
[1.602s] INFO:colcon.colcon_core.shell:Creating package script '/home/electric/ros2_ws/src/install/arm_py/share/arm_py/package.zsh'
[1.603s] Level 1:colcon.colcon_core.environment:create_file_with_runtime_dependencies(/home/electric/ros2_ws/src/install/arm_py/share/colcon-core/packages/arm_py)
[1.689s] DEBUG:colcon.colcon_core.event_handler.log_command:Invoked command in '/home/electric/ros2_ws/src/build/arm_controller' returned '0': CMAKE_PREFIX_PATH=${CMAKE_PREFIX_PATH}:/home/electric/ros2_ws/install/arm_py:/opt/ros/humble /usr/bin/cmake /home/electric/ros2_ws/src/arm_controller -DCMAKE_INSTALL_PREFIX=/home/electric/ros2_ws/src/install/arm_controller
[1.690s] DEBUG:colcon.colcon_core.event_handler.log_command:Invoking command in '/home/electric/ros2_ws/src/build/arm_controller': CMAKE_PREFIX_PATH=${CMAKE_PREFIX_PATH}:/home/electric/ros2_ws/install/arm_py:/opt/ros/humble /usr/bin/cmake --build /home/electric/ros2_ws/src/build/arm_controller -- -j12 -l12
[1.699s] DEBUG:colcon.colcon_core.event_handler.log_command:Invoked command in '/home/electric/ros2_ws/src/build/arm_desc' returned '0': CMAKE_PREFIX_PATH=${CMAKE_PREFIX_PATH}:/home/electric/ros2_ws/install/arm_py:/opt/ros/humble /usr/bin/cmake /home/electric/ros2_ws/src/arm_desc -DCMAKE_INSTALL_PREFIX=/home/electric/ros2_ws/src/install/arm_desc
[1.700s] DEBUG:colcon.colcon_core.event_handler.log_command:Invoking command in '/home/electric/ros2_ws/src/build/arm_desc': CMAKE_PREFIX_PATH=${CMAKE_PREFIX_PATH}:/home/electric/ros2_ws/install/arm_py:/opt/ros/humble /usr/bin/cmake --build /home/electric/ros2_ws/src/build/arm_desc -- -j12 -l12
[1.739s] DEBUG:colcon.colcon_core.event_handler.log_command:Invoked command in '/home/electric/ros2_ws/src/build/arm_controller' returned '0': CMAKE_PREFIX_PATH=${CMAKE_PREFIX_PATH}:/home/electric/ros2_ws/install/arm_py:/opt/ros/humble /usr/bin/cmake --build /home/electric/ros2_ws/src/build/arm_controller -- -j12 -l12
[1.757s] DEBUG:colcon.colcon_core.event_handler.log_command:Invoking command in '/home/electric/ros2_ws/src/build/arm_controller': CMAKE_PREFIX_PATH=${CMAKE_PREFIX_PATH}:/home/electric/ros2_ws/install/arm_py:/opt/ros/humble /usr/bin/cmake --install /home/electric/ros2_ws/src/build/arm_controller
[1.758s] DEBUG:colcon.colcon_core.event_handler.log_command:Invoked command in '/home/electric/ros2_ws/src/build/arm_desc' returned '0': CMAKE_PREFIX_PATH=${CMAKE_PREFIX_PATH}:/home/electric/ros2_ws/install/arm_py:/opt/ros/humble /usr/bin/cmake --build /home/electric/ros2_ws/src/build/arm_desc -- -j12 -l12
[1.759s] DEBUG:colcon.colcon_core.event_handler.log_command:Invoking command in '/home/electric/ros2_ws/src/build/arm_desc': CMAKE_PREFIX_PATH=${CMAKE_PREFIX_PATH}:/home/electric/ros2_ws/install/arm_py:/opt/ros/humble /usr/bin/cmake --install /home/electric/ros2_ws/src/build/arm_desc
[1.769s] Level 1:colcon.colcon_core.environment:create_environment_scripts_only(arm_controller)
[1.769s] DEBUG:colcon.colcon_core.event_handler.log_command:Invoked command in '/home/electric/ros2_ws/src/build/arm_controller' returned '0': CMAKE_PREFIX_PATH=${CMAKE_PREFIX_PATH}:/home/electric/ros2_ws/install/arm_py:/opt/ros/humble /usr/bin/cmake --install /home/electric/ros2_ws/src/build/arm_controller
[1.769s] Level 1:colcon.colcon_core.environment:checking '/home/electric/ros2_ws/src/install/arm_controller' for CMake module files
[1.770s] Level 1:colcon.colcon_core.environment:checking '/home/electric/ros2_ws/src/install/arm_controller' for CMake config files
[1.770s] Level 1:colcon.colcon_core.shell:create_environment_hook('arm_controller', 'cmake_prefix_path')
[1.771s] INFO:colcon.colcon_core.shell:Creating environment hook '/home/electric/ros2_ws/src/install/arm_controller/share/arm_controller/hook/cmake_prefix_path.ps1'
[1.772s] INFO:colcon.colcon_core.shell:Creating environment descriptor '/home/electric/ros2_ws/src/install/arm_controller/share/arm_controller/hook/cmake_prefix_path.dsv'
[1.773s] INFO:colcon.colcon_core.shell:Creating environment hook '/home/electric/ros2_ws/src/install/arm_controller/share/arm_controller/hook/cmake_prefix_path.sh'
[1.773s] Level 1:colcon.colcon_core.environment:checking '/home/electric/ros2_ws/src/install/arm_controller/bin'
[1.773s] Level 1:colcon.colcon_core.environment:checking '/home/electric/ros2_ws/src/install/arm_controller/lib/pkgconfig/arm_controller.pc'
[1.774s] Level 1:colcon.colcon_core.environment:checking '/home/electric/ros2_ws/src/install/arm_controller/lib/python3.10/site-packages'
[1.774s] Level 1:colcon.colcon_core.environment:checking '/home/electric/ros2_ws/src/install/arm_controller/bin'
[1.774s] INFO:colcon.colcon_core.shell:Creating package script '/home/electric/ros2_ws/src/install/arm_controller/share/arm_controller/package.ps1'
[1.775s] INFO:colcon.colcon_core.shell:Creating package descriptor '/home/electric/ros2_ws/src/install/arm_controller/share/arm_controller/package.dsv'
[1.776s] INFO:colcon.colcon_core.shell:Creating package script '/home/electric/ros2_ws/src/install/arm_controller/share/arm_controller/package.sh'
[1.777s] INFO:colcon.colcon_core.shell:Creating package script '/home/electric/ros2_ws/src/install/arm_controller/share/arm_controller/package.bash'
[1.777s] INFO:colcon.colcon_core.shell:Creating package script '/home/electric/ros2_ws/src/install/arm_controller/share/arm_controller/package.zsh'
[1.778s] Level 1:colcon.colcon_core.environment:create_file_with_runtime_dependencies(/home/electric/ros2_ws/src/install/arm_controller/share/colcon-core/packages/arm_controller)
[1.779s] Level 1:colcon.colcon_core.environment:create_environment_scripts_only(arm_controller)
[1.779s] Level 1:colcon.colcon_core.environment:checking '/home/electric/ros2_ws/src/install/arm_controller' for CMake module files
[1.780s] Level 1:colcon.colcon_core.environment:checking '/home/electric/ros2_ws/src/install/arm_controller' for CMake config files
[1.781s] Level 1:colcon.colcon_core.shell:create_environment_hook('arm_controller', 'cmake_prefix_path')
[1.781s] INFO:colcon.colcon_core.shell:Creating environment hook '/home/electric/ros2_ws/src/install/arm_controller/share/arm_controller/hook/cmake_prefix_path.ps1'
[1.782s] INFO:colcon.colcon_core.shell:Creating environment descriptor '/home/electric/ros2_ws/src/install/arm_controller/share/arm_controller/hook/cmake_prefix_path.dsv'
[1.782s] INFO:colcon.colcon_core.shell:Creating environment hook '/home/electric/ros2_ws/src/install/arm_controller/share/arm_controller/hook/cmake_prefix_path.sh'
[1.783s] Level 1:colcon.colcon_core.environment:checking '/home/electric/ros2_ws/src/install/arm_controller/bin'
[1.783s] Level 1:colcon.colcon_core.environment:checking '/home/electric/ros2_ws/src/install/arm_controller/lib/pkgconfig/arm_controller.pc'
[1.784s] Level 1:colcon.colcon_core.environment:checking '/home/electric/ros2_ws/src/install/arm_controller/lib/python3.10/site-packages'
[1.784s] Level 1:colcon.colcon_core.environment:checking '/home/electric/ros2_ws/src/install/arm_controller/bin'
[1.784s] INFO:colcon.colcon_core.shell:Creating package script '/home/electric/ros2_ws/src/install/arm_controller/share/arm_controller/package.ps1'
[1.785s] INFO:colcon.colcon_core.shell:Creating package descriptor '/home/electric/ros2_ws/src/install/arm_controller/share/arm_controller/package.dsv'
[1.786s] INFO:colcon.colcon_core.shell:Creating package script '/home/electric/ros2_ws/src/install/arm_controller/share/arm_controller/package.sh'
[1.787s] INFO:colcon.colcon_core.shell:Creating package script '/home/electric/ros2_ws/src/install/arm_controller/share/arm_controller/package.bash'
[1.788s] INFO:colcon.colcon_core.shell:Creating package script '/home/electric/ros2_ws/src/install/arm_controller/share/arm_controller/package.zsh'
[1.788s] Level 1:colcon.colcon_core.environment:create_file_with_runtime_dependencies(/home/electric/ros2_ws/src/install/arm_controller/share/colcon-core/packages/arm_controller)
[1.832s] Level 1:colcon.colcon_core.environment:create_environment_scripts_only(arm_desc)
[1.833s] Level 1:colcon.colcon_core.environment:checking '/home/electric/ros2_ws/src/install/arm_desc' for CMake module files
[1.833s] DEBUG:colcon.colcon_core.event_handler.log_command:Invoked command in '/home/electric/ros2_ws/src/build/arm_desc' returned '0': CMAKE_PREFIX_PATH=${CMAKE_PREFIX_PATH}:/home/electric/ros2_ws/install/arm_py:/opt/ros/humble /usr/bin/cmake --install /home/electric/ros2_ws/src/build/arm_desc
[1.834s] Level 1:colcon.colcon_core.environment:checking '/home/electric/ros2_ws/src/install/arm_desc' for CMake config files
[1.834s] Level 1:colcon.colcon_core.shell:create_environment_hook('arm_desc', 'cmake_prefix_path')
[1.834s] INFO:colcon.colcon_core.shell:Creating environment hook '/home/electric/ros2_ws/src/install/arm_desc/share/arm_desc/hook/cmake_prefix_path.ps1'
[1.834s] INFO:colcon.colcon_core.shell:Creating environment descriptor '/home/electric/ros2_ws/src/install/arm_desc/share/arm_desc/hook/cmake_prefix_path.dsv'
[1.835s] INFO:colcon.colcon_core.shell:Creating environment hook '/home/electric/ros2_ws/src/install/arm_desc/share/arm_desc/hook/cmake_prefix_path.sh'
[1.835s] Level 1:colcon.colcon_core.environment:checking '/home/electric/ros2_ws/src/install/arm_desc/bin'
[1.835s] Level 1:colcon.colcon_core.environment:checking '/home/electric/ros2_ws/src/install/arm_desc/lib/pkgconfig/arm_desc.pc'
[1.835s] Level 1:colcon.colcon_core.environment:checking '/home/electric/ros2_ws/src/install/arm_desc/lib/python3.10/site-packages'
[1.835s] Level 1:colcon.colcon_core.environment:checking '/home/electric/ros2_ws/src/install/arm_desc/bin'
[1.836s] INFO:colcon.colcon_core.shell:Creating package script '/home/electric/ros2_ws/src/install/arm_desc/share/arm_desc/package.ps1'
[1.836s] INFO:colcon.colcon_core.shell:Creating package descriptor '/home/electric/ros2_ws/src/install/arm_desc/share/arm_desc/package.dsv'
[1.836s] INFO:colcon.colcon_core.shell:Creating package script '/home/electric/ros2_ws/src/install/arm_desc/share/arm_desc/package.sh'
[1.837s] INFO:colcon.colcon_core.shell:Creating package script '/home/electric/ros2_ws/src/install/arm_desc/share/arm_desc/package.bash'
[1.837s] INFO:colcon.colcon_core.shell:Creating package script '/home/electric/ros2_ws/src/install/arm_desc/share/arm_desc/package.zsh'
[1.837s] Level 1:colcon.colcon_core.environment:create_file_with_runtime_dependencies(/home/electric/ros2_ws/src/install/arm_desc/share/colcon-core/packages/arm_desc)
[1.838s] Level 1:colcon.colcon_core.environment:create_environment_scripts_only(arm_desc)
[1.838s] Level 1:colcon.colcon_core.environment:checking '/home/electric/ros2_ws/src/install/arm_desc' for CMake module files
[1.838s] Level 1:colcon.colcon_core.environment:checking '/home/electric/ros2_ws/src/install/arm_desc' for CMake config files
[1.839s] Level 1:colcon.colcon_core.shell:create_environment_hook('arm_desc', 'cmake_prefix_path')
[1.839s] INFO:colcon.colcon_core.shell:Creating environment hook '/home/electric/ros2_ws/src/install/arm_desc/share/arm_desc/hook/cmake_prefix_path.ps1'
[1.840s] INFO:colcon.colcon_core.shell:Creating environment descriptor '/home/electric/ros2_ws/src/install/arm_desc/share/arm_desc/hook/cmake_prefix_path.dsv'
[1.840s] INFO:colcon.colcon_core.shell:Creating environment hook '/home/electric/ros2_ws/src/install/arm_desc/share/arm_desc/hook/cmake_prefix_path.sh'
[1.840s] Level 1:colcon.colcon_core.environment:checking '/home/electric/ros2_ws/src/install/arm_desc/bin'
[1.840s] Level 1:colcon.colcon_core.environment:checking '/home/electric/ros2_ws/src/install/arm_desc/lib/pkgconfig/arm_desc.pc'
[1.841s] Level 1:colcon.colcon_core.environment:checking '/home/electric/ros2_ws/src/install/arm_desc/lib/python3.10/site-packages'
[1.841s] Level 1:colcon.colcon_core.environment:checking '/home/electric/ros2_ws/src/install/arm_desc/bin'
[1.841s] INFO:colcon.colcon_core.shell:Creating package script '/home/electric/ros2_ws/src/install/arm_desc/share/arm_desc/package.ps1'
[1.841s] INFO:colcon.colcon_core.shell:Creating package descriptor '/home/electric/ros2_ws/src/install/arm_desc/share/arm_desc/package.dsv'
[1.842s] INFO:colcon.colcon_core.shell:Creating package script '/home/electric/ros2_ws/src/install/arm_desc/share/arm_desc/package.sh'
[1.842s] INFO:colcon.colcon_core.shell:Creating package script '/home/electric/ros2_ws/src/install/arm_desc/share/arm_desc/package.bash'
[1.842s] INFO:colcon.colcon_core.shell:Creating package script '/home/electric/ros2_ws/src/install/arm_desc/share/arm_desc/package.zsh'
[1.843s] Level 1:colcon.colcon_core.environment:create_file_with_runtime_dependencies(/home/electric/ros2_ws/src/install/arm_desc/share/colcon-core/packages/arm_desc)
[1.843s] DEBUG:colcon.colcon_parallel_executor.executor.parallel:closing loop
[1.844s] DEBUG:colcon.colcon_parallel_executor.executor.parallel:loop closed
[1.844s] DEBUG:colcon.colcon_parallel_executor.executor.parallel:run_until_complete finished with '0'
[1.844s] DEBUG:colcon.colcon_core.event_reactor:joining thread
[1.853s] INFO:colcon.colcon_core.plugin_system:Skipping extension 'colcon_notification.desktop_notification.notify_send': Could not find 'notify-send'
[1.853s] INFO:colcon.colcon_core.plugin_system:Skipping extension 'colcon_notification.desktop_notification.terminal_notifier': Not used on non-Darwin systems
[1.853s] INFO:colcon.colcon_core.plugin_system:Skipping extension 'colcon_notification.desktop_notification.win32': Not used on non-Windows systems
[1.853s] INFO:colcon.colcon_notification.desktop_notification:Sending desktop notification using 'notify2'
[1.900s] DEBUG:colcon.colcon_core.event_reactor:joined thread
[1.900s] INFO:colcon.colcon_core.shell:Creating prefix script '/home/electric/ros2_ws/src/install/local_setup.ps1'
[1.908s] INFO:colcon.colcon_core.shell:Creating prefix util module '/home/electric/ros2_ws/src/install/_local_setup_util_ps1.py'
[1.910s] INFO:colcon.colcon_core.shell:Creating prefix chain script '/home/electric/ros2_ws/src/install/setup.ps1'
[1.911s] INFO:colcon.colcon_core.shell:Creating prefix script '/home/electric/ros2_ws/src/install/local_setup.sh'
[1.912s] INFO:colcon.colcon_core.shell:Creating prefix util module '/home/electric/ros2_ws/src/install/_local_setup_util_sh.py'
[1.912s] INFO:colcon.colcon_core.shell:Creating prefix chain script '/home/electric/ros2_ws/src/install/setup.sh'
[1.913s] INFO:colcon.colcon_core.shell:Creating prefix script '/home/electric/ros2_ws/src/install/local_setup.bash'
[1.914s] INFO:colcon.colcon_core.shell:Creating prefix chain script '/home/electric/ros2_ws/src/install/setup.bash'
[1.915s] INFO:colcon.colcon_core.shell:Creating prefix script '/home/electric/ros2_ws/src/install/local_setup.zsh'
[1.915s] INFO:colcon.colcon_core.shell:Creating prefix chain script '/home/electric/ros2_ws/src/install/setup.zsh'
