[0.802s] Invoking command in '/home/electric/ros2_ws/build/arm_controller': CMAKE_PREFIX_PATH=${CMAKE_PREFIX_PATH}:/home/electric/ros2_ws/install/arm_py:/opt/ros/humble /usr/bin/cmake --build /home/electric/ros2_ws/build/arm_controller -- -j12 -l12
[1.235s] Invoked command in '/home/electric/ros2_ws/build/arm_controller' returned '0': CMAKE_PREFIX_PATH=${CMAKE_PREFIX_PATH}:/home/electric/ros2_ws/install/arm_py:/opt/ros/humble /usr/bin/cmake --build /home/electric/ros2_ws/build/arm_controller -- -j12 -l12
[1.287s] Invoking command in '/home/electric/ros2_ws/build/arm_controller': CMAKE_PREFIX_PATH=${CMAKE_PREFIX_PATH}:/home/electric/ros2_ws/install/arm_py:/opt/ros/humble /usr/bin/cmake --install /home/electric/ros2_ws/build/arm_controller
[1.295s] -- Install configuration: ""
[1.339s] -- Up-to-date: /home/electric/ros2_ws/install/arm_controller/share/arm_controller/config
[1.345s] -- Up-to-date: /home/electric/ros2_ws/install/arm_controller/share/arm_controller/config/arm_controllers.yaml
[1.345s] -- Up-to-date: /home/electric/ros2_ws/install/arm_controller/share/ament_index/resource_index/package_run_dependencies/arm_controller
[1.345s] -- Up-to-date: /home/electric/ros2_ws/install/arm_controller/share/ament_index/resource_index/parent_prefix_path/arm_controller
[1.346s] -- Up-to-date: /home/electric/ros2_ws/install/arm_controller/share/arm_controller/environment/ament_prefix_path.sh
[1.346s] -- Up-to-date: /home/electric/ros2_ws/install/arm_controller/share/arm_controller/environment/ament_prefix_path.dsv
[1.346s] -- Up-to-date: /home/electric/ros2_ws/install/arm_controller/share/arm_controller/environment/path.sh
[1.346s] -- Up-to-date: /home/electric/ros2_ws/install/arm_controller/share/arm_controller/environment/path.dsv
[1.346s] -- Up-to-date: /home/electric/ros2_ws/install/arm_controller/share/arm_controller/local_setup.bash
[1.346s] -- Up-to-date: /home/electric/ros2_ws/install/arm_controller/share/arm_controller/local_setup.sh
[1.347s] -- Up-to-date: /home/electric/ros2_ws/install/arm_controller/share/arm_controller/local_setup.zsh
[1.347s] -- Up-to-date: /home/electric/ros2_ws/install/arm_controller/share/arm_controller/local_setup.dsv
[1.347s] -- Installing: /home/electric/ros2_ws/install/arm_controller/share/arm_controller/package.dsv
[1.382s] -- Up-to-date: /home/electric/ros2_ws/install/arm_controller/share/ament_index/resource_index/packages/arm_controller
[1.383s] -- Up-to-date: /home/electric/ros2_ws/install/arm_controller/share/arm_controller/cmake/arm_controllerConfig.cmake
[1.384s] -- Up-to-date: /home/electric/ros2_ws/install/arm_controller/share/arm_controller/cmake/arm_controllerConfig-version.cmake
[1.384s] -- Up-to-date: /home/electric/ros2_ws/install/arm_controller/share/arm_controller/package.xml
[1.388s] Invoked command in '/home/electric/ros2_ws/build/arm_controller' returned '0': CMAKE_PREFIX_PATH=${CMAKE_PREFIX_PATH}:/home/electric/ros2_ws/install/arm_py:/opt/ros/humble /usr/bin/cmake --install /home/electric/ros2_ws/build/arm_controller
