[0.090s] DEBUG:colcon:Command line arguments: ['/usr/bin/colcon', 'build']
[0.090s] DEBUG:colcon:Parsed command line arguments: Namespace(log_base=None, log_level=None, verb_name='build', build_base='build', install_base='install', merge_install=False, symlink_install=False, test_result_base=None, continue_on_error=False, executor='parallel', parallel_workers=12, event_handlers=None, ignore_user_meta=False, metas=['./colcon.meta'], base_paths=['.'], packages_ignore=None, packages_ignore_regex=None, paths=None, packages_up_to=None, packages_up_to_regex=None, packages_above=None, packages_above_and_dependencies=None, packages_above_depth=None, packages_select_by_dep=None, packages_skip_by_dep=None, packages_skip_up_to=None, packages_select_build_failed=False, packages_skip_build_finished=False, packages_select_test_failures=False, packages_skip_test_passed=False, packages_select=None, packages_skip=None, packages_select_regex=None, packages_skip_regex=None, packages_start=None, packages_end=None, allow_overriding=[], cmake_args=None, cmake_target=None, cmake_target_skip_unavailable=False, cmake_clean_cache=False, cmake_clean_first=False, cmake_force_configure=False, ament_cmake_args=None, catkin_cmake_args=None, catkin_skip_building_tests=False, mixin_files=None, mixin=None, verb_parser=<colcon_mixin.mixin.mixin_argument.MixinArgumentDecorator object at 0x7ed8c9750580>, verb_extension=<colcon_core.verb.build.BuildVerb object at 0x7ed8c98c9c60>, main=<bound method BuildVerb.main of <colcon_core.verb.build.BuildVerb object at 0x7ed8c98c9c60>>, mixin_verb=('build',))
[0.230s] Level 1:colcon.colcon_core.package_discovery:discover_packages(colcon_meta) check parameters
[0.230s] Level 1:colcon.colcon_core.package_discovery:discover_packages(recursive) check parameters
[0.230s] Level 1:colcon.colcon_core.package_discovery:discover_packages(ignore) check parameters
[0.230s] Level 1:colcon.colcon_core.package_discovery:discover_packages(path) check parameters
[0.230s] Level 1:colcon.colcon_core.package_discovery:discover_packages(colcon_meta) discover
[0.230s] Level 1:colcon.colcon_core.package_discovery:discover_packages(recursive) discover
[0.230s] INFO:colcon.colcon_core.package_discovery:Crawling recursively for packages in '/home/electric/ros2_ws'
[0.231s] Level 1:colcon.colcon_core.package_identification:_identify(.) by extensions ['ignore', 'ignore_ament_install']
[0.231s] Level 1:colcon.colcon_core.package_identification:_identify(.) by extension 'ignore'
[0.231s] Level 1:colcon.colcon_core.package_identification:_identify(.) by extension 'ignore_ament_install'
[0.231s] Level 1:colcon.colcon_core.package_identification:_identify(.) by extensions ['colcon_pkg']
[0.231s] Level 1:colcon.colcon_core.package_identification:_identify(.) by extension 'colcon_pkg'
[0.231s] Level 1:colcon.colcon_core.package_identification:_identify(.) by extensions ['colcon_meta']
[0.231s] Level 1:colcon.colcon_core.package_identification:_identify(.) by extension 'colcon_meta'
[0.231s] Level 1:colcon.colcon_core.package_identification:_identify(.) by extensions ['ros']
[0.231s] Level 1:colcon.colcon_core.package_identification:_identify(.) by extension 'ros'
[0.240s] Level 1:colcon.colcon_core.package_identification:_identify(.) by extensions ['cmake', 'python']
[0.240s] Level 1:colcon.colcon_core.package_identification:_identify(.) by extension 'cmake'
[0.240s] Level 1:colcon.colcon_core.package_identification:_identify(.) by extension 'python'
[0.240s] Level 1:colcon.colcon_core.package_identification:_identify(.) by extensions ['python_setup_py']
[0.240s] Level 1:colcon.colcon_core.package_identification:_identify(.) by extension 'python_setup_py'
[0.241s] Level 1:colcon.colcon_core.package_identification:_identify(build) by extensions ['ignore', 'ignore_ament_install']
[0.241s] Level 1:colcon.colcon_core.package_identification:_identify(build) by extension 'ignore'
[0.241s] Level 1:colcon.colcon_core.package_identification:_identify(build) ignored
[0.241s] Level 1:colcon.colcon_core.package_identification:_identify(install) by extensions ['ignore', 'ignore_ament_install']
[0.241s] Level 1:colcon.colcon_core.package_identification:_identify(install) by extension 'ignore'
[0.241s] Level 1:colcon.colcon_core.package_identification:_identify(install) ignored
[0.241s] Level 1:colcon.colcon_core.package_identification:_identify(log) by extensions ['ignore', 'ignore_ament_install']
[0.241s] Level 1:colcon.colcon_core.package_identification:_identify(log) by extension 'ignore'
[0.241s] Level 1:colcon.colcon_core.package_identification:_identify(log) ignored
[0.241s] Level 1:colcon.colcon_core.package_identification:_identify(src) by extensions ['ignore', 'ignore_ament_install']
[0.241s] Level 1:colcon.colcon_core.package_identification:_identify(src) by extension 'ignore'
[0.241s] Level 1:colcon.colcon_core.package_identification:_identify(src) by extension 'ignore_ament_install'
[0.241s] Level 1:colcon.colcon_core.package_identification:_identify(src) by extensions ['colcon_pkg']
[0.241s] Level 1:colcon.colcon_core.package_identification:_identify(src) by extension 'colcon_pkg'
[0.241s] Level 1:colcon.colcon_core.package_identification:_identify(src) by extensions ['colcon_meta']
[0.241s] Level 1:colcon.colcon_core.package_identification:_identify(src) by extension 'colcon_meta'
[0.241s] Level 1:colcon.colcon_core.package_identification:_identify(src) by extensions ['ros']
[0.241s] Level 1:colcon.colcon_core.package_identification:_identify(src) by extension 'ros'
[0.242s] Level 1:colcon.colcon_core.package_identification:_identify(src) by extensions ['cmake', 'python']
[0.242s] Level 1:colcon.colcon_core.package_identification:_identify(src) by extension 'cmake'
[0.242s] Level 1:colcon.colcon_core.package_identification:_identify(src) by extension 'python'
[0.242s] Level 1:colcon.colcon_core.package_identification:_identify(src) by extensions ['python_setup_py']
[0.242s] Level 1:colcon.colcon_core.package_identification:_identify(src) by extension 'python_setup_py'
[0.242s] Level 1:colcon.colcon_core.package_identification:_identify(src/arm_cpp) by extensions ['ignore', 'ignore_ament_install']
[0.242s] Level 1:colcon.colcon_core.package_identification:_identify(src/arm_cpp) by extension 'ignore'
[0.242s] Level 1:colcon.colcon_core.package_identification:_identify(src/arm_cpp) by extension 'ignore_ament_install'
[0.242s] Level 1:colcon.colcon_core.package_identification:_identify(src/arm_cpp) by extensions ['colcon_pkg']
[0.242s] Level 1:colcon.colcon_core.package_identification:_identify(src/arm_cpp) by extension 'colcon_pkg'
[0.242s] Level 1:colcon.colcon_core.package_identification:_identify(src/arm_cpp) by extensions ['colcon_meta']
[0.242s] Level 1:colcon.colcon_core.package_identification:_identify(src/arm_cpp) by extension 'colcon_meta'
[0.242s] Level 1:colcon.colcon_core.package_identification:_identify(src/arm_cpp) by extensions ['ros']
[0.242s] Level 1:colcon.colcon_core.package_identification:_identify(src/arm_cpp) by extension 'ros'
[0.244s] DEBUG:colcon.colcon_core.package_identification:Package 'src/arm_cpp' with type 'ros.ament_cmake' and name 'arm_cpp'
[0.244s] Level 1:colcon.colcon_core.package_identification:_identify(src/arm_desc) by extensions ['ignore', 'ignore_ament_install']
[0.244s] Level 1:colcon.colcon_core.package_identification:_identify(src/arm_desc) by extension 'ignore'
[0.244s] Level 1:colcon.colcon_core.package_identification:_identify(src/arm_desc) by extension 'ignore_ament_install'
[0.244s] Level 1:colcon.colcon_core.package_identification:_identify(src/arm_desc) by extensions ['colcon_pkg']
[0.244s] Level 1:colcon.colcon_core.package_identification:_identify(src/arm_desc) by extension 'colcon_pkg'
[0.244s] Level 1:colcon.colcon_core.package_identification:_identify(src/arm_desc) by extensions ['colcon_meta']
[0.244s] Level 1:colcon.colcon_core.package_identification:_identify(src/arm_desc) by extension 'colcon_meta'
[0.244s] Level 1:colcon.colcon_core.package_identification:_identify(src/arm_desc) by extensions ['ros']
[0.245s] Level 1:colcon.colcon_core.package_identification:_identify(src/arm_desc) by extension 'ros'
[0.245s] DEBUG:colcon.colcon_core.package_identification:Package 'src/arm_desc' with type 'ros.ament_cmake' and name 'arm_desc'
[0.245s] Level 1:colcon.colcon_core.package_identification:_identify(src/arm_py) by extensions ['ignore', 'ignore_ament_install']
[0.245s] Level 1:colcon.colcon_core.package_identification:_identify(src/arm_py) by extension 'ignore'
[0.245s] Level 1:colcon.colcon_core.package_identification:_identify(src/arm_py) by extension 'ignore_ament_install'
[0.245s] Level 1:colcon.colcon_core.package_identification:_identify(src/arm_py) by extensions ['colcon_pkg']
[0.245s] Level 1:colcon.colcon_core.package_identification:_identify(src/arm_py) by extension 'colcon_pkg'
[0.245s] Level 1:colcon.colcon_core.package_identification:_identify(src/arm_py) by extensions ['colcon_meta']
[0.245s] Level 1:colcon.colcon_core.package_identification:_identify(src/arm_py) by extension 'colcon_meta'
[0.245s] Level 1:colcon.colcon_core.package_identification:_identify(src/arm_py) by extensions ['ros']
[0.245s] Level 1:colcon.colcon_core.package_identification:_identify(src/arm_py) by extension 'ros'
[0.246s] DEBUG:colcon.colcon_core.package_identification:Package 'src/arm_py' with type 'ros.ament_python' and name 'arm_py'
[0.246s] Level 1:colcon.colcon_core.package_discovery:discover_packages(recursive) using defaults
[0.246s] Level 1:colcon.colcon_core.package_discovery:discover_packages(ignore) discover
[0.246s] Level 1:colcon.colcon_core.package_discovery:discover_packages(ignore) using defaults
[0.246s] Level 1:colcon.colcon_core.package_discovery:discover_packages(path) discover
[0.246s] Level 1:colcon.colcon_core.package_discovery:discover_packages(path) using defaults
[0.275s] Level 1:colcon.colcon_core.package_discovery:discover_packages(prefix_path) check parameters
[0.275s] Level 1:colcon.colcon_core.package_discovery:discover_packages(prefix_path) discover
[0.276s] DEBUG:colcon.colcon_installed_package_information.package_discovery:Found 2 installed packages in /home/electric/ros2_ws/install
[0.277s] DEBUG:colcon.colcon_installed_package_information.package_discovery:Found 271 installed packages in /opt/ros/humble
[0.278s] Level 1:colcon.colcon_core.package_discovery:discover_packages(prefix_path) using defaults
[0.308s] Level 5:colcon.colcon_core.verb:set package 'arm_cpp' build argument 'cmake_args' from command line to 'None'
[0.308s] Level 5:colcon.colcon_core.verb:set package 'arm_cpp' build argument 'cmake_target' from command line to 'None'
[0.308s] Level 5:colcon.colcon_core.verb:set package 'arm_cpp' build argument 'cmake_target_skip_unavailable' from command line to 'False'
[0.308s] Level 5:colcon.colcon_core.verb:set package 'arm_cpp' build argument 'cmake_clean_cache' from command line to 'False'
[0.308s] Level 5:colcon.colcon_core.verb:set package 'arm_cpp' build argument 'cmake_clean_first' from command line to 'False'
[0.308s] Level 5:colcon.colcon_core.verb:set package 'arm_cpp' build argument 'cmake_force_configure' from command line to 'False'
[0.308s] Level 5:colcon.colcon_core.verb:set package 'arm_cpp' build argument 'ament_cmake_args' from command line to 'None'
[0.308s] Level 5:colcon.colcon_core.verb:set package 'arm_cpp' build argument 'catkin_cmake_args' from command line to 'None'
[0.308s] Level 5:colcon.colcon_core.verb:set package 'arm_cpp' build argument 'catkin_skip_building_tests' from command line to 'False'
[0.308s] DEBUG:colcon.colcon_core.verb:Building package 'arm_cpp' with the following arguments: {'ament_cmake_args': None, 'build_base': '/home/electric/ros2_ws/build/arm_cpp', 'catkin_cmake_args': None, 'catkin_skip_building_tests': False, 'cmake_args': None, 'cmake_clean_cache': False, 'cmake_clean_first': False, 'cmake_force_configure': False, 'cmake_target': None, 'cmake_target_skip_unavailable': False, 'install_base': '/home/electric/ros2_ws/install/arm_cpp', 'merge_install': False, 'path': '/home/electric/ros2_ws/src/arm_cpp', 'symlink_install': False, 'test_result_base': None}
[0.309s] Level 5:colcon.colcon_core.verb:set package 'arm_desc' build argument 'cmake_args' from command line to 'None'
[0.309s] Level 5:colcon.colcon_core.verb:set package 'arm_desc' build argument 'cmake_target' from command line to 'None'
[0.309s] Level 5:colcon.colcon_core.verb:set package 'arm_desc' build argument 'cmake_target_skip_unavailable' from command line to 'False'
[0.309s] Level 5:colcon.colcon_core.verb:set package 'arm_desc' build argument 'cmake_clean_cache' from command line to 'False'
[0.309s] Level 5:colcon.colcon_core.verb:set package 'arm_desc' build argument 'cmake_clean_first' from command line to 'False'
[0.309s] Level 5:colcon.colcon_core.verb:set package 'arm_desc' build argument 'cmake_force_configure' from command line to 'False'
[0.309s] Level 5:colcon.colcon_core.verb:set package 'arm_desc' build argument 'ament_cmake_args' from command line to 'None'
[0.309s] Level 5:colcon.colcon_core.verb:set package 'arm_desc' build argument 'catkin_cmake_args' from command line to 'None'
[0.309s] Level 5:colcon.colcon_core.verb:set package 'arm_desc' build argument 'catkin_skip_building_tests' from command line to 'False'
[0.309s] DEBUG:colcon.colcon_core.verb:Building package 'arm_desc' with the following arguments: {'ament_cmake_args': None, 'build_base': '/home/electric/ros2_ws/build/arm_desc', 'catkin_cmake_args': None, 'catkin_skip_building_tests': False, 'cmake_args': None, 'cmake_clean_cache': False, 'cmake_clean_first': False, 'cmake_force_configure': False, 'cmake_target': None, 'cmake_target_skip_unavailable': False, 'install_base': '/home/electric/ros2_ws/install/arm_desc', 'merge_install': False, 'path': '/home/electric/ros2_ws/src/arm_desc', 'symlink_install': False, 'test_result_base': None}
[0.309s] Level 5:colcon.colcon_core.verb:set package 'arm_py' build argument 'cmake_args' from command line to 'None'
[0.309s] Level 5:colcon.colcon_core.verb:set package 'arm_py' build argument 'cmake_target' from command line to 'None'
[0.309s] Level 5:colcon.colcon_core.verb:set package 'arm_py' build argument 'cmake_target_skip_unavailable' from command line to 'False'
[0.309s] Level 5:colcon.colcon_core.verb:set package 'arm_py' build argument 'cmake_clean_cache' from command line to 'False'
[0.309s] Level 5:colcon.colcon_core.verb:set package 'arm_py' build argument 'cmake_clean_first' from command line to 'False'
[0.309s] Level 5:colcon.colcon_core.verb:set package 'arm_py' build argument 'cmake_force_configure' from command line to 'False'
[0.309s] Level 5:colcon.colcon_core.verb:set package 'arm_py' build argument 'ament_cmake_args' from command line to 'None'
[0.309s] Level 5:colcon.colcon_core.verb:set package 'arm_py' build argument 'catkin_cmake_args' from command line to 'None'
[0.309s] Level 5:colcon.colcon_core.verb:set package 'arm_py' build argument 'catkin_skip_building_tests' from command line to 'False'
[0.309s] DEBUG:colcon.colcon_core.verb:Building package 'arm_py' with the following arguments: {'ament_cmake_args': None, 'build_base': '/home/electric/ros2_ws/build/arm_py', 'catkin_cmake_args': None, 'catkin_skip_building_tests': False, 'cmake_args': None, 'cmake_clean_cache': False, 'cmake_clean_first': False, 'cmake_force_configure': False, 'cmake_target': None, 'cmake_target_skip_unavailable': False, 'install_base': '/home/electric/ros2_ws/install/arm_py', 'merge_install': False, 'path': '/home/electric/ros2_ws/src/arm_py', 'symlink_install': False, 'test_result_base': None}
[0.309s] INFO:colcon.colcon_core.executor:Executing jobs using 'parallel' executor
[0.311s] DEBUG:colcon.colcon_parallel_executor.executor.parallel:run_until_complete
[0.311s] INFO:colcon.colcon_ros.task.ament_cmake.build:Building ROS package in '/home/electric/ros2_ws/src/arm_cpp' with build type 'ament_cmake'
[0.311s] INFO:colcon.colcon_cmake.task.cmake.build:Building CMake package in '/home/electric/ros2_ws/src/arm_cpp'
[0.313s] INFO:colcon.colcon_core.plugin_system:Skipping extension 'colcon_core.shell.bat': Not used on non-Windows systems
[0.313s] INFO:colcon.colcon_core.shell:Skip shell extension 'powershell' for command environment: Not usable outside of PowerShell
[0.313s] DEBUG:colcon.colcon_core.shell:Skip shell extension 'dsv' for command environment
[0.316s] INFO:colcon.colcon_ros.task.ament_cmake.build:Building ROS package in '/home/electric/ros2_ws/src/arm_desc' with build type 'ament_cmake'
[0.316s] INFO:colcon.colcon_cmake.task.cmake.build:Building CMake package in '/home/electric/ros2_ws/src/arm_desc'
[0.317s] INFO:colcon.colcon_core.shell:Skip shell extension 'powershell' for command environment: Not usable outside of PowerShell
[0.317s] DEBUG:colcon.colcon_core.shell:Skip shell extension 'dsv' for command environment
[0.320s] INFO:colcon.colcon_ros.task.ament_python.build:Building ROS package in '/home/electric/ros2_ws/src/arm_py' with build type 'ament_python'
[0.320s] Level 1:colcon.colcon_core.shell:create_environment_hook('arm_py', 'ament_prefix_path')
[0.320s] INFO:colcon.colcon_core.shell:Creating environment hook '/home/electric/ros2_ws/install/arm_py/share/arm_py/hook/ament_prefix_path.ps1'
[0.321s] INFO:colcon.colcon_core.shell:Creating environment descriptor '/home/electric/ros2_ws/install/arm_py/share/arm_py/hook/ament_prefix_path.dsv'
[0.321s] INFO:colcon.colcon_core.shell:Creating environment hook '/home/electric/ros2_ws/install/arm_py/share/arm_py/hook/ament_prefix_path.sh'
[0.322s] INFO:colcon.colcon_core.shell:Skip shell extension 'powershell' for command environment: Not usable outside of PowerShell
[0.322s] DEBUG:colcon.colcon_core.shell:Skip shell extension 'dsv' for command environment
[0.330s] DEBUG:colcon.colcon_core.event_handler.log_command:Invoking command in '/home/electric/ros2_ws/build/arm_cpp': CMAKE_PREFIX_PATH=${CMAKE_PREFIX_PATH}:/home/electric/ros2_ws/install/arm_py:/opt/ros/humble /usr/bin/cmake --build /home/electric/ros2_ws/build/arm_cpp -- -j12 -l12
[0.334s] DEBUG:colcon.colcon_core.event_handler.log_command:Invoking command in '/home/electric/ros2_ws/build/arm_desc': CMAKE_PREFIX_PATH=${CMAKE_PREFIX_PATH}:/home/electric/ros2_ws/install/arm_py:/opt/ros/humble /usr/bin/cmake /home/electric/ros2_ws/src/arm_desc -DCMAKE_INSTALL_PREFIX=/home/electric/ros2_ws/install/arm_desc
[0.547s] INFO:colcon.colcon_core.task.python.build:Building Python package in '/home/electric/ros2_ws/src/arm_py'
[0.547s] INFO:colcon.colcon_core.shell:Skip shell extension 'powershell' for command environment: Not usable outside of PowerShell
[0.548s] DEBUG:colcon.colcon_core.shell:Skip shell extension 'dsv' for command environment
[0.551s] DEBUG:colcon.colcon_core.event_handler.log_command:Invoked command in '/home/electric/ros2_ws/build/arm_cpp' returned '0': CMAKE_PREFIX_PATH=${CMAKE_PREFIX_PATH}:/home/electric/ros2_ws/install/arm_py:/opt/ros/humble /usr/bin/cmake --build /home/electric/ros2_ws/build/arm_cpp -- -j12 -l12
[0.562s] DEBUG:colcon.colcon_core.event_handler.log_command:Invoking command in '/home/electric/ros2_ws/build/arm_cpp': CMAKE_PREFIX_PATH=${CMAKE_PREFIX_PATH}:/home/electric/ros2_ws/install/arm_py:/opt/ros/humble /usr/bin/cmake --install /home/electric/ros2_ws/build/arm_cpp
[0.580s] Level 1:colcon.colcon_core.environment:create_environment_scripts_only(arm_cpp)
[0.581s] DEBUG:colcon.colcon_core.event_handler.log_command:Invoked command in '/home/electric/ros2_ws/build/arm_cpp' returned '0': CMAKE_PREFIX_PATH=${CMAKE_PREFIX_PATH}:/home/electric/ros2_ws/install/arm_py:/opt/ros/humble /usr/bin/cmake --install /home/electric/ros2_ws/build/arm_cpp
[0.584s] Level 1:colcon.colcon_core.environment:checking '/home/electric/ros2_ws/install/arm_cpp' for CMake module files
[0.584s] Level 1:colcon.colcon_core.environment:checking '/home/electric/ros2_ws/install/arm_cpp' for CMake config files
[0.584s] Level 1:colcon.colcon_core.shell:create_environment_hook('arm_cpp', 'cmake_prefix_path')
[0.585s] INFO:colcon.colcon_core.shell:Creating environment hook '/home/electric/ros2_ws/install/arm_cpp/share/arm_cpp/hook/cmake_prefix_path.ps1'
[0.585s] INFO:colcon.colcon_core.shell:Creating environment descriptor '/home/electric/ros2_ws/install/arm_cpp/share/arm_cpp/hook/cmake_prefix_path.dsv'
[0.586s] INFO:colcon.colcon_core.shell:Creating environment hook '/home/electric/ros2_ws/install/arm_cpp/share/arm_cpp/hook/cmake_prefix_path.sh'
[0.587s] Level 1:colcon.colcon_core.environment:checking '/home/electric/ros2_ws/install/arm_cpp/bin'
[0.587s] Level 1:colcon.colcon_core.environment:checking '/home/electric/ros2_ws/install/arm_cpp/lib/pkgconfig/arm_cpp.pc'
[0.587s] Level 1:colcon.colcon_core.environment:checking '/home/electric/ros2_ws/install/arm_cpp/lib/python3.10/site-packages'
[0.587s] Level 1:colcon.colcon_core.environment:checking '/home/electric/ros2_ws/install/arm_cpp/bin'
[0.588s] INFO:colcon.colcon_core.shell:Creating package script '/home/electric/ros2_ws/install/arm_cpp/share/arm_cpp/package.ps1'
[0.589s] INFO:colcon.colcon_core.shell:Creating package descriptor '/home/electric/ros2_ws/install/arm_cpp/share/arm_cpp/package.dsv'
[0.589s] INFO:colcon.colcon_core.shell:Creating package script '/home/electric/ros2_ws/install/arm_cpp/share/arm_cpp/package.sh'
[0.590s] INFO:colcon.colcon_core.shell:Creating package script '/home/electric/ros2_ws/install/arm_cpp/share/arm_cpp/package.bash'
[0.592s] INFO:colcon.colcon_core.shell:Creating package script '/home/electric/ros2_ws/install/arm_cpp/share/arm_cpp/package.zsh'
[0.592s] Level 1:colcon.colcon_core.environment:create_file_with_runtime_dependencies(/home/electric/ros2_ws/install/arm_cpp/share/colcon-core/packages/arm_cpp)
[0.593s] Level 1:colcon.colcon_core.environment:create_environment_scripts_only(arm_cpp)
[0.593s] Level 1:colcon.colcon_core.environment:checking '/home/electric/ros2_ws/install/arm_cpp' for CMake module files
[0.594s] Level 1:colcon.colcon_core.environment:checking '/home/electric/ros2_ws/install/arm_cpp' for CMake config files
[0.594s] Level 1:colcon.colcon_core.shell:create_environment_hook('arm_cpp', 'cmake_prefix_path')
[0.595s] INFO:colcon.colcon_core.shell:Creating environment hook '/home/electric/ros2_ws/install/arm_cpp/share/arm_cpp/hook/cmake_prefix_path.ps1'
[0.595s] INFO:colcon.colcon_core.shell:Creating environment descriptor '/home/electric/ros2_ws/install/arm_cpp/share/arm_cpp/hook/cmake_prefix_path.dsv'
[0.596s] INFO:colcon.colcon_core.shell:Creating environment hook '/home/electric/ros2_ws/install/arm_cpp/share/arm_cpp/hook/cmake_prefix_path.sh'
[0.596s] Level 1:colcon.colcon_core.environment:checking '/home/electric/ros2_ws/install/arm_cpp/bin'
[0.597s] Level 1:colcon.colcon_core.environment:checking '/home/electric/ros2_ws/install/arm_cpp/lib/pkgconfig/arm_cpp.pc'
[0.597s] Level 1:colcon.colcon_core.environment:checking '/home/electric/ros2_ws/install/arm_cpp/lib/python3.10/site-packages'
[0.597s] Level 1:colcon.colcon_core.environment:checking '/home/electric/ros2_ws/install/arm_cpp/bin'
[0.597s] INFO:colcon.colcon_core.shell:Creating package script '/home/electric/ros2_ws/install/arm_cpp/share/arm_cpp/package.ps1'
[0.598s] INFO:colcon.colcon_core.shell:Creating package descriptor '/home/electric/ros2_ws/install/arm_cpp/share/arm_cpp/package.dsv'
[0.599s] INFO:colcon.colcon_core.shell:Creating package script '/home/electric/ros2_ws/install/arm_cpp/share/arm_cpp/package.sh'
[0.599s] INFO:colcon.colcon_core.shell:Creating package script '/home/electric/ros2_ws/install/arm_cpp/share/arm_cpp/package.bash'
[0.600s] INFO:colcon.colcon_core.shell:Creating package script '/home/electric/ros2_ws/install/arm_cpp/share/arm_cpp/package.zsh'
[0.600s] Level 1:colcon.colcon_core.environment:create_file_with_runtime_dependencies(/home/electric/ros2_ws/install/arm_cpp/share/colcon-core/packages/arm_cpp)
[0.858s] DEBUG:colcon.colcon_core.event_handler.log_command:Invoking command in '/home/electric/ros2_ws/src/arm_py': PYTHONPATH=/home/electric/ros2_ws/build/arm_py/prefix_override:/usr/lib/python3/dist-packages/colcon_core/task/python/colcon_distutils_commands:/home/electric/ros2_ws/install/arm_py/lib/python3.10/site-packages:${PYTHONPATH} /usr/bin/python3 -W ignore:setup.py install is deprecated -W ignore:easy_install command is deprecated setup.py egg_info --egg-base ../../build/arm_py build --build-base /home/electric/ros2_ws/build/arm_py/build install --record /home/electric/ros2_ws/build/arm_py/install.log --single-version-externally-managed install_data
[1.072s] DEBUG:colcon.colcon_core.event_handler.log_command:Invoked command in '/home/electric/ros2_ws/build/arm_desc' returned '0': CMAKE_PREFIX_PATH=${CMAKE_PREFIX_PATH}:/home/electric/ros2_ws/install/arm_py:/opt/ros/humble /usr/bin/cmake /home/electric/ros2_ws/src/arm_desc -DCMAKE_INSTALL_PREFIX=/home/electric/ros2_ws/install/arm_desc
[1.075s] DEBUG:colcon.colcon_core.event_handler.log_command:Invoking command in '/home/electric/ros2_ws/build/arm_desc': CMAKE_PREFIX_PATH=${CMAKE_PREFIX_PATH}:/home/electric/ros2_ws/install/arm_py:/opt/ros/humble /usr/bin/cmake --build /home/electric/ros2_ws/build/arm_desc -- -j12 -l12
[1.113s] Level 1:colcon.colcon_core.environment:checking '/home/electric/ros2_ws/install/arm_py' for CMake module files
[1.114s] DEBUG:colcon.colcon_core.event_handler.log_command:Invoked command in '/home/electric/ros2_ws/src/arm_py' returned '0': PYTHONPATH=/home/electric/ros2_ws/build/arm_py/prefix_override:/usr/lib/python3/dist-packages/colcon_core/task/python/colcon_distutils_commands:/home/electric/ros2_ws/install/arm_py/lib/python3.10/site-packages:${PYTHONPATH} /usr/bin/python3 -W ignore:setup.py install is deprecated -W ignore:easy_install command is deprecated setup.py egg_info --egg-base ../../build/arm_py build --build-base /home/electric/ros2_ws/build/arm_py/build install --record /home/electric/ros2_ws/build/arm_py/install.log --single-version-externally-managed install_data
[1.114s] Level 1:colcon.colcon_core.environment:checking '/home/electric/ros2_ws/install/arm_py' for CMake config files
[1.115s] Level 1:colcon.colcon_core.environment:checking '/home/electric/ros2_ws/install/arm_py/lib'
[1.116s] Level 1:colcon.colcon_core.environment:checking '/home/electric/ros2_ws/install/arm_py/bin'
[1.116s] Level 1:colcon.colcon_core.environment:checking '/home/electric/ros2_ws/install/arm_py/lib/pkgconfig/arm_py.pc'
[1.116s] Level 1:colcon.colcon_core.environment:checking '/home/electric/ros2_ws/install/arm_py/lib/python3.10/site-packages'
[1.116s] Level 1:colcon.colcon_core.shell:create_environment_hook('arm_py', 'pythonpath')
[1.117s] INFO:colcon.colcon_core.shell:Creating environment hook '/home/electric/ros2_ws/install/arm_py/share/arm_py/hook/pythonpath.ps1'
[1.118s] INFO:colcon.colcon_core.shell:Creating environment descriptor '/home/electric/ros2_ws/install/arm_py/share/arm_py/hook/pythonpath.dsv'
[1.118s] INFO:colcon.colcon_core.shell:Creating environment hook '/home/electric/ros2_ws/install/arm_py/share/arm_py/hook/pythonpath.sh'
[1.120s] Level 1:colcon.colcon_core.environment:checking '/home/electric/ros2_ws/install/arm_py/bin'
[1.120s] Level 1:colcon.colcon_core.environment:create_environment_scripts_only(arm_py)
[1.120s] INFO:colcon.colcon_core.shell:Creating package script '/home/electric/ros2_ws/install/arm_py/share/arm_py/package.ps1'
[1.121s] INFO:colcon.colcon_core.shell:Creating package descriptor '/home/electric/ros2_ws/install/arm_py/share/arm_py/package.dsv'
[1.122s] INFO:colcon.colcon_core.shell:Creating package script '/home/electric/ros2_ws/install/arm_py/share/arm_py/package.sh'
[1.123s] INFO:colcon.colcon_core.shell:Creating package script '/home/electric/ros2_ws/install/arm_py/share/arm_py/package.bash'
[1.124s] INFO:colcon.colcon_core.shell:Creating package script '/home/electric/ros2_ws/install/arm_py/share/arm_py/package.zsh'
[1.125s] Level 1:colcon.colcon_core.environment:create_file_with_runtime_dependencies(/home/electric/ros2_ws/install/arm_py/share/colcon-core/packages/arm_py)
[1.135s] DEBUG:colcon.colcon_core.event_handler.log_command:Invoked command in '/home/electric/ros2_ws/build/arm_desc' returned '0': CMAKE_PREFIX_PATH=${CMAKE_PREFIX_PATH}:/home/electric/ros2_ws/install/arm_py:/opt/ros/humble /usr/bin/cmake --build /home/electric/ros2_ws/build/arm_desc -- -j12 -l12
[1.138s] DEBUG:colcon.colcon_core.event_handler.log_command:Invoking command in '/home/electric/ros2_ws/build/arm_desc': CMAKE_PREFIX_PATH=${CMAKE_PREFIX_PATH}:/home/electric/ros2_ws/install/arm_py:/opt/ros/humble /usr/bin/cmake --install /home/electric/ros2_ws/build/arm_desc
[1.149s] Level 1:colcon.colcon_core.environment:create_environment_scripts_only(arm_desc)
[1.149s] Level 1:colcon.colcon_core.environment:checking '/home/electric/ros2_ws/install/arm_desc' for CMake module files
[1.150s] DEBUG:colcon.colcon_core.event_handler.log_command:Invoked command in '/home/electric/ros2_ws/build/arm_desc' returned '0': CMAKE_PREFIX_PATH=${CMAKE_PREFIX_PATH}:/home/electric/ros2_ws/install/arm_py:/opt/ros/humble /usr/bin/cmake --install /home/electric/ros2_ws/build/arm_desc
[1.151s] Level 1:colcon.colcon_core.environment:checking '/home/electric/ros2_ws/install/arm_desc' for CMake config files
[1.151s] Level 1:colcon.colcon_core.shell:create_environment_hook('arm_desc', 'cmake_prefix_path')
[1.152s] INFO:colcon.colcon_core.shell:Creating environment hook '/home/electric/ros2_ws/install/arm_desc/share/arm_desc/hook/cmake_prefix_path.ps1'
[1.153s] INFO:colcon.colcon_core.shell:Creating environment descriptor '/home/electric/ros2_ws/install/arm_desc/share/arm_desc/hook/cmake_prefix_path.dsv'
[1.153s] INFO:colcon.colcon_core.shell:Creating environment hook '/home/electric/ros2_ws/install/arm_desc/share/arm_desc/hook/cmake_prefix_path.sh'
[1.154s] Level 1:colcon.colcon_core.environment:checking '/home/electric/ros2_ws/install/arm_desc/bin'
[1.155s] Level 1:colcon.colcon_core.environment:checking '/home/electric/ros2_ws/install/arm_desc/lib/pkgconfig/arm_desc.pc'
[1.155s] Level 1:colcon.colcon_core.environment:checking '/home/electric/ros2_ws/install/arm_desc/lib/python3.10/site-packages'
[1.155s] Level 1:colcon.colcon_core.environment:checking '/home/electric/ros2_ws/install/arm_desc/bin'
[1.156s] INFO:colcon.colcon_core.shell:Creating package script '/home/electric/ros2_ws/install/arm_desc/share/arm_desc/package.ps1'
[1.157s] INFO:colcon.colcon_core.shell:Creating package descriptor '/home/electric/ros2_ws/install/arm_desc/share/arm_desc/package.dsv'
[1.158s] INFO:colcon.colcon_core.shell:Creating package script '/home/electric/ros2_ws/install/arm_desc/share/arm_desc/package.sh'
[1.159s] INFO:colcon.colcon_core.shell:Creating package script '/home/electric/ros2_ws/install/arm_desc/share/arm_desc/package.bash'
[1.159s] INFO:colcon.colcon_core.shell:Creating package script '/home/electric/ros2_ws/install/arm_desc/share/arm_desc/package.zsh'
[1.160s] Level 1:colcon.colcon_core.environment:create_file_with_runtime_dependencies(/home/electric/ros2_ws/install/arm_desc/share/colcon-core/packages/arm_desc)
[1.161s] Level 1:colcon.colcon_core.environment:create_environment_scripts_only(arm_desc)
[1.162s] Level 1:colcon.colcon_core.environment:checking '/home/electric/ros2_ws/install/arm_desc' for CMake module files
[1.163s] Level 1:colcon.colcon_core.environment:checking '/home/electric/ros2_ws/install/arm_desc' for CMake config files
[1.163s] Level 1:colcon.colcon_core.shell:create_environment_hook('arm_desc', 'cmake_prefix_path')
[1.164s] INFO:colcon.colcon_core.shell:Creating environment hook '/home/electric/ros2_ws/install/arm_desc/share/arm_desc/hook/cmake_prefix_path.ps1'
[1.165s] INFO:colcon.colcon_core.shell:Creating environment descriptor '/home/electric/ros2_ws/install/arm_desc/share/arm_desc/hook/cmake_prefix_path.dsv'
[1.165s] INFO:colcon.colcon_core.shell:Creating environment hook '/home/electric/ros2_ws/install/arm_desc/share/arm_desc/hook/cmake_prefix_path.sh'
[1.166s] Level 1:colcon.colcon_core.environment:checking '/home/electric/ros2_ws/install/arm_desc/bin'
[1.167s] Level 1:colcon.colcon_core.environment:checking '/home/electric/ros2_ws/install/arm_desc/lib/pkgconfig/arm_desc.pc'
[1.167s] Level 1:colcon.colcon_core.environment:checking '/home/electric/ros2_ws/install/arm_desc/lib/python3.10/site-packages'
[1.167s] Level 1:colcon.colcon_core.environment:checking '/home/electric/ros2_ws/install/arm_desc/bin'
[1.168s] INFO:colcon.colcon_core.shell:Creating package script '/home/electric/ros2_ws/install/arm_desc/share/arm_desc/package.ps1'
[1.169s] INFO:colcon.colcon_core.shell:Creating package descriptor '/home/electric/ros2_ws/install/arm_desc/share/arm_desc/package.dsv'
[1.170s] INFO:colcon.colcon_core.shell:Creating package script '/home/electric/ros2_ws/install/arm_desc/share/arm_desc/package.sh'
[1.171s] INFO:colcon.colcon_core.shell:Creating package script '/home/electric/ros2_ws/install/arm_desc/share/arm_desc/package.bash'
[1.172s] INFO:colcon.colcon_core.shell:Creating package script '/home/electric/ros2_ws/install/arm_desc/share/arm_desc/package.zsh'
[1.173s] Level 1:colcon.colcon_core.environment:create_file_with_runtime_dependencies(/home/electric/ros2_ws/install/arm_desc/share/colcon-core/packages/arm_desc)
[1.173s] DEBUG:colcon.colcon_parallel_executor.executor.parallel:closing loop
[1.174s] DEBUG:colcon.colcon_parallel_executor.executor.parallel:loop closed
[1.174s] DEBUG:colcon.colcon_parallel_executor.executor.parallel:run_until_complete finished with '0'
[1.174s] DEBUG:colcon.colcon_core.event_reactor:joining thread
[1.186s] INFO:colcon.colcon_core.plugin_system:Skipping extension 'colcon_notification.desktop_notification.notify_send': Could not find 'notify-send'
[1.187s] INFO:colcon.colcon_core.plugin_system:Skipping extension 'colcon_notification.desktop_notification.terminal_notifier': Not used on non-Darwin systems
[1.187s] INFO:colcon.colcon_core.plugin_system:Skipping extension 'colcon_notification.desktop_notification.win32': Not used on non-Windows systems
[1.187s] INFO:colcon.colcon_notification.desktop_notification:Sending desktop notification using 'notify2'
[1.210s] DEBUG:colcon.colcon_core.event_reactor:joined thread
[1.211s] INFO:colcon.colcon_core.shell:Creating prefix script '/home/electric/ros2_ws/install/local_setup.ps1'
[1.213s] INFO:colcon.colcon_core.shell:Creating prefix util module '/home/electric/ros2_ws/install/_local_setup_util_ps1.py'
[1.216s] INFO:colcon.colcon_core.shell:Creating prefix chain script '/home/electric/ros2_ws/install/setup.ps1'
[1.219s] INFO:colcon.colcon_core.shell:Creating prefix script '/home/electric/ros2_ws/install/local_setup.sh'
[1.220s] INFO:colcon.colcon_core.shell:Creating prefix util module '/home/electric/ros2_ws/install/_local_setup_util_sh.py'
[1.221s] INFO:colcon.colcon_core.shell:Creating prefix chain script '/home/electric/ros2_ws/install/setup.sh'
[1.223s] INFO:colcon.colcon_core.shell:Creating prefix script '/home/electric/ros2_ws/install/local_setup.bash'
[1.224s] INFO:colcon.colcon_core.shell:Creating prefix chain script '/home/electric/ros2_ws/install/setup.bash'
[1.226s] INFO:colcon.colcon_core.shell:Creating prefix script '/home/electric/ros2_ws/install/local_setup.zsh'
[1.227s] INFO:colcon.colcon_core.shell:Creating prefix chain script '/home/electric/ros2_ws/install/setup.zsh'
