[0.019s] Invoking command in '/home/electric/ros2_ws/build/arm_controller': CMAKE_PREFIX_PATH=${CMAKE_PREFIX_PATH}:/home/electric/ros2_ws/install/arm_py:/opt/ros/humble /usr/bin/cmake --build /home/electric/ros2_ws/build/arm_controller -- -j12 -l12
[0.079s] -- Found ament_cmake: 1.3.11 (/opt/ros/humble/share/ament_cmake/cmake)
[0.252s] -- Found ament_lint_auto: 0.12.11 (/opt/ros/humble/share/ament_lint_auto/cmake)
[0.343s] -- Added test 'lint_cmake' to check CMake code style
[0.345s] -- Added test 'xmllint' to check XML markup files
[0.347s] -- Configuring done
[0.364s] -- Generating done
[0.369s] -- Build files have been written to: /home/electric/ros2_ws/build/arm_controller
[0.395s] Invoked command in '/home/electric/ros2_ws/build/arm_controller' returned '0': CMAKE_PREFIX_PATH=${CMAKE_PREFIX_PATH}:/home/electric/ros2_ws/install/arm_py:/opt/ros/humble /usr/bin/cmake --build /home/electric/ros2_ws/build/arm_controller -- -j12 -l12
[0.415s] Invoking command in '/home/electric/ros2_ws/build/arm_controller': CMAKE_PREFIX_PATH=${CMAKE_PREFIX_PATH}:/home/electric/ros2_ws/install/arm_py:/opt/ros/humble /usr/bin/cmake --install /home/electric/ros2_ws/build/arm_controller
[0.424s] -- Install configuration: ""
[0.424s] -- Up-to-date: /home/electric/ros2_ws/install/arm_controller/share/ament_index/resource_index/package_run_dependencies/arm_controller
[0.424s] -- Installing: /home/electric/ros2_ws/install/arm_controller/share/ament_index/resource_index/parent_prefix_path/arm_controller
[0.424s] -- Up-to-date: /home/electric/ros2_ws/install/arm_controller/share/arm_controller/environment/ament_prefix_path.sh
[0.424s] -- Installing: /home/electric/ros2_ws/install/arm_controller/share/arm_controller/environment/ament_prefix_path.dsv
[0.424s] -- Up-to-date: /home/electric/ros2_ws/install/arm_controller/share/arm_controller/environment/path.sh
[0.424s] -- Installing: /home/electric/ros2_ws/install/arm_controller/share/arm_controller/environment/path.dsv
[0.425s] -- Up-to-date: /home/electric/ros2_ws/install/arm_controller/share/arm_controller/local_setup.bash
[0.425s] -- Up-to-date: /home/electric/ros2_ws/install/arm_controller/share/arm_controller/local_setup.sh
[0.426s] -- Up-to-date: /home/electric/ros2_ws/install/arm_controller/share/arm_controller/local_setup.zsh
[0.426s] -- Installing: /home/electric/ros2_ws/install/arm_controller/share/arm_controller/local_setup.dsv
[0.426s] -- Installing: /home/electric/ros2_ws/install/arm_controller/share/arm_controller/package.dsv
[0.426s] -- Up-to-date: /home/electric/ros2_ws/install/arm_controller/share/ament_index/resource_index/packages/arm_controller
[0.426s] -- Up-to-date: /home/electric/ros2_ws/install/arm_controller/share/arm_controller/cmake/arm_controllerConfig.cmake
[0.426s] -- Up-to-date: /home/electric/ros2_ws/install/arm_controller/share/arm_controller/cmake/arm_controllerConfig-version.cmake
[0.427s] -- Installing: /home/electric/ros2_ws/install/arm_controller/share/arm_controller/package.xml
[0.429s] Invoked command in '/home/electric/ros2_ws/build/arm_controller' returned '0': CMAKE_PREFIX_PATH=${CMAKE_PREFIX_PATH}:/home/electric/ros2_ws/install/arm_py:/opt/ros/humble /usr/bin/cmake --install /home/electric/ros2_ws/build/arm_controller
