[0.425s] Invoking command in '/home/electric/ros2_ws/build/arm_desc': CMAKE_PREFIX_PATH=${CMAKE_PREFIX_PATH}:/home/electric/ros2_ws/install/arm_py:/opt/ros/humble /usr/bin/cmake --build /home/electric/ros2_ws/build/arm_desc -- -j12 -l12
[0.816s] Invoked command in '/home/electric/ros2_ws/build/arm_desc' returned '0': CMAKE_PREFIX_PATH=${CMAKE_PREFIX_PATH}:/home/electric/ros2_ws/install/arm_py:/opt/ros/humble /usr/bin/cmake --build /home/electric/ros2_ws/build/arm_desc -- -j12 -l12
[0.820s] Invoking command in '/home/electric/ros2_ws/build/arm_desc': CMAKE_PREFIX_PATH=${CMAKE_PREFIX_PATH}:/home/electric/ros2_ws/install/arm_py:/opt/ros/humble /usr/bin/cmake --install /home/electric/ros2_ws/build/arm_desc
[0.868s] -- Install configuration: ""
[0.868s] -- Up-to-date: /home/electric/ros2_ws/install/arm_desc/share/arm_desc/meshes
[0.869s] -- Up-to-date: /home/electric/ros2_ws/install/arm_desc/share/arm_desc/meshes/triangular_link.STL
[0.869s] -- Up-to-date: /home/electric/ros2_ws/install/arm_desc/share/arm_desc/meshes/vertical_drive_arm.STL
[0.869s] -- Up-to-date: /home/electric/ros2_ws/install/arm_desc/share/arm_desc/meshes/base_plate.STL
[0.869s] -- Up-to-date: /home/electric/ros2_ws/install/arm_desc/share/arm_desc/meshes/forward_drive_arm.STL
[0.869s] -- Up-to-date: /home/electric/ros2_ws/install/arm_desc/share/arm_desc/meshes/servo_plate.STL
[0.869s] -- Up-to-date: /home/electric/ros2_ws/install/arm_desc/share/arm_desc/meshes/round_plate.STL
[0.870s] -- Up-to-date: /home/electric/ros2_ws/install/arm_desc/share/arm_desc/meshes/plate.STL
[0.870s] -- Up-to-date: /home/electric/ros2_ws/install/arm_desc/share/arm_desc/meshes/claw_support.STL
[0.870s] -- Up-to-date: /home/electric/ros2_ws/install/arm_desc/share/arm_desc/meshes/right_finger.STL
[0.870s] -- Up-to-date: /home/electric/ros2_ws/install/arm_desc/share/arm_desc/meshes/left_finger.STL
[0.870s] -- Up-to-date: /home/electric/ros2_ws/install/arm_desc/share/arm_desc/meshes/horizontal_arm.STL
[0.871s] -- Up-to-date: /home/electric/ros2_ws/install/arm_desc/share/arm_desc/meshes/basement.STL
[0.871s] -- Up-to-date: /home/electric/ros2_ws/install/arm_desc/share/arm_desc/meshes/link.STL
[0.871s] -- Up-to-date: /home/electric/ros2_ws/install/arm_desc/share/arm_desc/urdf
[0.871s] -- Up-to-date: /home/electric/ros2_ws/install/arm_desc/share/arm_desc/urdf/arm_gazebo.xacro
[0.871s] -- Installing: /home/electric/ros2_ws/install/arm_desc/share/arm_desc/urdf/arm_ros2_control.xacro
[0.875s] -- Up-to-date: /home/electric/ros2_ws/install/arm_desc/share/arm_desc/urdf/arm.urdf.xacro
[0.911s] -- Up-to-date: /home/electric/ros2_ws/install/arm_desc/share/arm_desc/launch
[0.911s] -- Installing: /home/electric/ros2_ws/install/arm_desc/share/arm_desc/launch/gazebo.launch.py
[0.952s] -- Up-to-date: /home/electric/ros2_ws/install/arm_desc/share/arm_desc/launch/display.launch.py
[0.952s] -- Up-to-date: /home/electric/ros2_ws/install/arm_desc/share/arm_desc/rviz
[0.952s] -- Up-to-date: /home/electric/ros2_ws/install/arm_desc/share/arm_desc/rviz/display.rviz
[0.953s] -- Up-to-date: /home/electric/ros2_ws/install/arm_desc/share/ament_index/resource_index/package_run_dependencies/arm_desc
[0.954s] -- Up-to-date: /home/electric/ros2_ws/install/arm_desc/share/ament_index/resource_index/parent_prefix_path/arm_desc
[0.955s] -- Up-to-date: /home/electric/ros2_ws/install/arm_desc/share/arm_desc/environment/ament_prefix_path.sh
[0.955s] -- Up-to-date: /home/electric/ros2_ws/install/arm_desc/share/arm_desc/environment/ament_prefix_path.dsv
[0.955s] -- Up-to-date: /home/electric/ros2_ws/install/arm_desc/share/arm_desc/environment/path.sh
[0.956s] -- Up-to-date: /home/electric/ros2_ws/install/arm_desc/share/arm_desc/environment/path.dsv
[0.956s] -- Up-to-date: /home/electric/ros2_ws/install/arm_desc/share/arm_desc/local_setup.bash
[0.956s] -- Up-to-date: /home/electric/ros2_ws/install/arm_desc/share/arm_desc/local_setup.sh
[0.956s] -- Up-to-date: /home/electric/ros2_ws/install/arm_desc/share/arm_desc/local_setup.zsh
[0.956s] -- Up-to-date: /home/electric/ros2_ws/install/arm_desc/share/arm_desc/local_setup.dsv
[0.957s] -- Installing: /home/electric/ros2_ws/install/arm_desc/share/arm_desc/package.dsv
[0.957s] -- Up-to-date: /home/electric/ros2_ws/install/arm_desc/share/ament_index/resource_index/packages/arm_desc
[0.957s] -- Up-to-date: /home/electric/ros2_ws/install/arm_desc/share/arm_desc/cmake/arm_descConfig.cmake
[0.957s] -- Up-to-date: /home/electric/ros2_ws/install/arm_desc/share/arm_desc/cmake/arm_descConfig-version.cmake
[0.957s] -- Up-to-date: /home/electric/ros2_ws/install/arm_desc/share/arm_desc/package.xml
[1.269s] Invoked command in '/home/electric/ros2_ws/build/arm_desc' returned '0': CMAKE_PREFIX_PATH=${CMAKE_PREFIX_PATH}:/home/electric/ros2_ws/install/arm_py:/opt/ros/humble /usr/bin/cmake --install /home/electric/ros2_ws/build/arm_desc
