[0.020s] Invoking command in '/home/electric/ros2_ws/build/arm_desc': CMAKE_PREFIX_PATH=${CMAKE_PREFIX_PATH}:/home/electric/ros2_ws/install/arm_py:/opt/ros/humble /usr/bin/cmake --build /home/electric/ros2_ws/build/arm_desc -- -j12 -l12
[0.059s] -- Found ament_cmake: 1.3.11 (/opt/ros/humble/share/ament_cmake/cmake)
[0.197s] -- Found ament_lint_auto: 0.12.11 (/opt/ros/humble/share/ament_lint_auto/cmake)
[0.290s] -- Added test 'lint_cmake' to check CMake code style
[0.292s] -- Added test 'xmllint' to check XML markup files
[0.294s] -- Configuring done
[0.301s] -- Generating done
[0.303s] -- Build files have been written to: /home/electric/ros2_ws/build/arm_desc
[0.338s] Invoked command in '/home/electric/ros2_ws/build/arm_desc' returned '0': CMAKE_PREFIX_PATH=${CMAKE_PREFIX_PATH}:/home/electric/ros2_ws/install/arm_py:/opt/ros/humble /usr/bin/cmake --build /home/electric/ros2_ws/build/arm_desc -- -j12 -l12
[0.341s] Invoking command in '/home/electric/ros2_ws/build/arm_desc': CMAKE_PREFIX_PATH=${CMAKE_PREFIX_PATH}:/home/electric/ros2_ws/install/arm_py:/opt/ros/humble /usr/bin/cmake --install /home/electric/ros2_ws/build/arm_desc
[0.348s] -- Install configuration: ""
[0.348s] -- Up-to-date: /home/electric/ros2_ws/install/arm_desc/share/arm_desc/meshes
[0.348s] -- Up-to-date: /home/electric/ros2_ws/install/arm_desc/share/arm_desc/meshes/triangular_link.STL
[0.348s] -- Up-to-date: /home/electric/ros2_ws/install/arm_desc/share/arm_desc/meshes/vertical_drive_arm.STL
[0.349s] -- Up-to-date: /home/electric/ros2_ws/install/arm_desc/share/arm_desc/meshes/base_plate.STL
[0.349s] -- Up-to-date: /home/electric/ros2_ws/install/arm_desc/share/arm_desc/meshes/forward_drive_arm.STL
[0.349s] -- Up-to-date: /home/electric/ros2_ws/install/arm_desc/share/arm_desc/meshes/servo_plate.STL
[0.349s] -- Up-to-date: /home/electric/ros2_ws/install/arm_desc/share/arm_desc/meshes/round_plate.STL
[0.349s] -- Up-to-date: /home/electric/ros2_ws/install/arm_desc/share/arm_desc/meshes/plate.STL
[0.349s] -- Up-to-date: /home/electric/ros2_ws/install/arm_desc/share/arm_desc/meshes/claw_support.STL
[0.349s] -- Up-to-date: /home/electric/ros2_ws/install/arm_desc/share/arm_desc/meshes/right_finger.STL
[0.349s] -- Up-to-date: /home/electric/ros2_ws/install/arm_desc/share/arm_desc/meshes/left_finger.STL
[0.349s] -- Up-to-date: /home/electric/ros2_ws/install/arm_desc/share/arm_desc/meshes/horizontal_arm.STL
[0.349s] -- Up-to-date: /home/electric/ros2_ws/install/arm_desc/share/arm_desc/meshes/basement.STL
[0.349s] -- Up-to-date: /home/electric/ros2_ws/install/arm_desc/share/arm_desc/meshes/link.STL
[0.349s] -- Up-to-date: /home/electric/ros2_ws/install/arm_desc/share/arm_desc/urdf
[0.349s] -- Installing: /home/electric/ros2_ws/install/arm_desc/share/arm_desc/urdf/arm.urdf.xacro
[0.349s] -- Up-to-date: /home/electric/ros2_ws/install/arm_desc/share/ament_index/resource_index/package_run_dependencies/arm_desc
[0.349s] -- Installing: /home/electric/ros2_ws/install/arm_desc/share/ament_index/resource_index/parent_prefix_path/arm_desc
[0.350s] -- Up-to-date: /home/electric/ros2_ws/install/arm_desc/share/arm_desc/environment/ament_prefix_path.sh
[0.350s] -- Installing: /home/electric/ros2_ws/install/arm_desc/share/arm_desc/environment/ament_prefix_path.dsv
[0.350s] -- Up-to-date: /home/electric/ros2_ws/install/arm_desc/share/arm_desc/environment/path.sh
[0.350s] -- Installing: /home/electric/ros2_ws/install/arm_desc/share/arm_desc/environment/path.dsv
[0.350s] -- Up-to-date: /home/electric/ros2_ws/install/arm_desc/share/arm_desc/local_setup.bash
[0.350s] -- Up-to-date: /home/electric/ros2_ws/install/arm_desc/share/arm_desc/local_setup.sh
[0.350s] -- Up-to-date: /home/electric/ros2_ws/install/arm_desc/share/arm_desc/local_setup.zsh
[0.350s] -- Installing: /home/electric/ros2_ws/install/arm_desc/share/arm_desc/local_setup.dsv
[0.351s] -- Installing: /home/electric/ros2_ws/install/arm_desc/share/arm_desc/package.dsv
[0.351s] -- Up-to-date: /home/electric/ros2_ws/install/arm_desc/share/ament_index/resource_index/packages/arm_desc
[0.351s] -- Up-to-date: /home/electric/ros2_ws/install/arm_desc/share/arm_desc/cmake/arm_descConfig.cmake
[0.351s] -- Up-to-date: /home/electric/ros2_ws/install/arm_desc/share/arm_desc/cmake/arm_descConfig-version.cmake
[0.351s] -- Up-to-date: /home/electric/ros2_ws/install/arm_desc/share/arm_desc/package.xml
[0.355s] Invoked command in '/home/electric/ros2_ws/build/arm_desc' returned '0': CMAKE_PREFIX_PATH=${CMAKE_PREFIX_PATH}:/home/electric/ros2_ws/install/arm_py:/opt/ros/humble /usr/bin/cmake --install /home/electric/ros2_ws/build/arm_desc
