[0.023s] Invoking command in '/home/electric/ros2_ws/src/build/arm_controller': CMAKE_PREFIX_PATH=${CMAKE_PREFIX_PATH}:/home/electric/ros2_ws/install/arm_py:/opt/ros/humble /usr/bin/cmake /home/electric/ros2_ws/src/arm_controller -DCMAKE_INSTALL_PREFIX=/home/electric/ros2_ws/src/install/arm_controller
[0.249s] -- The C compiler identification is GNU 11.4.0
[0.435s] -- The CXX compiler identification is GNU 11.4.0
[0.449s] -- Detecting C compiler ABI info
[0.551s] -- Detecting C compiler ABI info - done
[0.560s] -- Check for working C compiler: /usr/bin/cc - skipped
[0.560s] -- Detecting C compile features
[0.560s] -- Detecting C compile features - done
[0.564s] -- Detecting CXX compiler ABI info
[0.664s] -- Detecting CXX compiler ABI info - done
[0.681s] -- Check for working CXX compiler: /usr/bin/c++ - skipped
[0.682s] -- Detecting CXX compile features
[0.683s] -- Detecting CXX compile features - done
[0.690s] -- Found ament_cmake: 1.3.11 (/opt/ros/humble/share/ament_cmake/cmake)
[0.906s] -- Found Python3: /usr/bin/python3 (found version "3.10.12") found components: Interpreter 
[1.048s] -- Found ament_lint_auto: 0.12.11 (/opt/ros/humble/share/ament_lint_auto/cmake)
[1.144s] -- Added test 'lint_cmake' to check CMake code style
[1.145s] -- Added test 'xmllint' to check XML markup files
[1.148s] -- Configuring done
[1.152s] -- Generating done
[1.154s] -- Build files have been written to: /home/electric/ros2_ws/src/build/arm_controller
[1.162s] Invoked command in '/home/electric/ros2_ws/src/build/arm_controller' returned '0': CMAKE_PREFIX_PATH=${CMAKE_PREFIX_PATH}:/home/electric/ros2_ws/install/arm_py:/opt/ros/humble /usr/bin/cmake /home/electric/ros2_ws/src/arm_controller -DCMAKE_INSTALL_PREFIX=/home/electric/ros2_ws/src/install/arm_controller
[1.164s] Invoking command in '/home/electric/ros2_ws/src/build/arm_controller': CMAKE_PREFIX_PATH=${CMAKE_PREFIX_PATH}:/home/electric/ros2_ws/install/arm_py:/opt/ros/humble /usr/bin/cmake --build /home/electric/ros2_ws/src/build/arm_controller -- -j12 -l12
[1.213s] Invoked command in '/home/electric/ros2_ws/src/build/arm_controller' returned '0': CMAKE_PREFIX_PATH=${CMAKE_PREFIX_PATH}:/home/electric/ros2_ws/install/arm_py:/opt/ros/humble /usr/bin/cmake --build /home/electric/ros2_ws/src/build/arm_controller -- -j12 -l12
[1.231s] Invoking command in '/home/electric/ros2_ws/src/build/arm_controller': CMAKE_PREFIX_PATH=${CMAKE_PREFIX_PATH}:/home/electric/ros2_ws/install/arm_py:/opt/ros/humble /usr/bin/cmake --install /home/electric/ros2_ws/src/build/arm_controller
[1.239s] -- Install configuration: ""
[1.239s] -- Installing: /home/electric/ros2_ws/src/install/arm_controller/share/ament_index/resource_index/package_run_dependencies/arm_controller
[1.239s] -- Installing: /home/electric/ros2_ws/src/install/arm_controller/share/ament_index/resource_index/parent_prefix_path/arm_controller
[1.239s] -- Installing: /home/electric/ros2_ws/src/install/arm_controller/share/arm_controller/environment/ament_prefix_path.sh
[1.239s] -- Installing: /home/electric/ros2_ws/src/install/arm_controller/share/arm_controller/environment/ament_prefix_path.dsv
[1.239s] -- Installing: /home/electric/ros2_ws/src/install/arm_controller/share/arm_controller/environment/path.sh
[1.240s] -- Installing: /home/electric/ros2_ws/src/install/arm_controller/share/arm_controller/environment/path.dsv
[1.240s] -- Installing: /home/electric/ros2_ws/src/install/arm_controller/share/arm_controller/local_setup.bash
[1.240s] -- Installing: /home/electric/ros2_ws/src/install/arm_controller/share/arm_controller/local_setup.sh
[1.240s] -- Installing: /home/electric/ros2_ws/src/install/arm_controller/share/arm_controller/local_setup.zsh
[1.240s] -- Installing: /home/electric/ros2_ws/src/install/arm_controller/share/arm_controller/local_setup.dsv
[1.240s] -- Installing: /home/electric/ros2_ws/src/install/arm_controller/share/arm_controller/package.dsv
[1.241s] -- Installing: /home/electric/ros2_ws/src/install/arm_controller/share/ament_index/resource_index/packages/arm_controller
[1.241s] -- Installing: /home/electric/ros2_ws/src/install/arm_controller/share/arm_controller/cmake/arm_controllerConfig.cmake
[1.241s] -- Installing: /home/electric/ros2_ws/src/install/arm_controller/share/arm_controller/cmake/arm_controllerConfig-version.cmake
[1.241s] -- Installing: /home/electric/ros2_ws/src/install/arm_controller/share/arm_controller/package.xml
[1.243s] Invoked command in '/home/electric/ros2_ws/src/build/arm_controller' returned '0': CMAKE_PREFIX_PATH=${CMAKE_PREFIX_PATH}:/home/electric/ros2_ws/install/arm_py:/opt/ros/humble /usr/bin/cmake --install /home/electric/ros2_ws/src/build/arm_controller
