[0.022s] Invoking command in '/home/electric/ros2_ws/build/arm_controller': CMAKE_PREFIX_PATH=${CMAKE_PREFIX_PATH}:/home/electric/ros2_ws/install/arm_py:/opt/ros/humble /usr/bin/cmake --build /home/electric/ros2_ws/build/arm_controller -- -j12 -l12
[0.058s] -- Found ament_cmake: 1.3.11 (/opt/ros/humble/share/ament_cmake/cmake)
[0.201s] -- Found ament_lint_auto: 0.12.11 (/opt/ros/humble/share/ament_lint_auto/cmake)
[0.296s] -- Added test 'lint_cmake' to check CMake code style
[0.297s] -- Added test 'xmllint' to check XML markup files
[0.299s] -- Configuring done
[0.306s] -- Generating done
[0.317s] -- Build files have been written to: /home/electric/ros2_ws/build/arm_controller
[0.374s] Invoked command in '/home/electric/ros2_ws/build/arm_controller' returned '0': CMAKE_PREFIX_PATH=${CMAKE_PREFIX_PATH}:/home/electric/ros2_ws/install/arm_py:/opt/ros/humble /usr/bin/cmake --build /home/electric/ros2_ws/build/arm_controller -- -j12 -l12
[0.376s] Invoking command in '/home/electric/ros2_ws/build/arm_controller': CMAKE_PREFIX_PATH=${CMAKE_PREFIX_PATH}:/home/electric/ros2_ws/install/arm_py:/opt/ros/humble /usr/bin/cmake --install /home/electric/ros2_ws/build/arm_controller
[0.386s] -- Install configuration: ""
[0.386s] -- Up-to-date: /home/electric/ros2_ws/install/arm_controller/share/arm_controller/config
[0.387s] -- Installing: /home/electric/ros2_ws/install/arm_controller/share/arm_controller/config/arm_controllers.yaml
[0.388s] -- Up-to-date: /home/electric/ros2_ws/install/arm_controller/share/ament_index/resource_index/package_run_dependencies/arm_controller
[0.388s] -- Up-to-date: /home/electric/ros2_ws/install/arm_controller/share/ament_index/resource_index/parent_prefix_path/arm_controller
[0.388s] -- Up-to-date: /home/electric/ros2_ws/install/arm_controller/share/arm_controller/environment/ament_prefix_path.sh
[0.388s] -- Installing: /home/electric/ros2_ws/install/arm_controller/share/arm_controller/environment/ament_prefix_path.dsv
[0.388s] -- Up-to-date: /home/electric/ros2_ws/install/arm_controller/share/arm_controller/environment/path.sh
[0.388s] -- Installing: /home/electric/ros2_ws/install/arm_controller/share/arm_controller/environment/path.dsv
[0.388s] -- Up-to-date: /home/electric/ros2_ws/install/arm_controller/share/arm_controller/local_setup.bash
[0.388s] -- Up-to-date: /home/electric/ros2_ws/install/arm_controller/share/arm_controller/local_setup.sh
[0.388s] -- Up-to-date: /home/electric/ros2_ws/install/arm_controller/share/arm_controller/local_setup.zsh
[0.388s] -- Installing: /home/electric/ros2_ws/install/arm_controller/share/arm_controller/local_setup.dsv
[0.389s] -- Installing: /home/electric/ros2_ws/install/arm_controller/share/arm_controller/package.dsv
[0.389s] -- Up-to-date: /home/electric/ros2_ws/install/arm_controller/share/ament_index/resource_index/packages/arm_controller
[0.389s] -- Up-to-date: /home/electric/ros2_ws/install/arm_controller/share/arm_controller/cmake/arm_controllerConfig.cmake
[0.389s] -- Up-to-date: /home/electric/ros2_ws/install/arm_controller/share/arm_controller/cmake/arm_controllerConfig-version.cmake
[0.389s] -- Up-to-date: /home/electric/ros2_ws/install/arm_controller/share/arm_controller/package.xml
[0.408s] Invoked command in '/home/electric/ros2_ws/build/arm_controller' returned '0': CMAKE_PREFIX_PATH=${CMAKE_PREFIX_PATH}:/home/electric/ros2_ws/install/arm_py:/opt/ros/humble /usr/bin/cmake --install /home/electric/ros2_ws/build/arm_controller
