[0.429s] DEBUG:colcon:Command line arguments: ['/usr/bin/colcon', 'build']
[0.429s] DEBUG:colcon:Parsed command line arguments: Namespace(log_base=None, log_level=None, verb_name='build', build_base='build', install_base='install', merge_install=False, symlink_install=False, test_result_base=None, continue_on_error=False, executor='parallel', parallel_workers=12, event_handlers=None, ignore_user_meta=False, metas=['./colcon.meta'], base_paths=['.'], packages_ignore=None, packages_ignore_regex=None, paths=None, packages_up_to=None, packages_up_to_regex=None, packages_above=None, packages_above_and_dependencies=None, packages_above_depth=None, packages_select_by_dep=None, packages_skip_by_dep=None, packages_skip_up_to=None, packages_select_build_failed=False, packages_skip_build_finished=False, packages_select_test_failures=False, packages_skip_test_passed=False, packages_select=None, packages_skip=None, packages_select_regex=None, packages_skip_regex=None, packages_start=None, packages_end=None, allow_overriding=[], cmake_args=None, cmake_target=None, cmake_target_skip_unavailable=False, cmake_clean_cache=False, cmake_clean_first=False, cmake_force_configure=False, ament_cmake_args=None, catkin_cmake_args=None, catkin_skip_building_tests=False, mixin_files=None, mixin=None, verb_parser=<colcon_mixin.mixin.mixin_argument.MixinArgumentDecorator object at 0x75835a95d6f0>, verb_extension=<colcon_core.verb.build.BuildVerb object at 0x75835aad6da0>, main=<bound method BuildVerb.main of <colcon_core.verb.build.BuildVerb object at 0x75835aad6da0>>, mixin_verb=('build',))
[0.773s] Level 1:colcon.colcon_core.package_discovery:discover_packages(colcon_meta) check parameters
[0.773s] Level 1:colcon.colcon_core.package_discovery:discover_packages(recursive) check parameters
[0.773s] Level 1:colcon.colcon_core.package_discovery:discover_packages(ignore) check parameters
[0.773s] Level 1:colcon.colcon_core.package_discovery:discover_packages(path) check parameters
[0.773s] Level 1:colcon.colcon_core.package_discovery:discover_packages(colcon_meta) discover
[0.773s] Level 1:colcon.colcon_core.package_discovery:discover_packages(recursive) discover
[0.773s] INFO:colcon.colcon_core.package_discovery:Crawling recursively for packages in '/home/electric/ros2_ws'
[0.774s] Level 1:colcon.colcon_core.package_identification:_identify(.) by extensions ['ignore', 'ignore_ament_install']
[0.774s] Level 1:colcon.colcon_core.package_identification:_identify(.) by extension 'ignore'
[0.774s] Level 1:colcon.colcon_core.package_identification:_identify(.) by extension 'ignore_ament_install'
[0.774s] Level 1:colcon.colcon_core.package_identification:_identify(.) by extensions ['colcon_pkg']
[0.774s] Level 1:colcon.colcon_core.package_identification:_identify(.) by extension 'colcon_pkg'
[0.774s] Level 1:colcon.colcon_core.package_identification:_identify(.) by extensions ['colcon_meta']
[0.774s] Level 1:colcon.colcon_core.package_identification:_identify(.) by extension 'colcon_meta'
[0.774s] Level 1:colcon.colcon_core.package_identification:_identify(.) by extensions ['ros']
[0.774s] Level 1:colcon.colcon_core.package_identification:_identify(.) by extension 'ros'
[0.803s] Level 1:colcon.colcon_core.package_identification:_identify(.) by extensions ['cmake', 'python']
[0.803s] Level 1:colcon.colcon_core.package_identification:_identify(.) by extension 'cmake'
[0.803s] Level 1:colcon.colcon_core.package_identification:_identify(.) by extension 'python'
[0.803s] Level 1:colcon.colcon_core.package_identification:_identify(.) by extensions ['python_setup_py']
[0.803s] Level 1:colcon.colcon_core.package_identification:_identify(.) by extension 'python_setup_py'
[0.804s] Level 1:colcon.colcon_core.package_identification:_identify(build) by extensions ['ignore', 'ignore_ament_install']
[0.804s] Level 1:colcon.colcon_core.package_identification:_identify(build) by extension 'ignore'
[0.804s] Level 1:colcon.colcon_core.package_identification:_identify(build) ignored
[0.805s] Level 1:colcon.colcon_core.package_identification:_identify(install) by extensions ['ignore', 'ignore_ament_install']
[0.805s] Level 1:colcon.colcon_core.package_identification:_identify(install) by extension 'ignore'
[0.805s] Level 1:colcon.colcon_core.package_identification:_identify(install) ignored
[0.805s] Level 1:colcon.colcon_core.package_identification:_identify(log) by extensions ['ignore', 'ignore_ament_install']
[0.805s] Level 1:colcon.colcon_core.package_identification:_identify(log) by extension 'ignore'
[0.805s] Level 1:colcon.colcon_core.package_identification:_identify(log) ignored
[0.806s] Level 1:colcon.colcon_core.package_identification:_identify(src) by extensions ['ignore', 'ignore_ament_install']
[0.806s] Level 1:colcon.colcon_core.package_identification:_identify(src) by extension 'ignore'
[0.806s] Level 1:colcon.colcon_core.package_identification:_identify(src) by extension 'ignore_ament_install'
[0.806s] Level 1:colcon.colcon_core.package_identification:_identify(src) by extensions ['colcon_pkg']
[0.806s] Level 1:colcon.colcon_core.package_identification:_identify(src) by extension 'colcon_pkg'
[0.806s] Level 1:colcon.colcon_core.package_identification:_identify(src) by extensions ['colcon_meta']
[0.806s] Level 1:colcon.colcon_core.package_identification:_identify(src) by extension 'colcon_meta'
[0.806s] Level 1:colcon.colcon_core.package_identification:_identify(src) by extensions ['ros']
[0.806s] Level 1:colcon.colcon_core.package_identification:_identify(src) by extension 'ros'
[0.806s] Level 1:colcon.colcon_core.package_identification:_identify(src) by extensions ['cmake', 'python']
[0.806s] Level 1:colcon.colcon_core.package_identification:_identify(src) by extension 'cmake'
[0.806s] Level 1:colcon.colcon_core.package_identification:_identify(src) by extension 'python'
[0.806s] Level 1:colcon.colcon_core.package_identification:_identify(src) by extensions ['python_setup_py']
[0.806s] Level 1:colcon.colcon_core.package_identification:_identify(src) by extension 'python_setup_py'
[0.807s] Level 1:colcon.colcon_core.package_identification:_identify(src/arm_controller) by extensions ['ignore', 'ignore_ament_install']
[0.807s] Level 1:colcon.colcon_core.package_identification:_identify(src/arm_controller) by extension 'ignore'
[0.807s] Level 1:colcon.colcon_core.package_identification:_identify(src/arm_controller) by extension 'ignore_ament_install'
[0.807s] Level 1:colcon.colcon_core.package_identification:_identify(src/arm_controller) by extensions ['colcon_pkg']
[0.807s] Level 1:colcon.colcon_core.package_identification:_identify(src/arm_controller) by extension 'colcon_pkg'
[0.807s] Level 1:colcon.colcon_core.package_identification:_identify(src/arm_controller) by extensions ['colcon_meta']
[0.807s] Level 1:colcon.colcon_core.package_identification:_identify(src/arm_controller) by extension 'colcon_meta'
[0.807s] Level 1:colcon.colcon_core.package_identification:_identify(src/arm_controller) by extensions ['ros']
[0.807s] Level 1:colcon.colcon_core.package_identification:_identify(src/arm_controller) by extension 'ros'
[0.813s] DEBUG:colcon.colcon_core.package_identification:Package 'src/arm_controller' with type 'ros.ament_cmake' and name 'arm_controller'
[0.814s] Level 1:colcon.colcon_core.package_identification:_identify(src/arm_desc) by extensions ['ignore', 'ignore_ament_install']
[0.814s] Level 1:colcon.colcon_core.package_identification:_identify(src/arm_desc) by extension 'ignore'
[0.814s] Level 1:colcon.colcon_core.package_identification:_identify(src/arm_desc) by extension 'ignore_ament_install'
[0.814s] Level 1:colcon.colcon_core.package_identification:_identify(src/arm_desc) by extensions ['colcon_pkg']
[0.814s] Level 1:colcon.colcon_core.package_identification:_identify(src/arm_desc) by extension 'colcon_pkg'
[0.814s] Level 1:colcon.colcon_core.package_identification:_identify(src/arm_desc) by extensions ['colcon_meta']
[0.814s] Level 1:colcon.colcon_core.package_identification:_identify(src/arm_desc) by extension 'colcon_meta'
[0.814s] Level 1:colcon.colcon_core.package_identification:_identify(src/arm_desc) by extensions ['ros']
[0.814s] Level 1:colcon.colcon_core.package_identification:_identify(src/arm_desc) by extension 'ros'
[0.819s] DEBUG:colcon.colcon_core.package_identification:Package 'src/arm_desc' with type 'ros.ament_cmake' and name 'arm_desc'
[0.819s] Level 1:colcon.colcon_core.package_identification:_identify(src/arm_py) by extensions ['ignore', 'ignore_ament_install']
[0.820s] Level 1:colcon.colcon_core.package_identification:_identify(src/arm_py) by extension 'ignore'
[0.820s] Level 1:colcon.colcon_core.package_identification:_identify(src/arm_py) by extension 'ignore_ament_install'
[0.820s] Level 1:colcon.colcon_core.package_identification:_identify(src/arm_py) by extensions ['colcon_pkg']
[0.820s] Level 1:colcon.colcon_core.package_identification:_identify(src/arm_py) by extension 'colcon_pkg'
[0.820s] Level 1:colcon.colcon_core.package_identification:_identify(src/arm_py) by extensions ['colcon_meta']
[0.820s] Level 1:colcon.colcon_core.package_identification:_identify(src/arm_py) by extension 'colcon_meta'
[0.820s] Level 1:colcon.colcon_core.package_identification:_identify(src/arm_py) by extensions ['ros']
[0.820s] Level 1:colcon.colcon_core.package_identification:_identify(src/arm_py) by extension 'ros'
[0.822s] DEBUG:colcon.colcon_core.package_identification:Package 'src/arm_py' with type 'ros.ament_python' and name 'arm_py'
[0.822s] Level 1:colcon.colcon_core.package_discovery:discover_packages(recursive) using defaults
[0.822s] Level 1:colcon.colcon_core.package_discovery:discover_packages(ignore) discover
[0.822s] Level 1:colcon.colcon_core.package_discovery:discover_packages(ignore) using defaults
[0.822s] Level 1:colcon.colcon_core.package_discovery:discover_packages(path) discover
[0.822s] Level 1:colcon.colcon_core.package_discovery:discover_packages(path) using defaults
[0.915s] Level 1:colcon.colcon_core.package_discovery:discover_packages(prefix_path) check parameters
[0.916s] Level 1:colcon.colcon_core.package_discovery:discover_packages(prefix_path) discover
[0.924s] DEBUG:colcon.colcon_installed_package_information.package_discovery:Found 4 installed packages in /home/electric/ros2_ws/install
[0.927s] DEBUG:colcon.colcon_installed_package_information.package_discovery:Found 324 installed packages in /opt/ros/humble
[0.929s] Level 1:colcon.colcon_core.package_discovery:discover_packages(prefix_path) using defaults
[1.044s] Level 5:colcon.colcon_core.verb:set package 'arm_controller' build argument 'cmake_args' from command line to 'None'
[1.044s] Level 5:colcon.colcon_core.verb:set package 'arm_controller' build argument 'cmake_target' from command line to 'None'
[1.044s] Level 5:colcon.colcon_core.verb:set package 'arm_controller' build argument 'cmake_target_skip_unavailable' from command line to 'False'
[1.044s] Level 5:colcon.colcon_core.verb:set package 'arm_controller' build argument 'cmake_clean_cache' from command line to 'False'
[1.044s] Level 5:colcon.colcon_core.verb:set package 'arm_controller' build argument 'cmake_clean_first' from command line to 'False'
[1.044s] Level 5:colcon.colcon_core.verb:set package 'arm_controller' build argument 'cmake_force_configure' from command line to 'False'
[1.044s] Level 5:colcon.colcon_core.verb:set package 'arm_controller' build argument 'ament_cmake_args' from command line to 'None'
[1.044s] Level 5:colcon.colcon_core.verb:set package 'arm_controller' build argument 'catkin_cmake_args' from command line to 'None'
[1.044s] Level 5:colcon.colcon_core.verb:set package 'arm_controller' build argument 'catkin_skip_building_tests' from command line to 'False'
[1.044s] DEBUG:colcon.colcon_core.verb:Building package 'arm_controller' with the following arguments: {'ament_cmake_args': None, 'build_base': '/home/electric/ros2_ws/build/arm_controller', 'catkin_cmake_args': None, 'catkin_skip_building_tests': False, 'cmake_args': None, 'cmake_clean_cache': False, 'cmake_clean_first': False, 'cmake_force_configure': False, 'cmake_target': None, 'cmake_target_skip_unavailable': False, 'install_base': '/home/electric/ros2_ws/install/arm_controller', 'merge_install': False, 'path': '/home/electric/ros2_ws/src/arm_controller', 'symlink_install': False, 'test_result_base': None}
[1.045s] Level 5:colcon.colcon_core.verb:set package 'arm_desc' build argument 'cmake_args' from command line to 'None'
[1.045s] Level 5:colcon.colcon_core.verb:set package 'arm_desc' build argument 'cmake_target' from command line to 'None'
[1.045s] Level 5:colcon.colcon_core.verb:set package 'arm_desc' build argument 'cmake_target_skip_unavailable' from command line to 'False'
[1.045s] Level 5:colcon.colcon_core.verb:set package 'arm_desc' build argument 'cmake_clean_cache' from command line to 'False'
[1.045s] Level 5:colcon.colcon_core.verb:set package 'arm_desc' build argument 'cmake_clean_first' from command line to 'False'
[1.045s] Level 5:colcon.colcon_core.verb:set package 'arm_desc' build argument 'cmake_force_configure' from command line to 'False'
[1.045s] Level 5:colcon.colcon_core.verb:set package 'arm_desc' build argument 'ament_cmake_args' from command line to 'None'
[1.045s] Level 5:colcon.colcon_core.verb:set package 'arm_desc' build argument 'catkin_cmake_args' from command line to 'None'
[1.045s] Level 5:colcon.colcon_core.verb:set package 'arm_desc' build argument 'catkin_skip_building_tests' from command line to 'False'
[1.045s] DEBUG:colcon.colcon_core.verb:Building package 'arm_desc' with the following arguments: {'ament_cmake_args': None, 'build_base': '/home/electric/ros2_ws/build/arm_desc', 'catkin_cmake_args': None, 'catkin_skip_building_tests': False, 'cmake_args': None, 'cmake_clean_cache': False, 'cmake_clean_first': False, 'cmake_force_configure': False, 'cmake_target': None, 'cmake_target_skip_unavailable': False, 'install_base': '/home/electric/ros2_ws/install/arm_desc', 'merge_install': False, 'path': '/home/electric/ros2_ws/src/arm_desc', 'symlink_install': False, 'test_result_base': None}
[1.045s] Level 5:colcon.colcon_core.verb:set package 'arm_py' build argument 'cmake_args' from command line to 'None'
[1.045s] Level 5:colcon.colcon_core.verb:set package 'arm_py' build argument 'cmake_target' from command line to 'None'
[1.045s] Level 5:colcon.colcon_core.verb:set package 'arm_py' build argument 'cmake_target_skip_unavailable' from command line to 'False'
[1.045s] Level 5:colcon.colcon_core.verb:set package 'arm_py' build argument 'cmake_clean_cache' from command line to 'False'
[1.045s] Level 5:colcon.colcon_core.verb:set package 'arm_py' build argument 'cmake_clean_first' from command line to 'False'
[1.045s] Level 5:colcon.colcon_core.verb:set package 'arm_py' build argument 'cmake_force_configure' from command line to 'False'
[1.046s] Level 5:colcon.colcon_core.verb:set package 'arm_py' build argument 'ament_cmake_args' from command line to 'None'
[1.046s] Level 5:colcon.colcon_core.verb:set package 'arm_py' build argument 'catkin_cmake_args' from command line to 'None'
[1.046s] Level 5:colcon.colcon_core.verb:set package 'arm_py' build argument 'catkin_skip_building_tests' from command line to 'False'
[1.046s] DEBUG:colcon.colcon_core.verb:Building package 'arm_py' with the following arguments: {'ament_cmake_args': None, 'build_base': '/home/electric/ros2_ws/build/arm_py', 'catkin_cmake_args': None, 'catkin_skip_building_tests': False, 'cmake_args': None, 'cmake_clean_cache': False, 'cmake_clean_first': False, 'cmake_force_configure': False, 'cmake_target': None, 'cmake_target_skip_unavailable': False, 'install_base': '/home/electric/ros2_ws/install/arm_py', 'merge_install': False, 'path': '/home/electric/ros2_ws/src/arm_py', 'symlink_install': False, 'test_result_base': None}
[1.046s] INFO:colcon.colcon_core.executor:Executing jobs using 'parallel' executor
[1.047s] DEBUG:colcon.colcon_parallel_executor.executor.parallel:run_until_complete
[1.048s] INFO:colcon.colcon_ros.task.ament_cmake.build:Building ROS package in '/home/electric/ros2_ws/src/arm_controller' with build type 'ament_cmake'
[1.048s] INFO:colcon.colcon_cmake.task.cmake.build:Building CMake package in '/home/electric/ros2_ws/src/arm_controller'
[1.054s] INFO:colcon.colcon_core.plugin_system:Skipping extension 'colcon_core.shell.bat': Not used on non-Windows systems
[1.055s] INFO:colcon.colcon_core.shell:Skip shell extension 'powershell' for command environment: Not usable outside of PowerShell
[1.055s] DEBUG:colcon.colcon_core.shell:Skip shell extension 'dsv' for command environment
[1.062s] INFO:colcon.colcon_ros.task.ament_cmake.build:Building ROS package in '/home/electric/ros2_ws/src/arm_desc' with build type 'ament_cmake'
[1.062s] INFO:colcon.colcon_cmake.task.cmake.build:Building CMake package in '/home/electric/ros2_ws/src/arm_desc'
[1.063s] INFO:colcon.colcon_core.shell:Skip shell extension 'powershell' for command environment: Not usable outside of PowerShell
[1.063s] DEBUG:colcon.colcon_core.shell:Skip shell extension 'dsv' for command environment
[1.069s] INFO:colcon.colcon_ros.task.ament_python.build:Building ROS package in '/home/electric/ros2_ws/src/arm_py' with build type 'ament_python'
[1.069s] Level 1:colcon.colcon_core.shell:create_environment_hook('arm_py', 'ament_prefix_path')
[1.070s] INFO:colcon.colcon_core.shell:Creating environment hook '/home/electric/ros2_ws/install/arm_py/share/arm_py/hook/ament_prefix_path.ps1'
[1.074s] INFO:colcon.colcon_core.shell:Creating environment descriptor '/home/electric/ros2_ws/install/arm_py/share/arm_py/hook/ament_prefix_path.dsv'
[1.076s] INFO:colcon.colcon_core.shell:Creating environment hook '/home/electric/ros2_ws/install/arm_py/share/arm_py/hook/ament_prefix_path.sh'
[1.079s] INFO:colcon.colcon_core.shell:Skip shell extension 'powershell' for command environment: Not usable outside of PowerShell
[1.079s] DEBUG:colcon.colcon_core.shell:Skip shell extension 'dsv' for command environment
[1.093s] DEBUG:colcon.colcon_core.event_handler.log_command:Invoking command in '/home/electric/ros2_ws/build/arm_controller': CMAKE_PREFIX_PATH=${CMAKE_PREFIX_PATH}:/home/electric/ros2_ws/install/arm_py:/opt/ros/humble /usr/bin/cmake --build /home/electric/ros2_ws/build/arm_controller -- -j12 -l12
[1.103s] DEBUG:colcon.colcon_core.event_handler.log_command:Invoking command in '/home/electric/ros2_ws/build/arm_desc': CMAKE_PREFIX_PATH=${CMAKE_PREFIX_PATH}:/home/electric/ros2_ws/install/arm_py:/opt/ros/humble /usr/bin/cmake --build /home/electric/ros2_ws/build/arm_desc -- -j12 -l12
[1.452s] INFO:colcon.colcon_core.task.python.build:Building Python package in '/home/electric/ros2_ws/src/arm_py'
[1.452s] INFO:colcon.colcon_core.shell:Skip shell extension 'powershell' for command environment: Not usable outside of PowerShell
[1.452s] DEBUG:colcon.colcon_core.shell:Skip shell extension 'dsv' for command environment
[1.458s] DEBUG:colcon.colcon_core.event_handler.log_command:Invoked command in '/home/electric/ros2_ws/build/arm_desc' returned '0': CMAKE_PREFIX_PATH=${CMAKE_PREFIX_PATH}:/home/electric/ros2_ws/install/arm_py:/opt/ros/humble /usr/bin/cmake --build /home/electric/ros2_ws/build/arm_desc -- -j12 -l12
[1.470s] DEBUG:colcon.colcon_core.event_handler.log_command:Invoking command in '/home/electric/ros2_ws/build/arm_desc': CMAKE_PREFIX_PATH=${CMAKE_PREFIX_PATH}:/home/electric/ros2_ws/install/arm_py:/opt/ros/humble /usr/bin/cmake --install /home/electric/ros2_ws/build/arm_desc
[1.471s] DEBUG:colcon.colcon_core.event_handler.log_command:Invoked command in '/home/electric/ros2_ws/build/arm_controller' returned '0': CMAKE_PREFIX_PATH=${CMAKE_PREFIX_PATH}:/home/electric/ros2_ws/install/arm_py:/opt/ros/humble /usr/bin/cmake --build /home/electric/ros2_ws/build/arm_controller -- -j12 -l12
[1.475s] DEBUG:colcon.colcon_core.event_handler.log_command:Invoking command in '/home/electric/ros2_ws/build/arm_controller': CMAKE_PREFIX_PATH=${CMAKE_PREFIX_PATH}:/home/electric/ros2_ws/install/arm_py:/opt/ros/humble /usr/bin/cmake --install /home/electric/ros2_ws/build/arm_controller
[1.492s] Level 1:colcon.colcon_core.environment:create_environment_scripts_only(arm_desc)
[1.493s] DEBUG:colcon.colcon_core.event_handler.log_command:Invoked command in '/home/electric/ros2_ws/build/arm_desc' returned '0': CMAKE_PREFIX_PATH=${CMAKE_PREFIX_PATH}:/home/electric/ros2_ws/install/arm_py:/opt/ros/humble /usr/bin/cmake --install /home/electric/ros2_ws/build/arm_desc
[1.502s] Level 1:colcon.colcon_core.environment:checking '/home/electric/ros2_ws/install/arm_desc' for CMake module files
[1.503s] Level 1:colcon.colcon_core.environment:checking '/home/electric/ros2_ws/install/arm_desc' for CMake config files
[1.505s] Level 1:colcon.colcon_core.shell:create_environment_hook('arm_desc', 'cmake_prefix_path')
[1.506s] INFO:colcon.colcon_core.shell:Creating environment hook '/home/electric/ros2_ws/install/arm_desc/share/arm_desc/hook/cmake_prefix_path.ps1'
[1.507s] INFO:colcon.colcon_core.shell:Creating environment descriptor '/home/electric/ros2_ws/install/arm_desc/share/arm_desc/hook/cmake_prefix_path.dsv'
[1.508s] INFO:colcon.colcon_core.shell:Creating environment hook '/home/electric/ros2_ws/install/arm_desc/share/arm_desc/hook/cmake_prefix_path.sh'
[1.510s] Level 1:colcon.colcon_core.environment:checking '/home/electric/ros2_ws/install/arm_desc/bin'
[1.510s] Level 1:colcon.colcon_core.environment:checking '/home/electric/ros2_ws/install/arm_desc/lib/pkgconfig/arm_desc.pc'
[1.510s] Level 1:colcon.colcon_core.environment:checking '/home/electric/ros2_ws/install/arm_desc/lib/python3.10/site-packages'
[1.511s] Level 1:colcon.colcon_core.environment:checking '/home/electric/ros2_ws/install/arm_desc/bin'
[1.512s] INFO:colcon.colcon_core.shell:Creating package script '/home/electric/ros2_ws/install/arm_desc/share/arm_desc/package.ps1'
[1.514s] INFO:colcon.colcon_core.shell:Creating package descriptor '/home/electric/ros2_ws/install/arm_desc/share/arm_desc/package.dsv'
[1.515s] INFO:colcon.colcon_core.shell:Creating package script '/home/electric/ros2_ws/install/arm_desc/share/arm_desc/package.sh'
[1.517s] INFO:colcon.colcon_core.shell:Creating package script '/home/electric/ros2_ws/install/arm_desc/share/arm_desc/package.bash'
[1.519s] INFO:colcon.colcon_core.shell:Creating package script '/home/electric/ros2_ws/install/arm_desc/share/arm_desc/package.zsh'
[1.520s] Level 1:colcon.colcon_core.environment:create_file_with_runtime_dependencies(/home/electric/ros2_ws/install/arm_desc/share/colcon-core/packages/arm_desc)
[1.521s] Level 1:colcon.colcon_core.environment:create_environment_scripts_only(arm_desc)
[1.522s] Level 1:colcon.colcon_core.environment:checking '/home/electric/ros2_ws/install/arm_desc' for CMake module files
[1.522s] Level 1:colcon.colcon_core.environment:checking '/home/electric/ros2_ws/install/arm_desc' for CMake config files
[1.522s] Level 1:colcon.colcon_core.shell:create_environment_hook('arm_desc', 'cmake_prefix_path')
[1.523s] INFO:colcon.colcon_core.shell:Creating environment hook '/home/electric/ros2_ws/install/arm_desc/share/arm_desc/hook/cmake_prefix_path.ps1'
[1.524s] INFO:colcon.colcon_core.shell:Creating environment descriptor '/home/electric/ros2_ws/install/arm_desc/share/arm_desc/hook/cmake_prefix_path.dsv'
[1.524s] INFO:colcon.colcon_core.shell:Creating environment hook '/home/electric/ros2_ws/install/arm_desc/share/arm_desc/hook/cmake_prefix_path.sh'
[1.526s] Level 1:colcon.colcon_core.environment:checking '/home/electric/ros2_ws/install/arm_desc/bin'
[1.526s] Level 1:colcon.colcon_core.environment:checking '/home/electric/ros2_ws/install/arm_desc/lib/pkgconfig/arm_desc.pc'
[1.526s] Level 1:colcon.colcon_core.environment:checking '/home/electric/ros2_ws/install/arm_desc/lib/python3.10/site-packages'
[1.526s] Level 1:colcon.colcon_core.environment:checking '/home/electric/ros2_ws/install/arm_desc/bin'
[1.527s] INFO:colcon.colcon_core.shell:Creating package script '/home/electric/ros2_ws/install/arm_desc/share/arm_desc/package.ps1'
[1.528s] INFO:colcon.colcon_core.shell:Creating package descriptor '/home/electric/ros2_ws/install/arm_desc/share/arm_desc/package.dsv'
[1.528s] INFO:colcon.colcon_core.shell:Creating package script '/home/electric/ros2_ws/install/arm_desc/share/arm_desc/package.sh'
[1.529s] INFO:colcon.colcon_core.shell:Creating package script '/home/electric/ros2_ws/install/arm_desc/share/arm_desc/package.bash'
[1.529s] INFO:colcon.colcon_core.shell:Creating package script '/home/electric/ros2_ws/install/arm_desc/share/arm_desc/package.zsh'
[1.530s] Level 1:colcon.colcon_core.environment:create_file_with_runtime_dependencies(/home/electric/ros2_ws/install/arm_desc/share/colcon-core/packages/arm_desc)
[1.531s] Level 1:colcon.colcon_core.environment:create_environment_scripts_only(arm_controller)
[1.532s] Level 1:colcon.colcon_core.environment:checking '/home/electric/ros2_ws/install/arm_controller' for CMake module files
[1.532s] DEBUG:colcon.colcon_core.event_handler.log_command:Invoked command in '/home/electric/ros2_ws/build/arm_controller' returned '0': CMAKE_PREFIX_PATH=${CMAKE_PREFIX_PATH}:/home/electric/ros2_ws/install/arm_py:/opt/ros/humble /usr/bin/cmake --install /home/electric/ros2_ws/build/arm_controller
[1.533s] Level 1:colcon.colcon_core.environment:checking '/home/electric/ros2_ws/install/arm_controller' for CMake config files
[1.535s] Level 1:colcon.colcon_core.shell:create_environment_hook('arm_controller', 'cmake_prefix_path')
[1.535s] INFO:colcon.colcon_core.shell:Creating environment hook '/home/electric/ros2_ws/install/arm_controller/share/arm_controller/hook/cmake_prefix_path.ps1'
[1.536s] INFO:colcon.colcon_core.shell:Creating environment descriptor '/home/electric/ros2_ws/install/arm_controller/share/arm_controller/hook/cmake_prefix_path.dsv'
[1.537s] INFO:colcon.colcon_core.shell:Creating environment hook '/home/electric/ros2_ws/install/arm_controller/share/arm_controller/hook/cmake_prefix_path.sh'
[1.537s] Level 1:colcon.colcon_core.environment:checking '/home/electric/ros2_ws/install/arm_controller/bin'
[1.538s] Level 1:colcon.colcon_core.environment:checking '/home/electric/ros2_ws/install/arm_controller/lib/pkgconfig/arm_controller.pc'
[1.538s] Level 1:colcon.colcon_core.environment:checking '/home/electric/ros2_ws/install/arm_controller/lib/python3.10/site-packages'
[1.538s] Level 1:colcon.colcon_core.environment:checking '/home/electric/ros2_ws/install/arm_controller/bin'
[1.539s] INFO:colcon.colcon_core.shell:Creating package script '/home/electric/ros2_ws/install/arm_controller/share/arm_controller/package.ps1'
[1.539s] INFO:colcon.colcon_core.shell:Creating package descriptor '/home/electric/ros2_ws/install/arm_controller/share/arm_controller/package.dsv'
[1.540s] INFO:colcon.colcon_core.shell:Creating package script '/home/electric/ros2_ws/install/arm_controller/share/arm_controller/package.sh'
[1.541s] INFO:colcon.colcon_core.shell:Creating package script '/home/electric/ros2_ws/install/arm_controller/share/arm_controller/package.bash'
[1.541s] INFO:colcon.colcon_core.shell:Creating package script '/home/electric/ros2_ws/install/arm_controller/share/arm_controller/package.zsh'
[1.542s] Level 1:colcon.colcon_core.environment:create_file_with_runtime_dependencies(/home/electric/ros2_ws/install/arm_controller/share/colcon-core/packages/arm_controller)
[1.543s] Level 1:colcon.colcon_core.environment:create_environment_scripts_only(arm_controller)
[1.543s] Level 1:colcon.colcon_core.environment:checking '/home/electric/ros2_ws/install/arm_controller' for CMake module files
[1.544s] Level 1:colcon.colcon_core.environment:checking '/home/electric/ros2_ws/install/arm_controller' for CMake config files
[1.544s] Level 1:colcon.colcon_core.shell:create_environment_hook('arm_controller', 'cmake_prefix_path')
[1.544s] INFO:colcon.colcon_core.shell:Creating environment hook '/home/electric/ros2_ws/install/arm_controller/share/arm_controller/hook/cmake_prefix_path.ps1'
[1.545s] INFO:colcon.colcon_core.shell:Creating environment descriptor '/home/electric/ros2_ws/install/arm_controller/share/arm_controller/hook/cmake_prefix_path.dsv'
[1.545s] INFO:colcon.colcon_core.shell:Creating environment hook '/home/electric/ros2_ws/install/arm_controller/share/arm_controller/hook/cmake_prefix_path.sh'
[1.545s] Level 1:colcon.colcon_core.environment:checking '/home/electric/ros2_ws/install/arm_controller/bin'
[1.546s] Level 1:colcon.colcon_core.environment:checking '/home/electric/ros2_ws/install/arm_controller/lib/pkgconfig/arm_controller.pc'
[1.546s] Level 1:colcon.colcon_core.environment:checking '/home/electric/ros2_ws/install/arm_controller/lib/python3.10/site-packages'
[1.546s] Level 1:colcon.colcon_core.environment:checking '/home/electric/ros2_ws/install/arm_controller/bin'
[1.546s] INFO:colcon.colcon_core.shell:Creating package script '/home/electric/ros2_ws/install/arm_controller/share/arm_controller/package.ps1'
[1.547s] INFO:colcon.colcon_core.shell:Creating package descriptor '/home/electric/ros2_ws/install/arm_controller/share/arm_controller/package.dsv'
[1.548s] INFO:colcon.colcon_core.shell:Creating package script '/home/electric/ros2_ws/install/arm_controller/share/arm_controller/package.sh'
[1.549s] INFO:colcon.colcon_core.shell:Creating package script '/home/electric/ros2_ws/install/arm_controller/share/arm_controller/package.bash'
[1.550s] INFO:colcon.colcon_core.shell:Creating package script '/home/electric/ros2_ws/install/arm_controller/share/arm_controller/package.zsh'
[1.550s] Level 1:colcon.colcon_core.environment:create_file_with_runtime_dependencies(/home/electric/ros2_ws/install/arm_controller/share/colcon-core/packages/arm_controller)
[2.058s] DEBUG:colcon.colcon_core.event_handler.log_command:Invoking command in '/home/electric/ros2_ws/src/arm_py': PYTHONPATH=/home/electric/ros2_ws/build/arm_py/prefix_override:/usr/lib/python3/dist-packages/colcon_core/task/python/colcon_distutils_commands:/home/electric/ros2_ws/install/arm_py/lib/python3.10/site-packages:${PYTHONPATH} /usr/bin/python3 -W ignore:setup.py install is deprecated -W ignore:easy_install command is deprecated setup.py egg_info --egg-base ../../build/arm_py build --build-base /home/electric/ros2_ws/build/arm_py/build install --record /home/electric/ros2_ws/build/arm_py/install.log --single-version-externally-managed install_data
[2.385s] Level 1:colcon.colcon_core.environment:checking '/home/electric/ros2_ws/install/arm_py' for CMake module files
[2.386s] DEBUG:colcon.colcon_core.event_handler.log_command:Invoked command in '/home/electric/ros2_ws/src/arm_py' returned '0': PYTHONPATH=/home/electric/ros2_ws/build/arm_py/prefix_override:/usr/lib/python3/dist-packages/colcon_core/task/python/colcon_distutils_commands:/home/electric/ros2_ws/install/arm_py/lib/python3.10/site-packages:${PYTHONPATH} /usr/bin/python3 -W ignore:setup.py install is deprecated -W ignore:easy_install command is deprecated setup.py egg_info --egg-base ../../build/arm_py build --build-base /home/electric/ros2_ws/build/arm_py/build install --record /home/electric/ros2_ws/build/arm_py/install.log --single-version-externally-managed install_data
[2.387s] Level 1:colcon.colcon_core.environment:checking '/home/electric/ros2_ws/install/arm_py' for CMake config files
[2.390s] Level 1:colcon.colcon_core.environment:checking '/home/electric/ros2_ws/install/arm_py/lib'
[2.390s] Level 1:colcon.colcon_core.environment:checking '/home/electric/ros2_ws/install/arm_py/bin'
[2.390s] Level 1:colcon.colcon_core.environment:checking '/home/electric/ros2_ws/install/arm_py/lib/pkgconfig/arm_py.pc'
[2.390s] Level 1:colcon.colcon_core.environment:checking '/home/electric/ros2_ws/install/arm_py/lib/python3.10/site-packages'
[2.390s] Level 1:colcon.colcon_core.shell:create_environment_hook('arm_py', 'pythonpath')
[2.390s] INFO:colcon.colcon_core.shell:Creating environment hook '/home/electric/ros2_ws/install/arm_py/share/arm_py/hook/pythonpath.ps1'
[2.391s] INFO:colcon.colcon_core.shell:Creating environment descriptor '/home/electric/ros2_ws/install/arm_py/share/arm_py/hook/pythonpath.dsv'
[2.391s] INFO:colcon.colcon_core.shell:Creating environment hook '/home/electric/ros2_ws/install/arm_py/share/arm_py/hook/pythonpath.sh'
[2.392s] Level 1:colcon.colcon_core.environment:checking '/home/electric/ros2_ws/install/arm_py/bin'
[2.392s] Level 1:colcon.colcon_core.environment:create_environment_scripts_only(arm_py)
[2.392s] INFO:colcon.colcon_core.shell:Creating package script '/home/electric/ros2_ws/install/arm_py/share/arm_py/package.ps1'
[2.393s] INFO:colcon.colcon_core.shell:Creating package descriptor '/home/electric/ros2_ws/install/arm_py/share/arm_py/package.dsv'
[2.394s] INFO:colcon.colcon_core.shell:Creating package script '/home/electric/ros2_ws/install/arm_py/share/arm_py/package.sh'
[2.395s] INFO:colcon.colcon_core.shell:Creating package script '/home/electric/ros2_ws/install/arm_py/share/arm_py/package.bash'
[2.395s] INFO:colcon.colcon_core.shell:Creating package script '/home/electric/ros2_ws/install/arm_py/share/arm_py/package.zsh'
[2.396s] Level 1:colcon.colcon_core.environment:create_file_with_runtime_dependencies(/home/electric/ros2_ws/install/arm_py/share/colcon-core/packages/arm_py)
[2.396s] DEBUG:colcon.colcon_parallel_executor.executor.parallel:closing loop
[2.397s] DEBUG:colcon.colcon_parallel_executor.executor.parallel:loop closed
[2.397s] DEBUG:colcon.colcon_parallel_executor.executor.parallel:run_until_complete finished with '0'
[2.397s] DEBUG:colcon.colcon_core.event_reactor:joining thread
[2.409s] INFO:colcon.colcon_core.plugin_system:Skipping extension 'colcon_notification.desktop_notification.notify_send': Could not find 'notify-send'
[2.410s] INFO:colcon.colcon_core.plugin_system:Skipping extension 'colcon_notification.desktop_notification.terminal_notifier': Not used on non-Darwin systems
[2.410s] INFO:colcon.colcon_core.plugin_system:Skipping extension 'colcon_notification.desktop_notification.win32': Not used on non-Windows systems
[2.410s] INFO:colcon.colcon_notification.desktop_notification:Sending desktop notification using 'notify2'
[2.484s] DEBUG:colcon.colcon_core.event_reactor:joined thread
[2.485s] INFO:colcon.colcon_core.shell:Creating prefix script '/home/electric/ros2_ws/install/local_setup.ps1'
[2.488s] INFO:colcon.colcon_core.shell:Creating prefix util module '/home/electric/ros2_ws/install/_local_setup_util_ps1.py'
[2.491s] INFO:colcon.colcon_core.shell:Creating prefix chain script '/home/electric/ros2_ws/install/setup.ps1'
[2.494s] INFO:colcon.colcon_core.shell:Creating prefix script '/home/electric/ros2_ws/install/local_setup.sh'
[2.496s] INFO:colcon.colcon_core.shell:Creating prefix util module '/home/electric/ros2_ws/install/_local_setup_util_sh.py'
[2.498s] INFO:colcon.colcon_core.shell:Creating prefix chain script '/home/electric/ros2_ws/install/setup.sh'
[2.502s] INFO:colcon.colcon_core.shell:Creating prefix script '/home/electric/ros2_ws/install/local_setup.bash'
[2.504s] INFO:colcon.colcon_core.shell:Creating prefix chain script '/home/electric/ros2_ws/install/setup.bash'
[2.506s] INFO:colcon.colcon_core.shell:Creating prefix script '/home/electric/ros2_ws/install/local_setup.zsh'
[2.508s] INFO:colcon.colcon_core.shell:Creating prefix chain script '/home/electric/ros2_ws/install/setup.zsh'
