[0.988s] Invoking command in '/home/electric/ros2_ws/src/arm_py': PYTHONPATH=/home/electric/ros2_ws/build/arm_py/prefix_override:/usr/lib/python3/dist-packages/colcon_core/task/python/colcon_distutils_commands:/home/electric/ros2_ws/install/arm_py/lib/python3.10/site-packages:${PYTHONPATH} /usr/bin/python3 -W ignore:setup.py install is deprecated -W ignore:easy_install command is deprecated setup.py egg_info --egg-base ../../build/arm_py build --build-base /home/electric/ros2_ws/build/arm_py/build install --record /home/electric/ros2_ws/build/arm_py/install.log --single-version-externally-managed install_data
[1.232s] running egg_info
[1.233s] writing ../../build/arm_py/arm_py.egg-info/PKG-INFO
[1.241s] writing dependency_links to ../../build/arm_py/arm_py.egg-info/dependency_links.txt
[1.241s] writing entry points to ../../build/arm_py/arm_py.egg-info/entry_points.txt
[1.242s] writing requirements to ../../build/arm_py/arm_py.egg-info/requires.txt
[1.242s] writing top-level names to ../../build/arm_py/arm_py.egg-info/top_level.txt
[1.244s] reading manifest file '../../build/arm_py/arm_py.egg-info/SOURCES.txt'
[1.245s] writing manifest file '../../build/arm_py/arm_py.egg-info/SOURCES.txt'
[1.246s] running build
[1.246s] running build_py
[1.246s] running install
[1.246s] running install_lib
[1.249s] running install_data
[1.249s] running install_egg_info
[1.250s] removing '/home/electric/ros2_ws/install/arm_py/lib/python3.10/site-packages/arm_py-0.0.0-py3.10.egg-info' (and everything under it)
[1.251s] Copying ../../build/arm_py/arm_py.egg-info to /home/electric/ros2_ws/install/arm_py/lib/python3.10/site-packages/arm_py-0.0.0-py3.10.egg-info
[1.252s] running install_scripts
[1.273s] writing list of installed files to '/home/electric/ros2_ws/build/arm_py/install.log'
[1.316s] Invoked command in '/home/electric/ros2_ws/src/arm_py' returned '0': PYTHONPATH=/home/electric/ros2_ws/build/arm_py/prefix_override:/usr/lib/python3/dist-packages/colcon_core/task/python/colcon_distutils_commands:/home/electric/ros2_ws/install/arm_py/lib/python3.10/site-packages:${PYTHONPATH} /usr/bin/python3 -W ignore:setup.py install is deprecated -W ignore:easy_install command is deprecated setup.py egg_info --egg-base ../../build/arm_py build --build-base /home/electric/ros2_ws/build/arm_py/build install --record /home/electric/ros2_ws/build/arm_py/install.log --single-version-externally-managed install_data
